[0.042s] Invoking command in '/home/jetson/Algorithms/comm_node/build/interface': CMAKE_PREFIX_PATH=/home/jetson/Algorithms/comm_node/install/comm_node:/opt/ros/foxy:${CMAKE_PREFIX_PATH} /usr/bin/cmake /home/jetson/Algorithms/comm_node/src/interface -DCMAKE_INSTALL_PREFIX=/home/jetson/Algorithms/comm_node/install/interface
[0.219s] -- The C compiler identification is GNU 9.4.0
[0.360s] -- The CXX compiler identification is GNU 9.4.0
[0.372s] -- Check for working C compiler: /usr/bin/cc
[0.664s] -- Check for working C compiler: /usr/bin/cc -- works
[0.667s] -- Detecting C compiler ABI info
[0.858s] -- Detecting C compiler ABI info - done
[0.878s] -- Detecting C compile features
[0.880s] -- Detecting C compile features - done
[0.885s] -- Check for working CXX compiler: /usr/bin/c++
[1.117s] -- Check for working CXX compiler: /usr/bin/c++ -- works
[1.120s] -- Detecting CXX compiler ABI info
[1.346s] -- Detecting CXX compiler ABI info - done
[1.373s] -- Detecting CXX compile features
[1.375s] -- Detecting CXX compile features - done
[1.384s] -- Found ament_cmake: 0.9.12 (/opt/ros/foxy/share/ament_cmake/cmake)
[1.455s] -- Found PythonInterp: /usr/bin/python3 (found suitable version "3.8.10", minimum required is "3") 
[1.456s] -- Using PYTHON_EXECUTABLE: /usr/bin/python3
[2.119s] -- Found rosidl_default_generators: 1.0.1 (/opt/ros/foxy/share/rosidl_default_generators/cmake)
[2.129s] -- Using all available rosidl_typesupport_c: rosidl_typesupport_fastrtps_c;rosidl_typesupport_introspection_c
[2.138s] -- Found rosidl_adapter: 1.3.1 (/opt/ros/foxy/share/rosidl_adapter/cmake)
[2.454s] -- Found OpenSSL: /usr/lib/aarch64-linux-gnu/libcrypto.so (found version "1.1.1f")  
[2.554s] -- Found FastRTPS: /opt/ros/foxy/include  
[2.770s] -- Using all available rosidl_typesupport_cpp: rosidl_typesupport_fastrtps_cpp;rosidl_typesupport_introspection_cpp
[2.827s] -- Found geometry_msgs: 2.0.5 (/opt/ros/foxy/share/geometry_msgs/cmake)
[3.052s] -- Found PythonInterp: /usr/bin/python3 (found version "3.8.10") 
[3.462s] -- Found ament_cmake_ros: 0.9.2 (/opt/ros/foxy/share/ament_cmake_ros/cmake)
[4.001s] -- Using all available rosidl_typesupport_c: rosidl_typesupport_fastrtps_c;rosidl_typesupport_introspection_c
[4.314s] -- Using all available rosidl_typesupport_cpp: rosidl_typesupport_fastrtps_cpp;rosidl_typesupport_introspection_cpp
[4.386s] -- Found PythonInterp: /usr/bin/python3 (found suitable version "3.8.10", minimum required is "3.5") 
[4.389s] -- Found python_cmake_module: 0.8.1 (/opt/ros/foxy/share/python_cmake_module/cmake)
[4.464s] -- Found PythonLibs: /usr/lib/aarch64-linux-gnu/libpython3.8.so (found suitable version "3.8.10", minimum required is "3.5") 
[4.465s] -- Using PYTHON_EXECUTABLE: /usr/bin/python3
[4.465s] -- Using PYTHON_INCLUDE_DIRS: /usr/include/python3.8
[4.465s] -- Using PYTHON_LIBRARIES: /usr/lib/aarch64-linux-gnu/libpython3.8.so
[4.520s] -- Found PythonExtra: .so  
[5.544s] -- Found ament_lint_auto: 0.9.8 (/opt/ros/foxy/share/ament_lint_auto/cmake)
[5.639s] -- Added test 'lint_cmake' to check CMake code style
[5.642s] -- Added test 'xmllint' to check XML markup files
[5.665s] -- Configuring done
[5.941s] -- Generating done
[5.991s] -- Build files have been written to: /home/jetson/Algorithms/comm_node/build/interface
[6.033s] Invoked command in '/home/jetson/Algorithms/comm_node/build/interface' returned '0': CMAKE_PREFIX_PATH=/home/jetson/Algorithms/comm_node/install/comm_node:/opt/ros/foxy:${CMAKE_PREFIX_PATH} /usr/bin/cmake /home/jetson/Algorithms/comm_node/src/interface -DCMAKE_INSTALL_PREFIX=/home/jetson/Algorithms/comm_node/install/interface
[6.036s] Invoking command in '/home/jetson/Algorithms/comm_node/build/interface': CMAKE_PREFIX_PATH=/home/jetson/Algorithms/comm_node/install/comm_node:/opt/ros/foxy:${CMAKE_PREFIX_PATH} /usr/bin/cmake --build /home/jetson/Algorithms/comm_node/build/interface -- -j6 -l6
[6.269s] [35m[1mScanning dependencies of target interface__cpp[0m
[6.331s] [  3%] [34m[1mGenerating C++ code for ROS interfaces[0m
[7.122s] [  3%] Built target interface__cpp
[7.158s] [  6%] [34m[1mGenerating C code for ROS interfaces[0m
[7.984s] [35m[1mScanning dependencies of target interface__rosidl_generator_c[0m
[8.032s] [  9%] [32mBuilding C object CMakeFiles/interface__rosidl_generator_c.dir/rosidl_generator_c/interface/msg/detail/autoaim_data__functions.c.o[0m
[8.201s] [ 12%] [32m[1mLinking C shared library libinterface__rosidl_generator_c.so[0m
[8.300s] [ 12%] Built target interface__rosidl_generator_c
[8.341s] [ 16%] [34m[1mGenerating C++ type support dispatch for ROS interfaces[0m
[8.859s] [35m[1mScanning dependencies of target interface__rosidl_typesupport_cpp[0m
[8.911s] [ 19%] [32mBuilding CXX object CMakeFiles/interface__rosidl_typesupport_cpp.dir/rosidl_typesupport_cpp/interface/msg/autoaim_data__type_support.cpp.o[0m
[9.752s] [ 22%] [32m[1mLinking CXX shared library libinterface__rosidl_typesupport_cpp.so[0m
[9.852s] [ 22%] Built target interface__rosidl_typesupport_cpp
[9.881s] [ 25%] [34m[1mGenerating C type support dispatch for ROS interfaces[0m
[10.308s] [35m[1mScanning dependencies of target interface__rosidl_typesupport_c[0m
[10.338s] [ 29%] [32mBuilding CXX object CMakeFiles/interface__rosidl_typesupport_c.dir/rosidl_typesupport_c/interface/msg/autoaim_data__type_support.cpp.o[0m
[10.420s] [ 32%] [32m[1mLinking CXX shared library libinterface__rosidl_typesupport_c.so[0m
[10.518s] [ 32%] Built target interface__rosidl_typesupport_c
[10.547s] [ 35%] [34m[1mGenerating C introspection for ROS interfaces[0m
[11.064s] [35m[1mScanning dependencies of target interface__rosidl_typesupport_introspection_c[0m
[11.100s] [ 38%] [32mBuilding C object CMakeFiles/interface__rosidl_typesupport_introspection_c.dir/rosidl_typesupport_introspection_c/interface/msg/detail/autoaim_data__type_support.c.o[0m
[11.226s] [ 41%] [32m[1mLinking C shared library libinterface__rosidl_typesupport_introspection_c.so[0m
[11.329s] [ 41%] Built target interface__rosidl_typesupport_introspection_c
[11.365s] [ 45%] [34m[1mGenerating C++ type support for eProsima Fast-RTPS[0m
[11.874s] [35m[1mScanning dependencies of target interface__rosidl_typesupport_fastrtps_cpp[0m
[11.922s] [ 48%] [32mBuilding CXX object CMakeFiles/interface__rosidl_typesupport_fastrtps_cpp.dir/rosidl_typesupport_fastrtps_cpp/interface/msg/detail/dds_fastrtps/autoaim_data__type_support.cpp.o[0m
[12.978s] [ 51%] [32m[1mLinking CXX shared library libinterface__rosidl_typesupport_fastrtps_cpp.so[0m
[13.244s] [ 51%] Built target interface__rosidl_typesupport_fastrtps_cpp
[13.289s] [ 54%] [34m[1mGenerating C++ introspection for ROS interfaces[0m
[13.802s] [35m[1mScanning dependencies of target interface__rosidl_typesupport_introspection_cpp[0m
[13.859s] [ 58%] [32mBuilding CXX object CMakeFiles/interface__rosidl_typesupport_introspection_cpp.dir/rosidl_typesupport_introspection_cpp/interface/msg/detail/autoaim_data__type_support.cpp.o[0m
[14.714s] [ 61%] [32m[1mLinking CXX shared library libinterface__rosidl_typesupport_introspection_cpp.so[0m
[14.824s] [ 61%] Built target interface__rosidl_typesupport_introspection_cpp
[14.857s] [ 64%] [34m[1mGenerating C type support for eProsima Fast-RTPS[0m
[15.399s] [35m[1mScanning dependencies of target interface__rosidl_typesupport_fastrtps_c[0m
[15.444s] [ 67%] [32mBuilding CXX object CMakeFiles/interface__rosidl_typesupport_fastrtps_c.dir/rosidl_typesupport_fastrtps_c/interface/msg/detail/autoaim_data__type_support_c.cpp.o[0m
[16.318s] [ 70%] [32m[1mLinking CXX shared library libinterface__rosidl_typesupport_fastrtps_c.so[0m
[16.674s] [ 70%] Built target interface__rosidl_typesupport_fastrtps_c
[16.701s] [35m[1mScanning dependencies of target interface[0m
[16.738s] [ 70%] Built target interface
[16.771s] [35m[1mScanning dependencies of target interface__py[0m
[16.806s] [ 74%] [34m[1mGenerating Python code for ROS interfaces[0m
[17.931s] [ 74%] Built target interface__py
[17.957s] [35m[1mScanning dependencies of target interface__python[0m
[18.061s] [ 77%] [32mBuilding C object CMakeFiles/interface__python.dir/rosidl_generator_py/interface/msg/_autoaim_data_s.c.o[0m
[18.325s] [ 80%] [32m[1mLinking C shared library rosidl_generator_py/interface/libinterface__python.so[0m
[18.432s] [ 80%] Built target interface__python
[18.464s] [35m[1mScanning dependencies of target interface__rosidl_typesupport_c__pyext[0m
[18.567s] [ 83%] [32mBuilding C object CMakeFiles/interface__rosidl_typesupport_c__pyext.dir/rosidl_generator_py/interface/_interface_s.ep.rosidl_typesupport_c.c.o[0m
[18.754s] [ 87%] [32m[1mLinking C shared library rosidl_generator_py/interface/interface_s__rosidl_typesupport_c.cpython-38-aarch64-linux-gnu.so[0m
[18.853s] [ 87%] Built target interface__rosidl_typesupport_c__pyext
[18.895s] [35m[1mScanning dependencies of target interface__rosidl_typesupport_fastrtps_c__pyext[0m
[18.953s] [ 90%] [32mBuilding C object CMakeFiles/interface__rosidl_typesupport_fastrtps_c__pyext.dir/rosidl_generator_py/interface/_interface_s.ep.rosidl_typesupport_fastrtps_c.c.o[0m
[19.198s] [ 93%] [32m[1mLinking CXX shared library rosidl_generator_py/interface/interface_s__rosidl_typesupport_fastrtps_c.cpython-38-aarch64-linux-gnu.so[0m
[19.400s] [ 93%] Built target interface__rosidl_typesupport_fastrtps_c__pyext
[19.446s] [35m[1mScanning dependencies of target interface__rosidl_typesupport_introspection_c__pyext[0m
[19.517s] [ 96%] [32mBuilding C object CMakeFiles/interface__rosidl_typesupport_introspection_c__pyext.dir/rosidl_generator_py/interface/_interface_s.ep.rosidl_typesupport_introspection_c.c.o[0m
[19.737s] [100%] [32m[1mLinking C shared library rosidl_generator_py/interface/interface_s__rosidl_typesupport_introspection_c.cpython-38-aarch64-linux-gnu.so[0m
[19.872s] [100%] Built target interface__rosidl_typesupport_introspection_c__pyext
[19.903s] Invoked command in '/home/jetson/Algorithms/comm_node/build/interface' returned '0': CMAKE_PREFIX_PATH=/home/jetson/Algorithms/comm_node/install/comm_node:/opt/ros/foxy:${CMAKE_PREFIX_PATH} /usr/bin/cmake --build /home/jetson/Algorithms/comm_node/build/interface -- -j6 -l6
[19.944s] Invoking command in '/home/jetson/Algorithms/comm_node/build/interface': CMAKE_PREFIX_PATH=/home/jetson/Algorithms/comm_node/install/comm_node:/opt/ros/foxy:${CMAKE_PREFIX_PATH} /usr/bin/cmake --install /home/jetson/Algorithms/comm_node/build/interface
[19.968s] -- Install configuration: ""
[19.970s] -- Installing: /home/jetson/Algorithms/comm_node/install/interface/share/ament_index/resource_index/rosidl_interfaces/interface
[19.971s] -- Installing: /home/jetson/Algorithms/comm_node/install/interface/include/interface
[19.972s] -- Installing: /home/jetson/Algorithms/comm_node/install/interface/include/interface/msg
[19.972s] -- Installing: /home/jetson/Algorithms/comm_node/install/interface/include/interface/msg/rosidl_generator_c__visibility_control.h
[19.973s] -- Installing: /home/jetson/Algorithms/comm_node/install/interface/include/interface/msg/detail
[19.973s] -- Installing: /home/jetson/Algorithms/comm_node/install/interface/include/interface/msg/detail/autoaim_data__functions.h
[19.974s] -- Installing: /home/jetson/Algorithms/comm_node/install/interface/include/interface/msg/detail/autoaim_data__struct.h
[19.975s] -- Installing: /home/jetson/Algorithms/comm_node/install/interface/include/interface/msg/detail/autoaim_data__functions.c
[19.975s] -- Installing: /home/jetson/Algorithms/comm_node/install/interface/include/interface/msg/detail/autoaim_data__type_support.h
[19.976s] -- Installing: /home/jetson/Algorithms/comm_node/install/interface/include/interface/msg/autoaim_data.h
[19.977s] -- Installing: /home/jetson/Algorithms/comm_node/install/interface/share/interface/environment/library_path.sh
[19.977s] -- Installing: /home/jetson/Algorithms/comm_node/install/interface/share/interface/environment/library_path.dsv
[19.978s] -- Installing: /home/jetson/Algorithms/comm_node/install/interface/lib/libinterface__rosidl_generator_c.so
[19.979s] -- Set runtime path of "/home/jetson/Algorithms/comm_node/install/interface/lib/libinterface__rosidl_generator_c.so" to ""
[19.980s] -- Up-to-date: /home/jetson/Algorithms/comm_node/install/interface/include/interface
[19.980s] -- Up-to-date: /home/jetson/Algorithms/comm_node/install/interface/include/interface/msg
[19.980s] -- Installing: /home/jetson/Algorithms/comm_node/install/interface/include/interface/msg/rosidl_typesupport_fastrtps_c__visibility_control.h
[19.983s] -- Up-to-date: /home/jetson/Algorithms/comm_node/install/interface/include/interface/msg/detail
[19.983s] -- Installing: /home/jetson/Algorithms/comm_node/install/interface/include/interface/msg/detail/autoaim_data__rosidl_typesupport_fastrtps_c.h
[19.984s] -- Installing: /home/jetson/Algorithms/comm_node/install/interface/lib/libinterface__rosidl_typesupport_fastrtps_c.so
[19.984s] -- Set runtime path of "/home/jetson/Algorithms/comm_node/install/interface/lib/libinterface__rosidl_typesupport_fastrtps_c.so" to ""
[19.984s] -- Up-to-date: /home/jetson/Algorithms/comm_node/install/interface/include/interface
[19.984s] -- Up-to-date: /home/jetson/Algorithms/comm_node/install/interface/include/interface/msg
[19.985s] -- Installing: /home/jetson/Algorithms/comm_node/install/interface/include/interface/msg/rosidl_typesupport_fastrtps_cpp__visibility_control.h
[19.985s] -- Up-to-date: /home/jetson/Algorithms/comm_node/install/interface/include/interface/msg/detail
[19.985s] -- Installing: /home/jetson/Algorithms/comm_node/install/interface/include/interface/msg/detail/dds_fastrtps
[19.985s] -- Installing: /home/jetson/Algorithms/comm_node/install/interface/include/interface/msg/detail/autoaim_data__rosidl_typesupport_fastrtps_cpp.hpp
[19.986s] -- Installing: /home/jetson/Algorithms/comm_node/install/interface/lib/libinterface__rosidl_typesupport_fastrtps_cpp.so
[19.986s] -- Set runtime path of "/home/jetson/Algorithms/comm_node/install/interface/lib/libinterface__rosidl_typesupport_fastrtps_cpp.so" to ""
[19.986s] -- Up-to-date: /home/jetson/Algorithms/comm_node/install/interface/include/interface
[19.986s] -- Up-to-date: /home/jetson/Algorithms/comm_node/install/interface/include/interface/msg
[19.986s] -- Up-to-date: /home/jetson/Algorithms/comm_node/install/interface/include/interface/msg/detail
[19.986s] -- Installing: /home/jetson/Algorithms/comm_node/install/interface/include/interface/msg/detail/autoaim_data__rosidl_typesupport_introspection_c.h
[19.987s] -- Installing: /home/jetson/Algorithms/comm_node/install/interface/include/interface/msg/detail/autoaim_data__type_support.c
[19.987s] -- Installing: /home/jetson/Algorithms/comm_node/install/interface/include/interface/msg/rosidl_typesupport_introspection_c__visibility_control.h
[19.987s] -- Installing: /home/jetson/Algorithms/comm_node/install/interface/lib/libinterface__rosidl_typesupport_introspection_c.so
[19.987s] -- Set runtime path of "/home/jetson/Algorithms/comm_node/install/interface/lib/libinterface__rosidl_typesupport_introspection_c.so" to ""
[19.988s] -- Installing: /home/jetson/Algorithms/comm_node/install/interface/lib/libinterface__rosidl_typesupport_c.so
[19.988s] -- Set runtime path of "/home/jetson/Algorithms/comm_node/install/interface/lib/libinterface__rosidl_typesupport_c.so" to ""
[19.989s] -- Up-to-date: /home/jetson/Algorithms/comm_node/install/interface/include/interface
[19.989s] -- Up-to-date: /home/jetson/Algorithms/comm_node/install/interface/include/interface/msg
[19.989s] -- Up-to-date: /home/jetson/Algorithms/comm_node/install/interface/include/interface/msg/detail
[19.990s] -- Installing: /home/jetson/Algorithms/comm_node/install/interface/include/interface/msg/detail/autoaim_data__builder.hpp
[19.990s] -- Installing: /home/jetson/Algorithms/comm_node/install/interface/include/interface/msg/detail/autoaim_data__struct.hpp
[19.990s] -- Installing: /home/jetson/Algorithms/comm_node/install/interface/include/interface/msg/detail/autoaim_data__traits.hpp
[19.990s] -- Installing: /home/jetson/Algorithms/comm_node/install/interface/include/interface/msg/detail/autoaim_data__type_support.hpp
[19.991s] -- Installing: /home/jetson/Algorithms/comm_node/install/interface/include/interface/msg/autoaim_data.hpp
[19.991s] -- Installing: /home/jetson/Algorithms/comm_node/install/interface/include/interface/msg/rosidl_generator_cpp__visibility_control.hpp
[19.991s] -- Up-to-date: /home/jetson/Algorithms/comm_node/install/interface/include/interface
[19.991s] -- Up-to-date: /home/jetson/Algorithms/comm_node/install/interface/include/interface/msg
[19.991s] -- Up-to-date: /home/jetson/Algorithms/comm_node/install/interface/include/interface/msg/detail
[19.991s] -- Installing: /home/jetson/Algorithms/comm_node/install/interface/include/interface/msg/detail/autoaim_data__rosidl_typesupport_introspection_cpp.hpp
[19.992s] -- Installing: /home/jetson/Algorithms/comm_node/install/interface/include/interface/msg/detail/autoaim_data__type_support.cpp
[19.992s] -- Installing: /home/jetson/Algorithms/comm_node/install/interface/lib/libinterface__rosidl_typesupport_introspection_cpp.so
[19.992s] -- Set runtime path of "/home/jetson/Algorithms/comm_node/install/interface/lib/libinterface__rosidl_typesupport_introspection_cpp.so" to ""
[19.992s] -- Installing: /home/jetson/Algorithms/comm_node/install/interface/lib/libinterface__rosidl_typesupport_cpp.so
[19.993s] -- Set runtime path of "/home/jetson/Algorithms/comm_node/install/interface/lib/libinterface__rosidl_typesupport_cpp.so" to ""
[19.993s] -- Installing: /home/jetson/Algorithms/comm_node/install/interface/share/interface/environment/pythonpath.sh
[19.993s] -- Installing: /home/jetson/Algorithms/comm_node/install/interface/share/interface/environment/pythonpath.dsv
[19.994s] -- Installing: /home/jetson/Algorithms/comm_node/install/interface/lib/python3.8/site-packages/interface/__init__.py
[20.089s] Compiling '/home/jetson/Algorithms/comm_node/install/interface/lib/python3.8/site-packages/interface/__init__.py'...
[20.101s] -- Installing: /home/jetson/Algorithms/comm_node/install/interface/lib/python3.8/site-packages/interface/msg
[20.101s] -- Installing: /home/jetson/Algorithms/comm_node/install/interface/lib/python3.8/site-packages/interface/msg/_autoaim_data_s.c
[20.101s] -- Installing: /home/jetson/Algorithms/comm_node/install/interface/lib/python3.8/site-packages/interface/msg/_autoaim_data.py
[20.101s] -- Installing: /home/jetson/Algorithms/comm_node/install/interface/lib/python3.8/site-packages/interface/msg/__init__.py
[20.103s] -- Installing: /home/jetson/Algorithms/comm_node/install/interface/lib/python3.8/site-packages/interface/interface_s__rosidl_typesupport_fastrtps_c.cpython-38-aarch64-linux-gnu.so
[20.103s] -- Set runtime path of "/home/jetson/Algorithms/comm_node/install/interface/lib/python3.8/site-packages/interface/interface_s__rosidl_typesupport_fastrtps_c.cpython-38-aarch64-linux-gnu.so" to ""
[20.104s] -- Installing: /home/jetson/Algorithms/comm_node/install/interface/lib/python3.8/site-packages/interface/interface_s__rosidl_typesupport_introspection_c.cpython-38-aarch64-linux-gnu.so
[20.106s] -- Set runtime path of "/home/jetson/Algorithms/comm_node/install/interface/lib/python3.8/site-packages/interface/interface_s__rosidl_typesupport_introspection_c.cpython-38-aarch64-linux-gnu.so" to ""
[20.106s] -- Installing: /home/jetson/Algorithms/comm_node/install/interface/lib/python3.8/site-packages/interface/interface_s__rosidl_typesupport_c.cpython-38-aarch64-linux-gnu.so
[20.109s] -- Set runtime path of "/home/jetson/Algorithms/comm_node/install/interface/lib/python3.8/site-packages/interface/interface_s__rosidl_typesupport_c.cpython-38-aarch64-linux-gnu.so" to ""
[20.110s] -- Installing: /home/jetson/Algorithms/comm_node/install/interface/lib/libinterface__python.so
[20.110s] -- Set runtime path of "/home/jetson/Algorithms/comm_node/install/interface/lib/libinterface__python.so" to ""
[20.111s] -- Installing: /home/jetson/Algorithms/comm_node/install/interface/share/interface/msg/AutoaimData.idl
[20.112s] -- Installing: /home/jetson/Algorithms/comm_node/install/interface/share/interface/msg/AutoaimData.msg
[20.112s] -- Installing: /home/jetson/Algorithms/comm_node/install/interface/share/ament_index/resource_index/package_run_dependencies/interface
[20.112s] -- Installing: /home/jetson/Algorithms/comm_node/install/interface/share/ament_index/resource_index/parent_prefix_path/interface
[20.113s] -- Installing: /home/jetson/Algorithms/comm_node/install/interface/share/interface/environment/ament_prefix_path.sh
[20.113s] -- Installing: /home/jetson/Algorithms/comm_node/install/interface/share/interface/environment/ament_prefix_path.dsv
[20.114s] -- Installing: /home/jetson/Algorithms/comm_node/install/interface/share/interface/environment/path.sh
[20.114s] -- Installing: /home/jetson/Algorithms/comm_node/install/interface/share/interface/environment/path.dsv
[20.114s] -- Installing: /home/jetson/Algorithms/comm_node/install/interface/share/interface/local_setup.bash
[20.114s] -- Installing: /home/jetson/Algorithms/comm_node/install/interface/share/interface/local_setup.sh
[20.115s] -- Installing: /home/jetson/Algorithms/comm_node/install/interface/share/interface/local_setup.zsh
[20.115s] -- Installing: /home/jetson/Algorithms/comm_node/install/interface/share/interface/local_setup.dsv
[20.116s] -- Installing: /home/jetson/Algorithms/comm_node/install/interface/share/interface/package.dsv
[20.117s] -- Installing: /home/jetson/Algorithms/comm_node/install/interface/share/ament_index/resource_index/packages/interface
[20.119s] -- Installing: /home/jetson/Algorithms/comm_node/install/interface/share/interface/cmake/interface__rosidl_generator_cExport.cmake
[20.120s] -- Installing: /home/jetson/Algorithms/comm_node/install/interface/share/interface/cmake/interface__rosidl_generator_cExport-noconfig.cmake
[20.121s] -- Installing: /home/jetson/Algorithms/comm_node/install/interface/share/interface/cmake/interface__rosidl_typesupport_introspection_cExport.cmake
[20.121s] -- Installing: /home/jetson/Algorithms/comm_node/install/interface/share/interface/cmake/interface__rosidl_typesupport_introspection_cExport-noconfig.cmake
[20.121s] -- Installing: /home/jetson/Algorithms/comm_node/install/interface/share/interface/cmake/interface__rosidl_typesupport_cExport.cmake
[20.122s] -- Installing: /home/jetson/Algorithms/comm_node/install/interface/share/interface/cmake/interface__rosidl_typesupport_cExport-noconfig.cmake
[20.122s] -- Installing: /home/jetson/Algorithms/comm_node/install/interface/share/interface/cmake/interface__rosidl_generator_cppExport.cmake
[20.123s] -- Installing: /home/jetson/Algorithms/comm_node/install/interface/share/interface/cmake/interface__rosidl_typesupport_introspection_cppExport.cmake
[20.124s] -- Installing: /home/jetson/Algorithms/comm_node/install/interface/share/interface/cmake/interface__rosidl_typesupport_introspection_cppExport-noconfig.cmake
[20.124s] -- Installing: /home/jetson/Algorithms/comm_node/install/interface/share/interface/cmake/interface__rosidl_typesupport_cppExport.cmake
[20.124s] -- Installing: /home/jetson/Algorithms/comm_node/install/interface/share/interface/cmake/interface__rosidl_typesupport_cppExport-noconfig.cmake
[20.125s] -- Installing: /home/jetson/Algorithms/comm_node/install/interface/share/interface/cmake/rosidl_cmake-extras.cmake
[20.125s] -- Installing: /home/jetson/Algorithms/comm_node/install/interface/share/interface/cmake/ament_cmake_export_dependencies-extras.cmake
[20.127s] -- Installing: /home/jetson/Algorithms/comm_node/install/interface/share/interface/cmake/ament_cmake_export_libraries-extras.cmake
[20.127s] -- Installing: /home/jetson/Algorithms/comm_node/install/interface/share/interface/cmake/ament_cmake_export_targets-extras.cmake
[20.127s] -- Installing: /home/jetson/Algorithms/comm_node/install/interface/share/interface/cmake/ament_cmake_export_include_directories-extras.cmake
[20.128s] -- Installing: /home/jetson/Algorithms/comm_node/install/interface/share/interface/cmake/rosidl_cmake_export_typesupport_libraries-extras.cmake
[20.129s] -- Installing: /home/jetson/Algorithms/comm_node/install/interface/share/interface/cmake/rosidl_cmake_export_typesupport_targets-extras.cmake
[20.129s] -- Installing: /home/jetson/Algorithms/comm_node/install/interface/share/interface/cmake/interfaceConfig.cmake
[20.130s] -- Installing: /home/jetson/Algorithms/comm_node/install/interface/share/interface/cmake/interfaceConfig-version.cmake
[20.130s] -- Installing: /home/jetson/Algorithms/comm_node/install/interface/share/interface/package.xml
[20.141s] Invoked command in '/home/jetson/Algorithms/comm_node/build/interface' returned '0': CMAKE_PREFIX_PATH=/home/jetson/Algorithms/comm_node/install/comm_node:/opt/ros/foxy:${CMAKE_PREFIX_PATH} /usr/bin/cmake --install /home/jetson/Algorithms/comm_node/build/interface
