[0.086s] DEBUG:colcon:Command line arguments: ['/usr/bin/colcon', 'build']
[0.086s] DEBUG:colcon:Parsed command line arguments: Namespace(log_base=None, log_level=None, verb_name='build', build_base='build', install_base='install', merge_install=False, symlink_install=False, test_result_base=None, continue_on_error=False, executor='parallel', parallel_workers=6, event_handlers=None, ignore_user_meta=False, metas=['./colcon.meta'], base_paths=['.'], packages_ignore=None, packages_ignore_regex=None, paths=None, packages_up_to=None, packages_up_to_regex=None, packages_above=None, packages_above_and_dependencies=None, packages_above_depth=None, packages_select_by_dep=None, packages_skip_by_dep=None, packages_skip_up_to=None, packages_select_build_failed=False, packages_skip_build_finished=False, packages_select_test_failures=False, packages_skip_test_passed=False, packages_select=None, packages_skip=None, packages_select_regex=None, packages_skip_regex=None, packages_start=None, packages_end=None, allow_overriding=[], cmake_args=None, cmake_target=None, cmake_target_skip_unavailable=False, cmake_clean_cache=False, cmake_clean_first=False, cmake_force_configure=False, ament_cmake_args=None, catkin_cmake_args=None, catkin_skip_building_tests=False, verb_parser=<colcon_defaults.argument_parser.defaults.DefaultArgumentsDecorator object at 0x7acb77428190>, verb_extension=<colcon_core.verb.build.BuildVerb object at 0x7acb775b1990>, main=<bound method BuildVerb.main of <colcon_core.verb.build.BuildVerb object at 0x7acb775b1990>>)
[0.209s] Level 1:colcon.colcon_core.package_discovery:discover_packages(colcon_meta) check parameters
[0.209s] Level 1:colcon.colcon_core.package_discovery:discover_packages(recursive) check parameters
[0.209s] Level 1:colcon.colcon_core.package_discovery:discover_packages(ignore) check parameters
[0.209s] Level 1:colcon.colcon_core.package_discovery:discover_packages(path) check parameters
[0.209s] Level 1:colcon.colcon_core.package_discovery:discover_packages(colcon_meta) discover
[0.209s] Level 1:colcon.colcon_core.package_discovery:discover_packages(recursive) discover
[0.209s] INFO:colcon.colcon_core.package_discovery:Crawling recursively for packages in '/home/amwhisper/ros/workspace/comm_ws'
[0.210s] Level 1:colcon.colcon_core.package_identification:_identify(.) by extensions ['ignore', 'ignore_ament_install']
[0.210s] Level 1:colcon.colcon_core.package_identification:_identify(.) by extension 'ignore'
[0.210s] Level 1:colcon.colcon_core.package_identification:_identify(.) by extension 'ignore_ament_install'
[0.210s] Level 1:colcon.colcon_core.package_identification:_identify(.) by extensions ['colcon_pkg']
[0.210s] Level 1:colcon.colcon_core.package_identification:_identify(.) by extension 'colcon_pkg'
[0.210s] Level 1:colcon.colcon_core.package_identification:_identify(.) by extensions ['colcon_meta']
[0.210s] Level 1:colcon.colcon_core.package_identification:_identify(.) by extension 'colcon_meta'
[0.210s] Level 1:colcon.colcon_core.package_identification:_identify(.) by extensions ['ros']
[0.210s] Level 1:colcon.colcon_core.package_identification:_identify(.) by extension 'ros'
[0.220s] Level 1:colcon.colcon_core.package_identification:_identify(.) by extensions ['cmake', 'python']
[0.220s] Level 1:colcon.colcon_core.package_identification:_identify(.) by extension 'cmake'
[0.220s] Level 1:colcon.colcon_core.package_identification:_identify(.) by extension 'python'
[0.220s] Level 1:colcon.colcon_core.package_identification:_identify(.) by extensions ['python_setup_py']
[0.220s] Level 1:colcon.colcon_core.package_identification:_identify(.) by extension 'python_setup_py'
[0.220s] Level 1:colcon.colcon_core.package_identification:_identify(build) by extensions ['ignore', 'ignore_ament_install']
[0.220s] Level 1:colcon.colcon_core.package_identification:_identify(build) by extension 'ignore'
[0.220s] Level 1:colcon.colcon_core.package_identification:_identify(build) ignored
[0.220s] Level 1:colcon.colcon_core.package_identification:_identify(install) by extensions ['ignore', 'ignore_ament_install']
[0.220s] Level 1:colcon.colcon_core.package_identification:_identify(install) by extension 'ignore'
[0.220s] Level 1:colcon.colcon_core.package_identification:_identify(install) ignored
[0.221s] Level 1:colcon.colcon_core.package_identification:_identify(log) by extensions ['ignore', 'ignore_ament_install']
[0.221s] Level 1:colcon.colcon_core.package_identification:_identify(log) by extension 'ignore'
[0.221s] Level 1:colcon.colcon_core.package_identification:_identify(log) ignored
[0.221s] Level 1:colcon.colcon_core.package_identification:_identify(src) by extensions ['ignore', 'ignore_ament_install']
[0.221s] Level 1:colcon.colcon_core.package_identification:_identify(src) by extension 'ignore'
[0.221s] Level 1:colcon.colcon_core.package_identification:_identify(src) by extension 'ignore_ament_install'
[0.221s] Level 1:colcon.colcon_core.package_identification:_identify(src) by extensions ['colcon_pkg']
[0.221s] Level 1:colcon.colcon_core.package_identification:_identify(src) by extension 'colcon_pkg'
[0.222s] Level 1:colcon.colcon_core.package_identification:_identify(src) by extensions ['colcon_meta']
[0.222s] Level 1:colcon.colcon_core.package_identification:_identify(src) by extension 'colcon_meta'
[0.222s] Level 1:colcon.colcon_core.package_identification:_identify(src) by extensions ['ros']
[0.222s] Level 1:colcon.colcon_core.package_identification:_identify(src) by extension 'ros'
[0.222s] Level 1:colcon.colcon_core.package_identification:_identify(src) by extensions ['cmake', 'python']
[0.222s] Level 1:colcon.colcon_core.package_identification:_identify(src) by extension 'cmake'
[0.222s] Level 1:colcon.colcon_core.package_identification:_identify(src) by extension 'python'
[0.222s] Level 1:colcon.colcon_core.package_identification:_identify(src) by extensions ['python_setup_py']
[0.222s] Level 1:colcon.colcon_core.package_identification:_identify(src) by extension 'python_setup_py'
[0.222s] Level 1:colcon.colcon_core.package_identification:_identify(src/comm_node) by extensions ['ignore', 'ignore_ament_install']
[0.222s] Level 1:colcon.colcon_core.package_identification:_identify(src/comm_node) by extension 'ignore'
[0.222s] Level 1:colcon.colcon_core.package_identification:_identify(src/comm_node) by extension 'ignore_ament_install'
[0.222s] Level 1:colcon.colcon_core.package_identification:_identify(src/comm_node) by extensions ['colcon_pkg']
[0.222s] Level 1:colcon.colcon_core.package_identification:_identify(src/comm_node) by extension 'colcon_pkg'
[0.222s] Level 1:colcon.colcon_core.package_identification:_identify(src/comm_node) by extensions ['colcon_meta']
[0.222s] Level 1:colcon.colcon_core.package_identification:_identify(src/comm_node) by extension 'colcon_meta'
[0.222s] Level 1:colcon.colcon_core.package_identification:_identify(src/comm_node) by extensions ['ros']
[0.222s] Level 1:colcon.colcon_core.package_identification:_identify(src/comm_node) by extension 'ros'
[0.224s] DEBUG:colcon.colcon_core.package_identification:Package 'src/comm_node' with type 'ros.ament_python' and name 'comm_node'
[0.224s] Level 1:colcon.colcon_core.package_identification:_identify(src/interface) by extensions ['ignore', 'ignore_ament_install']
[0.224s] Level 1:colcon.colcon_core.package_identification:_identify(src/interface) by extension 'ignore'
[0.224s] Level 1:colcon.colcon_core.package_identification:_identify(src/interface) by extension 'ignore_ament_install'
[0.225s] Level 1:colcon.colcon_core.package_identification:_identify(src/interface) by extensions ['colcon_pkg']
[0.225s] Level 1:colcon.colcon_core.package_identification:_identify(src/interface) by extension 'colcon_pkg'
[0.225s] Level 1:colcon.colcon_core.package_identification:_identify(src/interface) by extensions ['colcon_meta']
[0.225s] Level 1:colcon.colcon_core.package_identification:_identify(src/interface) by extension 'colcon_meta'
[0.225s] Level 1:colcon.colcon_core.package_identification:_identify(src/interface) by extensions ['ros']
[0.225s] Level 1:colcon.colcon_core.package_identification:_identify(src/interface) by extension 'ros'
[0.225s] DEBUG:colcon.colcon_core.package_identification:Package 'src/interface' with type 'ros.ament_cmake' and name 'interface'
[0.225s] Level 1:colcon.colcon_core.package_identification:_identify(src/test_data) by extensions ['ignore', 'ignore_ament_install']
[0.226s] Level 1:colcon.colcon_core.package_identification:_identify(src/test_data) by extension 'ignore'
[0.226s] Level 1:colcon.colcon_core.package_identification:_identify(src/test_data) by extension 'ignore_ament_install'
[0.226s] Level 1:colcon.colcon_core.package_identification:_identify(src/test_data) by extensions ['colcon_pkg']
[0.226s] Level 1:colcon.colcon_core.package_identification:_identify(src/test_data) by extension 'colcon_pkg'
[0.226s] Level 1:colcon.colcon_core.package_identification:_identify(src/test_data) by extensions ['colcon_meta']
[0.226s] Level 1:colcon.colcon_core.package_identification:_identify(src/test_data) by extension 'colcon_meta'
[0.226s] Level 1:colcon.colcon_core.package_identification:_identify(src/test_data) by extensions ['ros']
[0.226s] Level 1:colcon.colcon_core.package_identification:_identify(src/test_data) by extension 'ros'
[0.226s] DEBUG:colcon.colcon_core.package_identification:Package 'src/test_data' with type 'ros.ament_python' and name 'test_data'
[0.226s] Level 1:colcon.colcon_core.package_discovery:discover_packages(recursive) using defaults
[0.226s] Level 1:colcon.colcon_core.package_discovery:discover_packages(ignore) discover
[0.226s] Level 1:colcon.colcon_core.package_discovery:discover_packages(ignore) using defaults
[0.226s] Level 1:colcon.colcon_core.package_discovery:discover_packages(path) discover
[0.226s] Level 1:colcon.colcon_core.package_discovery:discover_packages(path) using defaults
[0.243s] Level 1:colcon.colcon_core.package_discovery:discover_packages(prefix_path) check parameters
[0.243s] Level 1:colcon.colcon_core.package_discovery:discover_packages(prefix_path) discover
[0.245s] DEBUG:colcon.colcon_installed_package_information.package_discovery:Found 3 installed packages in /home/amwhisper/ros/workspace/comm_ws/install
[0.246s] DEBUG:colcon.colcon_installed_package_information.package_discovery:Found 270 installed packages in /opt/ros/humble
[0.247s] Level 1:colcon.colcon_core.package_discovery:discover_packages(prefix_path) using defaults
[0.281s] Level 5:colcon.colcon_core.verb:set package 'interface' build argument 'cmake_args' from command line to 'None'
[0.281s] Level 5:colcon.colcon_core.verb:set package 'interface' build argument 'cmake_target' from command line to 'None'
[0.282s] Level 5:colcon.colcon_core.verb:set package 'interface' build argument 'cmake_target_skip_unavailable' from command line to 'False'
[0.282s] Level 5:colcon.colcon_core.verb:set package 'interface' build argument 'cmake_clean_cache' from command line to 'False'
[0.282s] Level 5:colcon.colcon_core.verb:set package 'interface' build argument 'cmake_clean_first' from command line to 'False'
[0.282s] Level 5:colcon.colcon_core.verb:set package 'interface' build argument 'cmake_force_configure' from command line to 'False'
[0.282s] Level 5:colcon.colcon_core.verb:set package 'interface' build argument 'ament_cmake_args' from command line to 'None'
[0.282s] Level 5:colcon.colcon_core.verb:set package 'interface' build argument 'catkin_cmake_args' from command line to 'None'
[0.282s] Level 5:colcon.colcon_core.verb:set package 'interface' build argument 'catkin_skip_building_tests' from command line to 'False'
[0.282s] DEBUG:colcon.colcon_core.verb:Building package 'interface' with the following arguments: {'ament_cmake_args': None, 'build_base': '/home/amwhisper/ros/workspace/comm_ws/build/interface', 'catkin_cmake_args': None, 'catkin_skip_building_tests': False, 'cmake_args': None, 'cmake_clean_cache': False, 'cmake_clean_first': False, 'cmake_force_configure': False, 'cmake_target': None, 'cmake_target_skip_unavailable': False, 'install_base': '/home/amwhisper/ros/workspace/comm_ws/install/interface', 'merge_install': False, 'path': '/home/amwhisper/ros/workspace/comm_ws/src/interface', 'symlink_install': False, 'test_result_base': None}
[0.282s] Level 5:colcon.colcon_core.verb:set package 'comm_node' build argument 'cmake_args' from command line to 'None'
[0.282s] Level 5:colcon.colcon_core.verb:set package 'comm_node' build argument 'cmake_target' from command line to 'None'
[0.282s] Level 5:colcon.colcon_core.verb:set package 'comm_node' build argument 'cmake_target_skip_unavailable' from command line to 'False'
[0.282s] Level 5:colcon.colcon_core.verb:set package 'comm_node' build argument 'cmake_clean_cache' from command line to 'False'
[0.282s] Level 5:colcon.colcon_core.verb:set package 'comm_node' build argument 'cmake_clean_first' from command line to 'False'
[0.282s] Level 5:colcon.colcon_core.verb:set package 'comm_node' build argument 'cmake_force_configure' from command line to 'False'
[0.282s] Level 5:colcon.colcon_core.verb:set package 'comm_node' build argument 'ament_cmake_args' from command line to 'None'
[0.282s] Level 5:colcon.colcon_core.verb:set package 'comm_node' build argument 'catkin_cmake_args' from command line to 'None'
[0.282s] Level 5:colcon.colcon_core.verb:set package 'comm_node' build argument 'catkin_skip_building_tests' from command line to 'False'
[0.282s] DEBUG:colcon.colcon_core.verb:Building package 'comm_node' with the following arguments: {'ament_cmake_args': None, 'build_base': '/home/amwhisper/ros/workspace/comm_ws/build/comm_node', 'catkin_cmake_args': None, 'catkin_skip_building_tests': False, 'cmake_args': None, 'cmake_clean_cache': False, 'cmake_clean_first': False, 'cmake_force_configure': False, 'cmake_target': None, 'cmake_target_skip_unavailable': False, 'install_base': '/home/amwhisper/ros/workspace/comm_ws/install/comm_node', 'merge_install': False, 'path': '/home/amwhisper/ros/workspace/comm_ws/src/comm_node', 'symlink_install': False, 'test_result_base': None}
[0.282s] Level 5:colcon.colcon_core.verb:set package 'test_data' build argument 'cmake_args' from command line to 'None'
[0.282s] Level 5:colcon.colcon_core.verb:set package 'test_data' build argument 'cmake_target' from command line to 'None'
[0.283s] Level 5:colcon.colcon_core.verb:set package 'test_data' build argument 'cmake_target_skip_unavailable' from command line to 'False'
[0.283s] Level 5:colcon.colcon_core.verb:set package 'test_data' build argument 'cmake_clean_cache' from command line to 'False'
[0.283s] Level 5:colcon.colcon_core.verb:set package 'test_data' build argument 'cmake_clean_first' from command line to 'False'
[0.283s] Level 5:colcon.colcon_core.verb:set package 'test_data' build argument 'cmake_force_configure' from command line to 'False'
[0.283s] Level 5:colcon.colcon_core.verb:set package 'test_data' build argument 'ament_cmake_args' from command line to 'None'
[0.283s] Level 5:colcon.colcon_core.verb:set package 'test_data' build argument 'catkin_cmake_args' from command line to 'None'
[0.283s] Level 5:colcon.colcon_core.verb:set package 'test_data' build argument 'catkin_skip_building_tests' from command line to 'False'
[0.283s] DEBUG:colcon.colcon_core.verb:Building package 'test_data' with the following arguments: {'ament_cmake_args': None, 'build_base': '/home/amwhisper/ros/workspace/comm_ws/build/test_data', 'catkin_cmake_args': None, 'catkin_skip_building_tests': False, 'cmake_args': None, 'cmake_clean_cache': False, 'cmake_clean_first': False, 'cmake_force_configure': False, 'cmake_target': None, 'cmake_target_skip_unavailable': False, 'install_base': '/home/amwhisper/ros/workspace/comm_ws/install/test_data', 'merge_install': False, 'path': '/home/amwhisper/ros/workspace/comm_ws/src/test_data', 'symlink_install': False, 'test_result_base': None}
[0.283s] INFO:colcon.colcon_core.executor:Executing jobs using 'parallel' executor
[0.284s] DEBUG:colcon.colcon_parallel_executor.executor.parallel:run_until_complete
[0.284s] INFO:colcon.colcon_ros.task.ament_cmake.build:Building ROS package in '/home/amwhisper/ros/workspace/comm_ws/src/interface' with build type 'ament_cmake'
[0.284s] INFO:colcon.colcon_cmake.task.cmake.build:Building CMake package in '/home/amwhisper/ros/workspace/comm_ws/src/interface'
[0.286s] INFO:colcon.colcon_core.plugin_system:Skipping extension 'colcon_core.shell.bat': Not used on non-Windows systems
[0.286s] INFO:colcon.colcon_core.shell:Skip shell extension 'powershell' for command environment: Not usable outside of PowerShell
[0.286s] DEBUG:colcon.colcon_core.shell:Skip shell extension 'dsv' for command environment
[0.469s] DEBUG:colcon.colcon_core.event_handler.log_command:Invoking command in '/home/amwhisper/ros/workspace/comm_ws/build/interface': CMAKE_PREFIX_PATH=${CMAKE_PREFIX_PATH}:/home/amwhisper/ros/workspace/comm_ws/install/test_data:/home/amwhisper/ros/workspace/comm_ws/install/comm_node:/opt/ros/humble /usr/bin/cmake --build /home/amwhisper/ros/workspace/comm_ws/build/interface -- -j6 -l6
[0.812s] DEBUG:colcon.colcon_core.event_handler.log_command:Invoked command in '/home/amwhisper/ros/workspace/comm_ws/build/interface' returned '0': CMAKE_PREFIX_PATH=${CMAKE_PREFIX_PATH}:/home/amwhisper/ros/workspace/comm_ws/install/test_data:/home/amwhisper/ros/workspace/comm_ws/install/comm_node:/opt/ros/humble /usr/bin/cmake --build /home/amwhisper/ros/workspace/comm_ws/build/interface -- -j6 -l6
[0.949s] DEBUG:colcon.colcon_core.event_handler.log_command:Invoking command in '/home/amwhisper/ros/workspace/comm_ws/build/interface': CMAKE_PREFIX_PATH=${CMAKE_PREFIX_PATH}:/home/amwhisper/ros/workspace/comm_ws/install/test_data:/home/amwhisper/ros/workspace/comm_ws/install/comm_node:/opt/ros/humble /usr/bin/cmake --install /home/amwhisper/ros/workspace/comm_ws/build/interface
[1.006s] Level 1:colcon.colcon_core.environment:create_environment_scripts_only(interface)
[1.006s] DEBUG:colcon.colcon_core.event_handler.log_command:Invoked command in '/home/amwhisper/ros/workspace/comm_ws/build/interface' returned '0': CMAKE_PREFIX_PATH=${CMAKE_PREFIX_PATH}:/home/amwhisper/ros/workspace/comm_ws/install/test_data:/home/amwhisper/ros/workspace/comm_ws/install/comm_node:/opt/ros/humble /usr/bin/cmake --install /home/amwhisper/ros/workspace/comm_ws/build/interface
[1.009s] Level 1:colcon.colcon_core.environment:checking '/home/amwhisper/ros/workspace/comm_ws/install/interface' for CMake module files
[1.010s] Level 1:colcon.colcon_core.environment:checking '/home/amwhisper/ros/workspace/comm_ws/install/interface' for CMake config files
[1.010s] Level 1:colcon.colcon_core.shell:create_environment_hook('interface', 'cmake_prefix_path')
[1.010s] INFO:colcon.colcon_core.shell:Creating environment hook '/home/amwhisper/ros/workspace/comm_ws/install/interface/share/interface/hook/cmake_prefix_path.ps1'
[1.011s] INFO:colcon.colcon_core.shell:Creating environment descriptor '/home/amwhisper/ros/workspace/comm_ws/install/interface/share/interface/hook/cmake_prefix_path.dsv'
[1.012s] INFO:colcon.colcon_core.shell:Creating environment hook '/home/amwhisper/ros/workspace/comm_ws/install/interface/share/interface/hook/cmake_prefix_path.sh'
[1.013s] Level 1:colcon.colcon_core.environment:checking '/home/amwhisper/ros/workspace/comm_ws/install/interface/lib'
[1.013s] Level 1:colcon.colcon_core.shell:create_environment_hook('interface', 'ld_library_path_lib')
[1.013s] INFO:colcon.colcon_core.shell:Creating environment hook '/home/amwhisper/ros/workspace/comm_ws/install/interface/share/interface/hook/ld_library_path_lib.ps1'
[1.014s] INFO:colcon.colcon_core.shell:Creating environment descriptor '/home/amwhisper/ros/workspace/comm_ws/install/interface/share/interface/hook/ld_library_path_lib.dsv'
[1.014s] INFO:colcon.colcon_core.shell:Creating environment hook '/home/amwhisper/ros/workspace/comm_ws/install/interface/share/interface/hook/ld_library_path_lib.sh'
[1.015s] Level 1:colcon.colcon_core.environment:checking '/home/amwhisper/ros/workspace/comm_ws/install/interface/bin'
[1.015s] Level 1:colcon.colcon_core.environment:checking '/home/amwhisper/ros/workspace/comm_ws/install/interface/lib/pkgconfig/interface.pc'
[1.015s] Level 1:colcon.colcon_core.environment:checking '/home/amwhisper/ros/workspace/comm_ws/install/interface/lib/python3.10/site-packages'
[1.015s] Level 1:colcon.colcon_core.environment:checking '/home/amwhisper/ros/workspace/comm_ws/install/interface/bin'
[1.016s] INFO:colcon.colcon_core.shell:Creating package script '/home/amwhisper/ros/workspace/comm_ws/install/interface/share/interface/package.ps1'
[1.016s] INFO:colcon.colcon_core.shell:Creating package descriptor '/home/amwhisper/ros/workspace/comm_ws/install/interface/share/interface/package.dsv'
[1.017s] INFO:colcon.colcon_core.shell:Creating package script '/home/amwhisper/ros/workspace/comm_ws/install/interface/share/interface/package.sh'
[1.018s] INFO:colcon.colcon_core.shell:Creating package script '/home/amwhisper/ros/workspace/comm_ws/install/interface/share/interface/package.bash'
[1.018s] INFO:colcon.colcon_core.shell:Creating package script '/home/amwhisper/ros/workspace/comm_ws/install/interface/share/interface/package.zsh'
[1.019s] Level 1:colcon.colcon_core.environment:create_file_with_runtime_dependencies(/home/amwhisper/ros/workspace/comm_ws/install/interface/share/colcon-core/packages/interface)
[1.127s] Level 1:colcon.colcon_core.environment:create_environment_scripts_only(interface)
[1.128s] Level 1:colcon.colcon_core.environment:checking '/home/amwhisper/ros/workspace/comm_ws/install/interface' for CMake module files
[1.128s] Level 1:colcon.colcon_core.environment:checking '/home/amwhisper/ros/workspace/comm_ws/install/interface' for CMake config files
[1.129s] Level 1:colcon.colcon_core.shell:create_environment_hook('interface', 'cmake_prefix_path')
[1.129s] INFO:colcon.colcon_core.shell:Creating environment hook '/home/amwhisper/ros/workspace/comm_ws/install/interface/share/interface/hook/cmake_prefix_path.ps1'
[1.130s] INFO:colcon.colcon_core.shell:Creating environment descriptor '/home/amwhisper/ros/workspace/comm_ws/install/interface/share/interface/hook/cmake_prefix_path.dsv'
[1.130s] INFO:colcon.colcon_core.shell:Creating environment hook '/home/amwhisper/ros/workspace/comm_ws/install/interface/share/interface/hook/cmake_prefix_path.sh'
[1.131s] Level 1:colcon.colcon_core.environment:checking '/home/amwhisper/ros/workspace/comm_ws/install/interface/lib'
[1.131s] Level 1:colcon.colcon_core.shell:create_environment_hook('interface', 'ld_library_path_lib')
[1.131s] INFO:colcon.colcon_core.shell:Creating environment hook '/home/amwhisper/ros/workspace/comm_ws/install/interface/share/interface/hook/ld_library_path_lib.ps1'
[1.131s] INFO:colcon.colcon_core.shell:Creating environment descriptor '/home/amwhisper/ros/workspace/comm_ws/install/interface/share/interface/hook/ld_library_path_lib.dsv'
[1.132s] INFO:colcon.colcon_core.shell:Creating environment hook '/home/amwhisper/ros/workspace/comm_ws/install/interface/share/interface/hook/ld_library_path_lib.sh'
[1.132s] Level 1:colcon.colcon_core.environment:checking '/home/amwhisper/ros/workspace/comm_ws/install/interface/bin'
[1.132s] Level 1:colcon.colcon_core.environment:checking '/home/amwhisper/ros/workspace/comm_ws/install/interface/lib/pkgconfig/interface.pc'
[1.133s] Level 1:colcon.colcon_core.environment:checking '/home/amwhisper/ros/workspace/comm_ws/install/interface/lib/python3.10/site-packages'
[1.133s] Level 1:colcon.colcon_core.environment:checking '/home/amwhisper/ros/workspace/comm_ws/install/interface/bin'
[1.133s] INFO:colcon.colcon_core.shell:Creating package script '/home/amwhisper/ros/workspace/comm_ws/install/interface/share/interface/package.ps1'
[1.134s] INFO:colcon.colcon_core.shell:Creating package descriptor '/home/amwhisper/ros/workspace/comm_ws/install/interface/share/interface/package.dsv'
[1.134s] INFO:colcon.colcon_core.shell:Creating package script '/home/amwhisper/ros/workspace/comm_ws/install/interface/share/interface/package.sh'
[1.135s] INFO:colcon.colcon_core.shell:Creating package script '/home/amwhisper/ros/workspace/comm_ws/install/interface/share/interface/package.bash'
[1.135s] INFO:colcon.colcon_core.shell:Creating package script '/home/amwhisper/ros/workspace/comm_ws/install/interface/share/interface/package.zsh'
[1.136s] Level 1:colcon.colcon_core.environment:create_file_with_runtime_dependencies(/home/amwhisper/ros/workspace/comm_ws/install/interface/share/colcon-core/packages/interface)
[1.136s] INFO:colcon.colcon_ros.task.ament_python.build:Building ROS package in '/home/amwhisper/ros/workspace/comm_ws/src/comm_node' with build type 'ament_python'
[1.137s] Level 1:colcon.colcon_core.shell:create_environment_hook('comm_node', 'ament_prefix_path')
[1.137s] INFO:colcon.colcon_core.shell:Creating environment hook '/home/amwhisper/ros/workspace/comm_ws/install/comm_node/share/comm_node/hook/ament_prefix_path.ps1'
[1.138s] INFO:colcon.colcon_core.shell:Creating environment descriptor '/home/amwhisper/ros/workspace/comm_ws/install/comm_node/share/comm_node/hook/ament_prefix_path.dsv'
[1.138s] INFO:colcon.colcon_core.shell:Creating environment hook '/home/amwhisper/ros/workspace/comm_ws/install/comm_node/share/comm_node/hook/ament_prefix_path.sh'
[1.139s] INFO:colcon.colcon_core.shell:Skip shell extension 'powershell' for command environment: Not usable outside of PowerShell
[1.139s] DEBUG:colcon.colcon_core.shell:Skip shell extension 'dsv' for command environment
[1.142s] INFO:colcon.colcon_ros.task.ament_python.build:Building ROS package in '/home/amwhisper/ros/workspace/comm_ws/src/test_data' with build type 'ament_python'
[1.142s] Level 1:colcon.colcon_core.shell:create_environment_hook('test_data', 'ament_prefix_path')
[1.143s] INFO:colcon.colcon_core.shell:Creating environment hook '/home/amwhisper/ros/workspace/comm_ws/install/test_data/share/test_data/hook/ament_prefix_path.ps1'
[1.143s] INFO:colcon.colcon_core.shell:Creating environment descriptor '/home/amwhisper/ros/workspace/comm_ws/install/test_data/share/test_data/hook/ament_prefix_path.dsv'
[1.145s] INFO:colcon.colcon_core.shell:Creating environment hook '/home/amwhisper/ros/workspace/comm_ws/install/test_data/share/test_data/hook/ament_prefix_path.sh'
[1.146s] INFO:colcon.colcon_core.shell:Skip shell extension 'powershell' for command environment: Not usable outside of PowerShell
[1.146s] DEBUG:colcon.colcon_core.shell:Skip shell extension 'dsv' for command environment
[1.365s] INFO:colcon.colcon_core.task.python.build:Building Python package in '/home/amwhisper/ros/workspace/comm_ws/src/comm_node'
[1.365s] INFO:colcon.colcon_core.shell:Skip shell extension 'powershell' for command environment: Not usable outside of PowerShell
[1.365s] DEBUG:colcon.colcon_core.shell:Skip shell extension 'dsv' for command environment
[1.564s] INFO:colcon.colcon_core.task.python.build:Building Python package in '/home/amwhisper/ros/workspace/comm_ws/src/test_data'
[1.564s] INFO:colcon.colcon_core.shell:Skip shell extension 'powershell' for command environment: Not usable outside of PowerShell
[1.565s] DEBUG:colcon.colcon_core.shell:Skip shell extension 'dsv' for command environment
[1.828s] DEBUG:colcon.colcon_core.event_handler.log_command:Invoking command in '/home/amwhisper/ros/workspace/comm_ws/src/comm_node': PYTHONPATH=/home/amwhisper/ros/workspace/comm_ws/build/comm_node/prefix_override:/usr/lib/python3/dist-packages/colcon_core/task/python/colcon_distutils_commands:/home/amwhisper/ros/workspace/comm_ws/install/comm_node/lib/python3.10/site-packages:${PYTHONPATH} /usr/bin/python3 -W ignore:setup.py install is deprecated setup.py egg_info --egg-base ../../build/comm_node build --build-base /home/amwhisper/ros/workspace/comm_ws/build/comm_node/build install --record /home/amwhisper/ros/workspace/comm_ws/build/comm_node/install.log --single-version-externally-managed install_data
[1.849s] DEBUG:colcon.colcon_core.event_handler.log_command:Invoking command in '/home/amwhisper/ros/workspace/comm_ws/src/test_data': PYTHONPATH=/home/amwhisper/ros/workspace/comm_ws/build/test_data/prefix_override:/usr/lib/python3/dist-packages/colcon_core/task/python/colcon_distutils_commands:/home/amwhisper/ros/workspace/comm_ws/install/test_data/lib/python3.10/site-packages:${PYTHONPATH} /usr/bin/python3 -W ignore:setup.py install is deprecated setup.py egg_info --egg-base ../../build/test_data build --build-base /home/amwhisper/ros/workspace/comm_ws/build/test_data/build install --record /home/amwhisper/ros/workspace/comm_ws/build/test_data/install.log --single-version-externally-managed install_data
[2.067s] Level 1:colcon.colcon_core.environment:checking '/home/amwhisper/ros/workspace/comm_ws/install/comm_node' for CMake module files
[2.067s] Level 1:colcon.colcon_core.environment:checking '/home/amwhisper/ros/workspace/comm_ws/install/comm_node' for CMake config files
[2.068s] Level 1:colcon.colcon_core.environment:checking '/home/amwhisper/ros/workspace/comm_ws/install/comm_node/lib'
[2.068s] Level 1:colcon.colcon_core.environment:checking '/home/amwhisper/ros/workspace/comm_ws/install/comm_node/bin'
[2.068s] DEBUG:colcon.colcon_core.event_handler.log_command:Invoked command in '/home/amwhisper/ros/workspace/comm_ws/src/comm_node' returned '0': PYTHONPATH=/home/amwhisper/ros/workspace/comm_ws/build/comm_node/prefix_override:/usr/lib/python3/dist-packages/colcon_core/task/python/colcon_distutils_commands:/home/amwhisper/ros/workspace/comm_ws/install/comm_node/lib/python3.10/site-packages:${PYTHONPATH} /usr/bin/python3 -W ignore:setup.py install is deprecated setup.py egg_info --egg-base ../../build/comm_node build --build-base /home/amwhisper/ros/workspace/comm_ws/build/comm_node/build install --record /home/amwhisper/ros/workspace/comm_ws/build/comm_node/install.log --single-version-externally-managed install_data
[2.068s] Level 1:colcon.colcon_core.environment:checking '/home/amwhisper/ros/workspace/comm_ws/install/comm_node/lib/pkgconfig/comm_node.pc'
[2.069s] Level 1:colcon.colcon_core.environment:checking '/home/amwhisper/ros/workspace/comm_ws/install/comm_node/lib/python3.10/site-packages'
[2.069s] Level 1:colcon.colcon_core.shell:create_environment_hook('comm_node', 'pythonpath')
[2.070s] INFO:colcon.colcon_core.shell:Creating environment hook '/home/amwhisper/ros/workspace/comm_ws/install/comm_node/share/comm_node/hook/pythonpath.ps1'
[2.070s] INFO:colcon.colcon_core.shell:Creating environment descriptor '/home/amwhisper/ros/workspace/comm_ws/install/comm_node/share/comm_node/hook/pythonpath.dsv'
[2.071s] INFO:colcon.colcon_core.shell:Creating environment hook '/home/amwhisper/ros/workspace/comm_ws/install/comm_node/share/comm_node/hook/pythonpath.sh'
[2.072s] Level 1:colcon.colcon_core.environment:checking '/home/amwhisper/ros/workspace/comm_ws/install/comm_node/bin'
[2.072s] Level 1:colcon.colcon_core.environment:create_environment_scripts_only(comm_node)
[2.072s] INFO:colcon.colcon_core.shell:Creating package script '/home/amwhisper/ros/workspace/comm_ws/install/comm_node/share/comm_node/package.ps1'
[2.073s] INFO:colcon.colcon_core.shell:Creating package descriptor '/home/amwhisper/ros/workspace/comm_ws/install/comm_node/share/comm_node/package.dsv'
[2.073s] INFO:colcon.colcon_core.shell:Creating package script '/home/amwhisper/ros/workspace/comm_ws/install/comm_node/share/comm_node/package.sh'
[2.074s] INFO:colcon.colcon_core.shell:Creating package script '/home/amwhisper/ros/workspace/comm_ws/install/comm_node/share/comm_node/package.bash'
[2.074s] INFO:colcon.colcon_core.shell:Creating package script '/home/amwhisper/ros/workspace/comm_ws/install/comm_node/share/comm_node/package.zsh'
[2.075s] Level 1:colcon.colcon_core.environment:create_file_with_runtime_dependencies(/home/amwhisper/ros/workspace/comm_ws/install/comm_node/share/colcon-core/packages/comm_node)
[2.088s] Level 1:colcon.colcon_core.environment:checking '/home/amwhisper/ros/workspace/comm_ws/install/test_data' for CMake module files
[2.090s] DEBUG:colcon.colcon_core.event_handler.log_command:Invoked command in '/home/amwhisper/ros/workspace/comm_ws/src/test_data' returned '0': PYTHONPATH=/home/amwhisper/ros/workspace/comm_ws/build/test_data/prefix_override:/usr/lib/python3/dist-packages/colcon_core/task/python/colcon_distutils_commands:/home/amwhisper/ros/workspace/comm_ws/install/test_data/lib/python3.10/site-packages:${PYTHONPATH} /usr/bin/python3 -W ignore:setup.py install is deprecated setup.py egg_info --egg-base ../../build/test_data build --build-base /home/amwhisper/ros/workspace/comm_ws/build/test_data/build install --record /home/amwhisper/ros/workspace/comm_ws/build/test_data/install.log --single-version-externally-managed install_data
[2.090s] Level 1:colcon.colcon_core.environment:checking '/home/amwhisper/ros/workspace/comm_ws/install/test_data' for CMake config files
[2.091s] Level 1:colcon.colcon_core.environment:checking '/home/amwhisper/ros/workspace/comm_ws/install/test_data/lib'
[2.091s] Level 1:colcon.colcon_core.environment:checking '/home/amwhisper/ros/workspace/comm_ws/install/test_data/bin'
[2.091s] Level 1:colcon.colcon_core.environment:checking '/home/amwhisper/ros/workspace/comm_ws/install/test_data/lib/pkgconfig/test_data.pc'
[2.091s] Level 1:colcon.colcon_core.environment:checking '/home/amwhisper/ros/workspace/comm_ws/install/test_data/lib/python3.10/site-packages'
[2.091s] Level 1:colcon.colcon_core.shell:create_environment_hook('test_data', 'pythonpath')
[2.092s] INFO:colcon.colcon_core.shell:Creating environment hook '/home/amwhisper/ros/workspace/comm_ws/install/test_data/share/test_data/hook/pythonpath.ps1'
[2.093s] INFO:colcon.colcon_core.shell:Creating environment descriptor '/home/amwhisper/ros/workspace/comm_ws/install/test_data/share/test_data/hook/pythonpath.dsv'
[2.094s] INFO:colcon.colcon_core.shell:Creating environment hook '/home/amwhisper/ros/workspace/comm_ws/install/test_data/share/test_data/hook/pythonpath.sh'
[2.094s] Level 1:colcon.colcon_core.environment:checking '/home/amwhisper/ros/workspace/comm_ws/install/test_data/bin'
[2.094s] Level 1:colcon.colcon_core.environment:create_environment_scripts_only(test_data)
[2.095s] INFO:colcon.colcon_core.shell:Creating package script '/home/amwhisper/ros/workspace/comm_ws/install/test_data/share/test_data/package.ps1'
[2.095s] INFO:colcon.colcon_core.shell:Creating package descriptor '/home/amwhisper/ros/workspace/comm_ws/install/test_data/share/test_data/package.dsv'
[2.096s] INFO:colcon.colcon_core.shell:Creating package script '/home/amwhisper/ros/workspace/comm_ws/install/test_data/share/test_data/package.sh'
[2.097s] INFO:colcon.colcon_core.shell:Creating package script '/home/amwhisper/ros/workspace/comm_ws/install/test_data/share/test_data/package.bash'
[2.097s] INFO:colcon.colcon_core.shell:Creating package script '/home/amwhisper/ros/workspace/comm_ws/install/test_data/share/test_data/package.zsh'
[2.098s] Level 1:colcon.colcon_core.environment:create_file_with_runtime_dependencies(/home/amwhisper/ros/workspace/comm_ws/install/test_data/share/colcon-core/packages/test_data)
[2.098s] DEBUG:colcon.colcon_parallel_executor.executor.parallel:closing loop
[2.098s] DEBUG:colcon.colcon_parallel_executor.executor.parallel:loop closed
[2.098s] DEBUG:colcon.colcon_parallel_executor.executor.parallel:run_until_complete finished with '0'
[2.099s] DEBUG:colcon.colcon_core.event_reactor:joining thread
[2.106s] INFO:colcon.colcon_core.plugin_system:Skipping extension 'colcon_notification.desktop_notification.terminal_notifier': Not used on non-Darwin systems
[2.106s] INFO:colcon.colcon_core.plugin_system:Skipping extension 'colcon_notification.desktop_notification.win32': Not used on non-Windows systems
[2.107s] INFO:colcon.colcon_notification.desktop_notification:Sending desktop notification using 'notify2'
[2.121s] DEBUG:colcon.colcon_core.event_reactor:joined thread
[2.121s] INFO:colcon.colcon_core.shell:Creating prefix script '/home/amwhisper/ros/workspace/comm_ws/install/local_setup.ps1'
[2.122s] INFO:colcon.colcon_core.shell:Creating prefix util module '/home/amwhisper/ros/workspace/comm_ws/install/_local_setup_util_ps1.py'
[2.123s] INFO:colcon.colcon_core.shell:Creating prefix chain script '/home/amwhisper/ros/workspace/comm_ws/install/setup.ps1'
[2.125s] INFO:colcon.colcon_core.shell:Creating prefix script '/home/amwhisper/ros/workspace/comm_ws/install/local_setup.sh'
[2.125s] INFO:colcon.colcon_core.shell:Creating prefix util module '/home/amwhisper/ros/workspace/comm_ws/install/_local_setup_util_sh.py'
[2.126s] INFO:colcon.colcon_core.shell:Creating prefix chain script '/home/amwhisper/ros/workspace/comm_ws/install/setup.sh'
[2.127s] INFO:colcon.colcon_core.shell:Creating prefix script '/home/amwhisper/ros/workspace/comm_ws/install/local_setup.bash'
[2.127s] INFO:colcon.colcon_core.shell:Creating prefix chain script '/home/amwhisper/ros/workspace/comm_ws/install/setup.bash'
[2.128s] INFO:colcon.colcon_core.shell:Creating prefix script '/home/amwhisper/ros/workspace/comm_ws/install/local_setup.zsh'
[2.129s] INFO:colcon.colcon_core.shell:Creating prefix chain script '/home/amwhisper/ros/workspace/comm_ws/install/setup.zsh'
