[0.546s] DEBUG:colcon:Command line arguments: ['/usr/bin/colcon', 'build']
[0.547s] DEBUG:colcon:Parsed command line arguments: Namespace(allow_overriding=[], ament_cmake_args=None, base_paths=['.'], build_base='build', catkin_cmake_args=None, catkin_skip_building_tests=False, cmake_args=None, cmake_clean_cache=False, cmake_clean_first=False, cmake_force_configure=False, cmake_target=None, cmake_target_skip_unavailable=False, continue_on_error=False, event_handlers=None, executor='parallel', ignore_user_meta=False, install_base='install', log_base=None, log_level=None, main=<bound method BuildVerb.main of <colcon_core.verb.build.BuildVerb object at 0xffffae11a7c0>>, merge_install=False, metas=['./colcon.meta'], packages_above=None, packages_above_and_dependencies=None, packages_above_depth=None, packages_end=None, packages_ignore=None, packages_ignore_regex=None, packages_select=None, packages_select_build_failed=False, packages_select_by_dep=None, packages_select_regex=None, packages_select_test_failures=False, packages_skip=None, packages_skip_build_finished=False, packages_skip_by_dep=None, packages_skip_regex=None, packages_skip_test_passed=False, packages_skip_up_to=None, packages_start=None, packages_up_to=None, packages_up_to_regex=None, parallel_workers=6, paths=None, symlink_install=False, test_result_base=None, verb_extension=<colcon_core.verb.build.BuildVerb object at 0xffffae11a7c0>, verb_name='build', verb_parser=<colcon_defaults.argument_parser.defaults.DefaultArgumentsDecorator object at 0xffffae11ad30>)
[1.366s] Level 1:colcon.colcon_core.package_discovery:discover_packages(colcon_meta) check parameters
[1.367s] Level 1:colcon.colcon_core.package_discovery:discover_packages(recursive) check parameters
[1.367s] Level 1:colcon.colcon_core.package_discovery:discover_packages(ignore) check parameters
[1.367s] Level 1:colcon.colcon_core.package_discovery:discover_packages(path) check parameters
[1.367s] Level 1:colcon.colcon_core.package_discovery:discover_packages(colcon_meta) discover
[1.367s] Level 1:colcon.colcon_core.package_discovery:discover_packages(recursive) discover
[1.367s] INFO:colcon.colcon_core.package_discovery:Crawling recursively for packages in '/home/jetson/Algorithms/comm_node'
[1.368s] Level 1:colcon.colcon_core.package_identification:_identify(.) by extensions ['ignore', 'ignore_ament_install']
[1.368s] Level 1:colcon.colcon_core.package_identification:_identify(.) by extension 'ignore'
[1.368s] Level 1:colcon.colcon_core.package_identification:_identify(.) by extension 'ignore_ament_install'
[1.368s] Level 1:colcon.colcon_core.package_identification:_identify(.) by extensions ['colcon_pkg']
[1.368s] Level 1:colcon.colcon_core.package_identification:_identify(.) by extension 'colcon_pkg'
[1.368s] Level 1:colcon.colcon_core.package_identification:_identify(.) by extensions ['colcon_meta']
[1.368s] Level 1:colcon.colcon_core.package_identification:_identify(.) by extension 'colcon_meta'
[1.368s] Level 1:colcon.colcon_core.package_identification:_identify(.) by extensions ['ros']
[1.368s] Level 1:colcon.colcon_core.package_identification:_identify(.) by extension 'ros'
[1.398s] Level 1:colcon.colcon_core.package_identification:_identify(.) by extensions ['cmake', 'python']
[1.398s] Level 1:colcon.colcon_core.package_identification:_identify(.) by extension 'cmake'
[1.398s] Level 1:colcon.colcon_core.package_identification:_identify(.) by extension 'python'
[1.398s] Level 1:colcon.colcon_core.package_identification:_identify(.) by extensions ['python_setup_py']
[1.398s] Level 1:colcon.colcon_core.package_identification:_identify(.) by extension 'python_setup_py'
[1.399s] Level 1:colcon.colcon_core.package_identification:_identify(build) by extensions ['ignore', 'ignore_ament_install']
[1.399s] Level 1:colcon.colcon_core.package_identification:_identify(build) by extension 'ignore'
[1.399s] Level 1:colcon.colcon_core.package_identification:_identify(build) ignored
[1.399s] Level 1:colcon.colcon_core.package_identification:_identify(install) by extensions ['ignore', 'ignore_ament_install']
[1.400s] Level 1:colcon.colcon_core.package_identification:_identify(install) by extension 'ignore'
[1.400s] Level 1:colcon.colcon_core.package_identification:_identify(install) ignored
[1.400s] Level 1:colcon.colcon_core.package_identification:_identify(log) by extensions ['ignore', 'ignore_ament_install']
[1.400s] Level 1:colcon.colcon_core.package_identification:_identify(log) by extension 'ignore'
[1.400s] Level 1:colcon.colcon_core.package_identification:_identify(log) ignored
[1.400s] Level 1:colcon.colcon_core.package_identification:_identify(src) by extensions ['ignore', 'ignore_ament_install']
[1.401s] Level 1:colcon.colcon_core.package_identification:_identify(src) by extension 'ignore'
[1.401s] Level 1:colcon.colcon_core.package_identification:_identify(src) by extension 'ignore_ament_install'
[1.401s] Level 1:colcon.colcon_core.package_identification:_identify(src) by extensions ['colcon_pkg']
[1.401s] Level 1:colcon.colcon_core.package_identification:_identify(src) by extension 'colcon_pkg'
[1.401s] Level 1:colcon.colcon_core.package_identification:_identify(src) by extensions ['colcon_meta']
[1.401s] Level 1:colcon.colcon_core.package_identification:_identify(src) by extension 'colcon_meta'
[1.401s] Level 1:colcon.colcon_core.package_identification:_identify(src) by extensions ['ros']
[1.401s] Level 1:colcon.colcon_core.package_identification:_identify(src) by extension 'ros'
[1.401s] Level 1:colcon.colcon_core.package_identification:_identify(src) by extensions ['cmake', 'python']
[1.401s] Level 1:colcon.colcon_core.package_identification:_identify(src) by extension 'cmake'
[1.402s] Level 1:colcon.colcon_core.package_identification:_identify(src) by extension 'python'
[1.402s] Level 1:colcon.colcon_core.package_identification:_identify(src) by extensions ['python_setup_py']
[1.402s] Level 1:colcon.colcon_core.package_identification:_identify(src) by extension 'python_setup_py'
[1.402s] Level 1:colcon.colcon_core.package_identification:_identify(src/comm_node) by extensions ['ignore', 'ignore_ament_install']
[1.402s] Level 1:colcon.colcon_core.package_identification:_identify(src/comm_node) by extension 'ignore'
[1.402s] Level 1:colcon.colcon_core.package_identification:_identify(src/comm_node) by extension 'ignore_ament_install'
[1.402s] Level 1:colcon.colcon_core.package_identification:_identify(src/comm_node) by extensions ['colcon_pkg']
[1.402s] Level 1:colcon.colcon_core.package_identification:_identify(src/comm_node) by extension 'colcon_pkg'
[1.402s] Level 1:colcon.colcon_core.package_identification:_identify(src/comm_node) by extensions ['colcon_meta']
[1.403s] Level 1:colcon.colcon_core.package_identification:_identify(src/comm_node) by extension 'colcon_meta'
[1.403s] Level 1:colcon.colcon_core.package_identification:_identify(src/comm_node) by extensions ['ros']
[1.403s] Level 1:colcon.colcon_core.package_identification:_identify(src/comm_node) by extension 'ros'
[1.409s] DEBUG:colcon.colcon_core.package_identification:Package 'src/comm_node' with type 'ros.ament_python' and name 'comm_node'
[1.409s] Level 1:colcon.colcon_core.package_identification:_identify(src/interface) by extensions ['ignore', 'ignore_ament_install']
[1.409s] Level 1:colcon.colcon_core.package_identification:_identify(src/interface) by extension 'ignore'
[1.410s] Level 1:colcon.colcon_core.package_identification:_identify(src/interface) by extension 'ignore_ament_install'
[1.410s] Level 1:colcon.colcon_core.package_identification:_identify(src/interface) by extensions ['colcon_pkg']
[1.410s] Level 1:colcon.colcon_core.package_identification:_identify(src/interface) by extension 'colcon_pkg'
[1.410s] Level 1:colcon.colcon_core.package_identification:_identify(src/interface) by extensions ['colcon_meta']
[1.410s] Level 1:colcon.colcon_core.package_identification:_identify(src/interface) by extension 'colcon_meta'
[1.410s] Level 1:colcon.colcon_core.package_identification:_identify(src/interface) by extensions ['ros']
[1.410s] Level 1:colcon.colcon_core.package_identification:_identify(src/interface) by extension 'ros'
[1.412s] DEBUG:colcon.colcon_core.package_identification:Package 'src/interface' with type 'ros.ament_cmake' and name 'interface'
[1.412s] Level 1:colcon.colcon_core.package_discovery:discover_packages(recursive) using defaults
[1.412s] Level 1:colcon.colcon_core.package_discovery:discover_packages(ignore) discover
[1.412s] Level 1:colcon.colcon_core.package_discovery:discover_packages(ignore) using defaults
[1.412s] Level 1:colcon.colcon_core.package_discovery:discover_packages(path) discover
[1.412s] Level 1:colcon.colcon_core.package_discovery:discover_packages(path) using defaults
[1.454s] Level 1:colcon.colcon_core.package_discovery:discover_packages(prefix_path) check parameters
[1.454s] Level 1:colcon.colcon_core.package_discovery:discover_packages(prefix_path) discover
[1.456s] WARNING:colcon.colcon_ros.prefix_path.ament:The path '/home/jetson/Algorithms/comm_node/install/comm_node' in the environment variable AMENT_PREFIX_PATH doesn't exist
[1.457s] WARNING:colcon.colcon_ros.prefix_path.ament:The path '/home/jetson/Algorithms/comm_node/install/interface' in the environment variable AMENT_PREFIX_PATH doesn't exist
[1.457s] WARNING:colcon.colcon_ros.prefix_path.catkin:The path '/home/jetson/Algorithms/comm_node/install/interface' in the environment variable CMAKE_PREFIX_PATH doesn't exist
[1.458s] DEBUG:colcon.colcon_installed_package_information.package_discovery:Found 0 installed packages in /home/jetson/Algorithms/comm_node/install
[1.461s] DEBUG:colcon.colcon_installed_package_information.package_discovery:Found 256 installed packages in /opt/ros/foxy
[1.464s] Level 1:colcon.colcon_core.package_discovery:discover_packages(prefix_path) using defaults
[1.573s] Level 5:colcon.colcon_core.verb:set package 'interface' build argument 'cmake_args' from command line to 'None'
[1.574s] Level 5:colcon.colcon_core.verb:set package 'interface' build argument 'cmake_target' from command line to 'None'
[1.574s] Level 5:colcon.colcon_core.verb:set package 'interface' build argument 'cmake_target_skip_unavailable' from command line to 'False'
[1.574s] Level 5:colcon.colcon_core.verb:set package 'interface' build argument 'cmake_clean_cache' from command line to 'False'
[1.574s] Level 5:colcon.colcon_core.verb:set package 'interface' build argument 'cmake_clean_first' from command line to 'False'
[1.574s] Level 5:colcon.colcon_core.verb:set package 'interface' build argument 'cmake_force_configure' from command line to 'False'
[1.574s] Level 5:colcon.colcon_core.verb:set package 'interface' build argument 'ament_cmake_args' from command line to 'None'
[1.574s] Level 5:colcon.colcon_core.verb:set package 'interface' build argument 'catkin_cmake_args' from command line to 'None'
[1.574s] Level 5:colcon.colcon_core.verb:set package 'interface' build argument 'catkin_skip_building_tests' from command line to 'False'
[1.574s] DEBUG:colcon.colcon_core.verb:Building package 'interface' with the following arguments: {'ament_cmake_args': None, 'build_base': '/home/jetson/Algorithms/comm_node/build/interface', 'catkin_cmake_args': None, 'catkin_skip_building_tests': False, 'cmake_args': None, 'cmake_clean_cache': False, 'cmake_clean_first': False, 'cmake_force_configure': False, 'cmake_target': None, 'cmake_target_skip_unavailable': False, 'install_base': '/home/jetson/Algorithms/comm_node/install/interface', 'merge_install': False, 'path': '/home/jetson/Algorithms/comm_node/src/interface', 'symlink_install': False, 'test_result_base': None}
[1.575s] Level 5:colcon.colcon_core.verb:set package 'comm_node' build argument 'cmake_args' from command line to 'None'
[1.575s] Level 5:colcon.colcon_core.verb:set package 'comm_node' build argument 'cmake_target' from command line to 'None'
[1.575s] Level 5:colcon.colcon_core.verb:set package 'comm_node' build argument 'cmake_target_skip_unavailable' from command line to 'False'
[1.575s] Level 5:colcon.colcon_core.verb:set package 'comm_node' build argument 'cmake_clean_cache' from command line to 'False'
[1.575s] Level 5:colcon.colcon_core.verb:set package 'comm_node' build argument 'cmake_clean_first' from command line to 'False'
[1.575s] Level 5:colcon.colcon_core.verb:set package 'comm_node' build argument 'cmake_force_configure' from command line to 'False'
[1.575s] Level 5:colcon.colcon_core.verb:set package 'comm_node' build argument 'ament_cmake_args' from command line to 'None'
[1.575s] Level 5:colcon.colcon_core.verb:set package 'comm_node' build argument 'catkin_cmake_args' from command line to 'None'
[1.575s] Level 5:colcon.colcon_core.verb:set package 'comm_node' build argument 'catkin_skip_building_tests' from command line to 'False'
[1.575s] DEBUG:colcon.colcon_core.verb:Building package 'comm_node' with the following arguments: {'ament_cmake_args': None, 'build_base': '/home/jetson/Algorithms/comm_node/build/comm_node', 'catkin_cmake_args': None, 'catkin_skip_building_tests': False, 'cmake_args': None, 'cmake_clean_cache': False, 'cmake_clean_first': False, 'cmake_force_configure': False, 'cmake_target': None, 'cmake_target_skip_unavailable': False, 'install_base': '/home/jetson/Algorithms/comm_node/install/comm_node', 'merge_install': False, 'path': '/home/jetson/Algorithms/comm_node/src/comm_node', 'symlink_install': False, 'test_result_base': None}
[1.576s] INFO:colcon.colcon_core.executor:Executing jobs using 'parallel' executor
[1.579s] DEBUG:colcon.colcon_parallel_executor.executor.parallel:run_until_complete
[1.580s] INFO:colcon.colcon_ros.task.ament_cmake.build:Building ROS package in '/home/jetson/Algorithms/comm_node/src/interface' with build type 'ament_cmake'
[1.580s] INFO:colcon.colcon_cmake.task.cmake.build:Building CMake package in '/home/jetson/Algorithms/comm_node/src/interface'
[1.585s] INFO:colcon.colcon_core.plugin_system:Skipping extension 'colcon_core.shell.bat': Not used on non-Windows systems
[1.586s] INFO:colcon.colcon_core.shell:Skip shell extension 'powershell' for command environment: Not usable outside of PowerShell
[1.586s] DEBUG:colcon.colcon_core.shell:Skip shell extension 'dsv' for command environment
[1.590s] DEBUG:colcon.colcon_core.shell:Ignoring prefix path '/home/jetson/yahboomcar_ws/devel'
[1.590s] DEBUG:colcon.colcon_core.shell:Ignoring prefix path '/home/jetson/software/library_ws/devel'
[1.623s] DEBUG:colcon.colcon_core.event_handler.log_command:Invoking command in '/home/jetson/Algorithms/comm_node/build/interface': CMAKE_PREFIX_PATH=/home/jetson/Algorithms/comm_node/install/comm_node:/opt/ros/foxy:${CMAKE_PREFIX_PATH} /usr/bin/cmake /home/jetson/Algorithms/comm_node/src/interface -DCMAKE_INSTALL_PREFIX=/home/jetson/Algorithms/comm_node/install/interface
[7.614s] DEBUG:colcon.colcon_core.event_handler.log_command:Invoked command in '/home/jetson/Algorithms/comm_node/build/interface' returned '0': CMAKE_PREFIX_PATH=/home/jetson/Algorithms/comm_node/install/comm_node:/opt/ros/foxy:${CMAKE_PREFIX_PATH} /usr/bin/cmake /home/jetson/Algorithms/comm_node/src/interface -DCMAKE_INSTALL_PREFIX=/home/jetson/Algorithms/comm_node/install/interface
[7.616s] DEBUG:colcon.colcon_core.event_handler.log_command:Invoking command in '/home/jetson/Algorithms/comm_node/build/interface': CMAKE_PREFIX_PATH=/home/jetson/Algorithms/comm_node/install/comm_node:/opt/ros/foxy:${CMAKE_PREFIX_PATH} /usr/bin/cmake --build /home/jetson/Algorithms/comm_node/build/interface -- -j6 -l6
[21.483s] DEBUG:colcon.colcon_core.event_handler.log_command:Invoked command in '/home/jetson/Algorithms/comm_node/build/interface' returned '0': CMAKE_PREFIX_PATH=/home/jetson/Algorithms/comm_node/install/comm_node:/opt/ros/foxy:${CMAKE_PREFIX_PATH} /usr/bin/cmake --build /home/jetson/Algorithms/comm_node/build/interface -- -j6 -l6
[21.524s] DEBUG:colcon.colcon_core.event_handler.log_command:Invoking command in '/home/jetson/Algorithms/comm_node/build/interface': CMAKE_PREFIX_PATH=/home/jetson/Algorithms/comm_node/install/comm_node:/opt/ros/foxy:${CMAKE_PREFIX_PATH} /usr/bin/cmake --install /home/jetson/Algorithms/comm_node/build/interface
[21.716s] Level 1:colcon.colcon_core.environment:create_environment_scripts_only(interface)
[21.721s] DEBUG:colcon.colcon_core.event_handler.log_command:Invoked command in '/home/jetson/Algorithms/comm_node/build/interface' returned '0': CMAKE_PREFIX_PATH=/home/jetson/Algorithms/comm_node/install/comm_node:/opt/ros/foxy:${CMAKE_PREFIX_PATH} /usr/bin/cmake --install /home/jetson/Algorithms/comm_node/build/interface
[21.728s] Level 1:colcon.colcon_core.environment:checking '/home/jetson/Algorithms/comm_node/install/interface' for CMake module files
[21.729s] Level 1:colcon.colcon_core.environment:checking '/home/jetson/Algorithms/comm_node/install/interface' for CMake config files
[21.730s] Level 1:colcon.colcon_core.shell:create_environment_hook('interface', 'cmake_prefix_path')
[21.730s] INFO:colcon.colcon_core.shell:Creating environment hook '/home/jetson/Algorithms/comm_node/install/interface/share/interface/hook/cmake_prefix_path.ps1'
[21.733s] INFO:colcon.colcon_core.shell:Creating environment descriptor '/home/jetson/Algorithms/comm_node/install/interface/share/interface/hook/cmake_prefix_path.dsv'
[21.734s] INFO:colcon.colcon_core.shell:Creating environment hook '/home/jetson/Algorithms/comm_node/install/interface/share/interface/hook/cmake_prefix_path.sh'
[21.737s] Level 1:colcon.colcon_core.environment:checking '/home/jetson/Algorithms/comm_node/install/interface/lib'
[21.737s] Level 1:colcon.colcon_core.shell:create_environment_hook('interface', 'ld_library_path_lib')
[21.738s] INFO:colcon.colcon_core.shell:Creating environment hook '/home/jetson/Algorithms/comm_node/install/interface/share/interface/hook/ld_library_path_lib.ps1'
[21.739s] INFO:colcon.colcon_core.shell:Creating environment descriptor '/home/jetson/Algorithms/comm_node/install/interface/share/interface/hook/ld_library_path_lib.dsv'
[21.740s] INFO:colcon.colcon_core.shell:Creating environment hook '/home/jetson/Algorithms/comm_node/install/interface/share/interface/hook/ld_library_path_lib.sh'
[21.740s] Level 1:colcon.colcon_core.environment:checking '/home/jetson/Algorithms/comm_node/install/interface/bin'
[21.741s] Level 1:colcon.colcon_core.environment:checking '/home/jetson/Algorithms/comm_node/install/interface/lib/pkgconfig/interface.pc'
[21.741s] Level 1:colcon.colcon_core.environment:checking '/home/jetson/Algorithms/comm_node/install/interface/lib/python3.8/site-packages'
[21.741s] Level 1:colcon.colcon_core.shell:create_environment_hook('interface', 'pythonpath')
[21.742s] INFO:colcon.colcon_core.shell:Creating environment hook '/home/jetson/Algorithms/comm_node/install/interface/share/interface/hook/pythonpath.ps1'
[21.743s] INFO:colcon.colcon_core.shell:Creating environment descriptor '/home/jetson/Algorithms/comm_node/install/interface/share/interface/hook/pythonpath.dsv'
[21.744s] INFO:colcon.colcon_core.shell:Creating environment hook '/home/jetson/Algorithms/comm_node/install/interface/share/interface/hook/pythonpath.sh'
[21.745s] Level 1:colcon.colcon_core.environment:checking '/home/jetson/Algorithms/comm_node/install/interface/bin'
[21.747s] INFO:colcon.colcon_core.shell:Creating package script '/home/jetson/Algorithms/comm_node/install/interface/share/interface/package.ps1'
[21.750s] INFO:colcon.colcon_core.shell:Creating package descriptor '/home/jetson/Algorithms/comm_node/install/interface/share/interface/package.dsv'
[21.751s] INFO:colcon.colcon_core.shell:Creating package script '/home/jetson/Algorithms/comm_node/install/interface/share/interface/package.sh'
[21.754s] INFO:colcon.colcon_core.shell:Creating package script '/home/jetson/Algorithms/comm_node/install/interface/share/interface/package.bash'
[21.756s] INFO:colcon.colcon_core.shell:Creating package script '/home/jetson/Algorithms/comm_node/install/interface/share/interface/package.zsh'
[21.758s] Level 1:colcon.colcon_core.environment:create_file_with_runtime_dependencies(/home/jetson/Algorithms/comm_node/install/interface/share/colcon-core/packages/interface)
[21.760s] Level 1:colcon.colcon_core.environment:create_environment_scripts_only(interface)
[21.761s] Level 1:colcon.colcon_core.environment:checking '/home/jetson/Algorithms/comm_node/install/interface' for CMake module files
[21.762s] Level 1:colcon.colcon_core.environment:checking '/home/jetson/Algorithms/comm_node/install/interface' for CMake config files
[21.763s] Level 1:colcon.colcon_core.shell:create_environment_hook('interface', 'cmake_prefix_path')
[21.764s] INFO:colcon.colcon_core.shell:Creating environment hook '/home/jetson/Algorithms/comm_node/install/interface/share/interface/hook/cmake_prefix_path.ps1'
[21.766s] INFO:colcon.colcon_core.shell:Creating environment descriptor '/home/jetson/Algorithms/comm_node/install/interface/share/interface/hook/cmake_prefix_path.dsv'
[21.767s] INFO:colcon.colcon_core.shell:Creating environment hook '/home/jetson/Algorithms/comm_node/install/interface/share/interface/hook/cmake_prefix_path.sh'
[21.768s] Level 1:colcon.colcon_core.environment:checking '/home/jetson/Algorithms/comm_node/install/interface/lib'
[21.768s] Level 1:colcon.colcon_core.shell:create_environment_hook('interface', 'ld_library_path_lib')
[21.769s] INFO:colcon.colcon_core.shell:Creating environment hook '/home/jetson/Algorithms/comm_node/install/interface/share/interface/hook/ld_library_path_lib.ps1'
[21.771s] INFO:colcon.colcon_core.shell:Creating environment descriptor '/home/jetson/Algorithms/comm_node/install/interface/share/interface/hook/ld_library_path_lib.dsv'
[21.772s] INFO:colcon.colcon_core.shell:Creating environment hook '/home/jetson/Algorithms/comm_node/install/interface/share/interface/hook/ld_library_path_lib.sh'
[21.773s] Level 1:colcon.colcon_core.environment:checking '/home/jetson/Algorithms/comm_node/install/interface/bin'
[21.773s] Level 1:colcon.colcon_core.environment:checking '/home/jetson/Algorithms/comm_node/install/interface/lib/pkgconfig/interface.pc'
[21.774s] Level 1:colcon.colcon_core.environment:checking '/home/jetson/Algorithms/comm_node/install/interface/lib/python3.8/site-packages'
[21.774s] Level 1:colcon.colcon_core.shell:create_environment_hook('interface', 'pythonpath')
[21.774s] INFO:colcon.colcon_core.shell:Creating environment hook '/home/jetson/Algorithms/comm_node/install/interface/share/interface/hook/pythonpath.ps1'
[21.775s] INFO:colcon.colcon_core.shell:Creating environment descriptor '/home/jetson/Algorithms/comm_node/install/interface/share/interface/hook/pythonpath.dsv'
[21.776s] INFO:colcon.colcon_core.shell:Creating environment hook '/home/jetson/Algorithms/comm_node/install/interface/share/interface/hook/pythonpath.sh'
[21.777s] Level 1:colcon.colcon_core.environment:checking '/home/jetson/Algorithms/comm_node/install/interface/bin'
[21.778s] INFO:colcon.colcon_core.shell:Creating package script '/home/jetson/Algorithms/comm_node/install/interface/share/interface/package.ps1'
[21.780s] INFO:colcon.colcon_core.shell:Creating package descriptor '/home/jetson/Algorithms/comm_node/install/interface/share/interface/package.dsv'
[21.781s] INFO:colcon.colcon_core.shell:Creating package script '/home/jetson/Algorithms/comm_node/install/interface/share/interface/package.sh'
[21.782s] INFO:colcon.colcon_core.shell:Creating package script '/home/jetson/Algorithms/comm_node/install/interface/share/interface/package.bash'
[21.783s] INFO:colcon.colcon_core.shell:Creating package script '/home/jetson/Algorithms/comm_node/install/interface/share/interface/package.zsh'
[21.784s] Level 1:colcon.colcon_core.environment:create_file_with_runtime_dependencies(/home/jetson/Algorithms/comm_node/install/interface/share/colcon-core/packages/interface)
[21.786s] INFO:colcon.colcon_ros.task.ament_python.build:Building ROS package in '/home/jetson/Algorithms/comm_node/src/comm_node' with build type 'ament_python'
[21.787s] Level 1:colcon.colcon_core.shell:create_environment_hook('comm_node', 'ament_prefix_path')
[21.788s] INFO:colcon.colcon_core.shell:Creating environment hook '/home/jetson/Algorithms/comm_node/install/comm_node/share/comm_node/hook/ament_prefix_path.ps1'
[21.790s] INFO:colcon.colcon_core.shell:Creating environment descriptor '/home/jetson/Algorithms/comm_node/install/comm_node/share/comm_node/hook/ament_prefix_path.dsv'
[21.791s] INFO:colcon.colcon_core.shell:Creating environment hook '/home/jetson/Algorithms/comm_node/install/comm_node/share/comm_node/hook/ament_prefix_path.sh'
[21.794s] INFO:colcon.colcon_core.shell:Skip shell extension 'powershell' for command environment: Not usable outside of PowerShell
[21.794s] DEBUG:colcon.colcon_core.shell:Skip shell extension 'dsv' for command environment
[21.799s] DEBUG:colcon.colcon_core.shell:Ignoring prefix path '/home/jetson/yahboomcar_ws/devel'
[21.799s] DEBUG:colcon.colcon_core.shell:Ignoring prefix path '/home/jetson/software/library_ws/devel'
[23.045s] INFO:colcon.colcon_core.task.python.build:Building Python package in '/home/jetson/Algorithms/comm_node/src/comm_node'
[23.047s] INFO:colcon.colcon_core.shell:Skip shell extension 'powershell' for command environment: Not usable outside of PowerShell
[23.047s] DEBUG:colcon.colcon_core.shell:Skip shell extension 'dsv' for command environment
[23.052s] DEBUG:colcon.colcon_core.shell:Ignoring prefix path '/home/jetson/yahboomcar_ws/devel'
[23.053s] DEBUG:colcon.colcon_core.shell:Ignoring prefix path '/home/jetson/software/library_ws/devel'
[25.472s] DEBUG:colcon.colcon_core.event_handler.log_command:Invoking command in '/home/jetson/Algorithms/comm_node/src/comm_node': CMAKE_PREFIX_PATH=/home/jetson/Algorithms/comm_node/install/interface:/home/jetson/yahboomcar_ws/devel:/home/jetson/software/library_ws/devel LD_LIBRARY_PATH=/home/jetson/Algorithms/comm_node/install/interface/lib:/opt/ros/foxy/opt/yaml_cpp_vendor/lib:/opt/ros/foxy/opt/rviz_ogre_vendor/lib:/opt/ros/foxy/lib/aarch64-linux-gnu:/opt/ros/foxy/lib:/home/jetson/yahboomcar_ws/devel/lib:/home/jetson/software/library_ws/devel/lib:/usr/local/cuda-11.4/lib64 PYTHONPATH=/home/jetson/Algorithms/comm_node/build/comm_node/prefix_override:/usr/lib/python3/dist-packages/colcon_core/task/python/colcon_distutils_commands:/home/jetson/Algorithms/comm_node/install/comm_node/lib/python3.8/site-packages:/home/jetson/Algorithms/comm_node/install/interface/lib/python3.8/site-packages:${PYTHONPATH} /usr/bin/python3 -W ignore:setup.py install is deprecated -W ignore:easy_install command is deprecated setup.py egg_info --egg-base ../../build/comm_node build --build-base /home/jetson/Algorithms/comm_node/build/comm_node/build install --record /home/jetson/Algorithms/comm_node/build/comm_node/install.log --single-version-externally-managed install_data
[27.137s] Level 1:colcon.colcon_core.environment:checking '/home/jetson/Algorithms/comm_node/install/comm_node' for CMake module files
[27.138s] Level 1:colcon.colcon_core.environment:checking '/home/jetson/Algorithms/comm_node/install/comm_node' for CMake config files
[27.140s] Level 1:colcon.colcon_core.environment:checking '/home/jetson/Algorithms/comm_node/install/comm_node/lib'
[27.140s] Level 1:colcon.colcon_core.environment:checking '/home/jetson/Algorithms/comm_node/install/comm_node/bin'
[27.140s] Level 1:colcon.colcon_core.environment:checking '/home/jetson/Algorithms/comm_node/install/comm_node/lib/pkgconfig/comm_node.pc'
[27.141s] Level 1:colcon.colcon_core.environment:checking '/home/jetson/Algorithms/comm_node/install/comm_node/lib/python3.8/site-packages'
[27.141s] DEBUG:colcon.colcon_core.event_handler.log_command:Invoked command in '/home/jetson/Algorithms/comm_node/src/comm_node' returned '0': CMAKE_PREFIX_PATH=/home/jetson/Algorithms/comm_node/install/interface:/home/jetson/yahboomcar_ws/devel:/home/jetson/software/library_ws/devel LD_LIBRARY_PATH=/home/jetson/Algorithms/comm_node/install/interface/lib:/opt/ros/foxy/opt/yaml_cpp_vendor/lib:/opt/ros/foxy/opt/rviz_ogre_vendor/lib:/opt/ros/foxy/lib/aarch64-linux-gnu:/opt/ros/foxy/lib:/home/jetson/yahboomcar_ws/devel/lib:/home/jetson/software/library_ws/devel/lib:/usr/local/cuda-11.4/lib64 PYTHONPATH=/home/jetson/Algorithms/comm_node/build/comm_node/prefix_override:/usr/lib/python3/dist-packages/colcon_core/task/python/colcon_distutils_commands:/home/jetson/Algorithms/comm_node/install/comm_node/lib/python3.8/site-packages:/home/jetson/Algorithms/comm_node/install/interface/lib/python3.8/site-packages:${PYTHONPATH} /usr/bin/python3 -W ignore:setup.py install is deprecated -W ignore:easy_install command is deprecated setup.py egg_info --egg-base ../../build/comm_node build --build-base /home/jetson/Algorithms/comm_node/build/comm_node/build install --record /home/jetson/Algorithms/comm_node/build/comm_node/install.log --single-version-externally-managed install_data
[27.142s] Level 1:colcon.colcon_core.shell:create_environment_hook('comm_node', 'pythonpath')
[27.143s] INFO:colcon.colcon_core.shell:Creating environment hook '/home/jetson/Algorithms/comm_node/install/comm_node/share/comm_node/hook/pythonpath.ps1'
[27.144s] INFO:colcon.colcon_core.shell:Creating environment descriptor '/home/jetson/Algorithms/comm_node/install/comm_node/share/comm_node/hook/pythonpath.dsv'
[27.145s] INFO:colcon.colcon_core.shell:Creating environment hook '/home/jetson/Algorithms/comm_node/install/comm_node/share/comm_node/hook/pythonpath.sh'
[27.146s] Level 1:colcon.colcon_core.environment:checking '/home/jetson/Algorithms/comm_node/install/comm_node/bin'
[27.147s] Level 1:colcon.colcon_core.environment:create_environment_scripts_only(comm_node)
[27.148s] INFO:colcon.colcon_core.shell:Creating package script '/home/jetson/Algorithms/comm_node/install/comm_node/share/comm_node/package.ps1'
[27.150s] INFO:colcon.colcon_core.shell:Creating package descriptor '/home/jetson/Algorithms/comm_node/install/comm_node/share/comm_node/package.dsv'
[27.151s] INFO:colcon.colcon_core.shell:Creating package script '/home/jetson/Algorithms/comm_node/install/comm_node/share/comm_node/package.sh'
[27.152s] INFO:colcon.colcon_core.shell:Creating package script '/home/jetson/Algorithms/comm_node/install/comm_node/share/comm_node/package.bash'
[27.153s] INFO:colcon.colcon_core.shell:Creating package script '/home/jetson/Algorithms/comm_node/install/comm_node/share/comm_node/package.zsh'
[27.154s] Level 1:colcon.colcon_core.environment:create_file_with_runtime_dependencies(/home/jetson/Algorithms/comm_node/install/comm_node/share/colcon-core/packages/comm_node)
[27.156s] DEBUG:colcon.colcon_parallel_executor.executor.parallel:closing loop
[27.156s] DEBUG:colcon.colcon_parallel_executor.executor.parallel:loop closed
[27.157s] DEBUG:colcon.colcon_parallel_executor.executor.parallel:run_until_complete finished with '0'
[27.157s] DEBUG:colcon.colcon_core.event_reactor:joining thread
[27.177s] INFO:colcon.colcon_core.plugin_system:Skipping extension 'colcon_notification.desktop_notification.terminal_notifier': Not used on non-Darwin systems
[27.177s] INFO:colcon.colcon_core.plugin_system:Skipping extension 'colcon_notification.desktop_notification.win32': Not used on non-Windows systems
[27.177s] INFO:colcon.colcon_notification.desktop_notification:Sending desktop notification using 'notify2'
[27.214s] DEBUG:colcon.colcon_core.event_reactor:joined thread
[27.216s] INFO:colcon.colcon_core.shell:Creating prefix script '/home/jetson/Algorithms/comm_node/install/local_setup.ps1'
[27.218s] INFO:colcon.colcon_core.shell:Creating prefix util module '/home/jetson/Algorithms/comm_node/install/_local_setup_util_ps1.py'
[27.221s] INFO:colcon.colcon_core.shell:Creating prefix chain script '/home/jetson/Algorithms/comm_node/install/setup.ps1'
[27.225s] INFO:colcon.colcon_core.shell:Creating prefix script '/home/jetson/Algorithms/comm_node/install/local_setup.sh'
[27.226s] INFO:colcon.colcon_core.shell:Creating prefix util module '/home/jetson/Algorithms/comm_node/install/_local_setup_util_sh.py'
[27.228s] INFO:colcon.colcon_core.shell:Creating prefix chain script '/home/jetson/Algorithms/comm_node/install/setup.sh'
[27.231s] INFO:colcon.colcon_core.shell:Creating prefix script '/home/jetson/Algorithms/comm_node/install/local_setup.bash'
[27.233s] INFO:colcon.colcon_core.shell:Creating prefix chain script '/home/jetson/Algorithms/comm_node/install/setup.bash'
[27.236s] INFO:colcon.colcon_core.shell:Creating prefix script '/home/jetson/Algorithms/comm_node/install/local_setup.zsh'
[27.237s] INFO:colcon.colcon_core.shell:Creating prefix chain script '/home/jetson/Algorithms/comm_node/install/setup.zsh'
