[0.015s] Invoking command in '/home/amwhisper/ros/workspace/comm_ws/build/interface': CMAKE_PREFIX_PATH=${CMAKE_PREFIX_PATH}:/home/amwhisper/ros/workspace/comm_ws/install/test_data:/home/amwhisper/ros/workspace/comm_ws/install/comm_node:/opt/ros/humble /usr/bin/cmake --build /home/amwhisper/ros/workspace/comm_ws/build/interface -- -j6 -l6
[0.075s] [  3%] Built target interface__cpp
[0.075s] [ 12%] Built target interface__rosidl_generator_c
[0.084s] [ 12%] Built target ament_cmake_python_copy_interface
[0.098s] [ 22%] Built target interface__rosidl_typesupport_cpp
[0.103s] [ 32%] Built target interface__rosidl_typesupport_fastrtps_cpp
[0.107s] [ 41%] Built target interface__rosidl_typesupport_introspection_cpp
[0.111s] [ 51%] Built target interface__rosidl_typesupport_fastrtps_c
[0.111s] [ 61%] Built target interface__rosidl_typesupport_introspection_c
[0.114s] [ 70%] Built target interface__rosidl_typesupport_c
[0.140s] [ 70%] Built target interface
[0.163s] [ 74%] Built target interface__py
[0.187s] [ 80%] Built target interface__rosidl_generator_py
[0.211s] [ 93%] Built target interface__rosidl_typesupport_introspection_c__pyext
[0.211s] [ 93%] Built target interface__rosidl_typesupport_fastrtps_c__pyext
[0.211s] [100%] Built target interface__rosidl_typesupport_c__pyext
[0.307s] running egg_info
[0.307s] writing interface.egg-info/PKG-INFO
[0.307s] writing dependency_links to interface.egg-info/dependency_links.txt
[0.307s] writing top-level names to interface.egg-info/top_level.txt
[0.309s] reading manifest file 'interface.egg-info/SOURCES.txt'
[0.310s] writing manifest file 'interface.egg-info/SOURCES.txt'
[0.335s] [100%] Built target ament_cmake_python_build_interface_egg
[0.349s] Invoked command in '/home/amwhisper/ros/workspace/comm_ws/build/interface' returned '0': CMAKE_PREFIX_PATH=${CMAKE_PREFIX_PATH}:/home/amwhisper/ros/workspace/comm_ws/install/test_data:/home/amwhisper/ros/workspace/comm_ws/install/comm_node:/opt/ros/humble /usr/bin/cmake --build /home/amwhisper/ros/workspace/comm_ws/build/interface -- -j6 -l6
[0.494s] Invoking command in '/home/amwhisper/ros/workspace/comm_ws/build/interface': CMAKE_PREFIX_PATH=${CMAKE_PREFIX_PATH}:/home/amwhisper/ros/workspace/comm_ws/install/test_data:/home/amwhisper/ros/workspace/comm_ws/install/comm_node:/opt/ros/humble /usr/bin/cmake --install /home/amwhisper/ros/workspace/comm_ws/build/interface
[0.501s] -- Install configuration: ""
[0.501s] -- Up-to-date: /home/amwhisper/ros/workspace/comm_ws/install/interface/share/ament_index/resource_index/rosidl_interfaces/interface
[0.501s] -- Up-to-date: /home/amwhisper/ros/workspace/comm_ws/install/interface/include/interface/interface
[0.501s] -- Up-to-date: /home/amwhisper/ros/workspace/comm_ws/install/interface/include/interface/interface/msg
[0.502s] -- Up-to-date: /home/amwhisper/ros/workspace/comm_ws/install/interface/include/interface/interface/msg/detail
[0.502s] -- Up-to-date: /home/amwhisper/ros/workspace/comm_ws/install/interface/include/interface/interface/msg/detail/autoaim_data__type_support.h
[0.502s] -- Up-to-date: /home/amwhisper/ros/workspace/comm_ws/install/interface/include/interface/interface/msg/detail/autoaim_data__functions.h
[0.502s] -- Up-to-date: /home/amwhisper/ros/workspace/comm_ws/install/interface/include/interface/interface/msg/detail/autoaim_data__struct.h
[0.502s] -- Up-to-date: /home/amwhisper/ros/workspace/comm_ws/install/interface/include/interface/interface/msg/detail/autoaim_data__functions.c
[0.502s] -- Up-to-date: /home/amwhisper/ros/workspace/comm_ws/install/interface/include/interface/interface/msg/rosidl_generator_c__visibility_control.h
[0.502s] -- Up-to-date: /home/amwhisper/ros/workspace/comm_ws/install/interface/include/interface/interface/msg/autoaim_data.h
[0.502s] -- Up-to-date: /home/amwhisper/ros/workspace/comm_ws/install/interface/share/interface/environment/library_path.sh
[0.502s] -- Up-to-date: /home/amwhisper/ros/workspace/comm_ws/install/interface/share/interface/environment/library_path.dsv
[0.502s] -- Up-to-date: /home/amwhisper/ros/workspace/comm_ws/install/interface/lib/libinterface__rosidl_generator_c.so
[0.502s] -- Up-to-date: /home/amwhisper/ros/workspace/comm_ws/install/interface/include/interface/interface
[0.502s] -- Up-to-date: /home/amwhisper/ros/workspace/comm_ws/install/interface/include/interface/interface/msg
[0.503s] -- Up-to-date: /home/amwhisper/ros/workspace/comm_ws/install/interface/include/interface/interface/msg/rosidl_typesupport_fastrtps_c__visibility_control.h
[0.503s] -- Up-to-date: /home/amwhisper/ros/workspace/comm_ws/install/interface/include/interface/interface/msg/detail
[0.503s] -- Up-to-date: /home/amwhisper/ros/workspace/comm_ws/install/interface/include/interface/interface/msg/detail/autoaim_data__rosidl_typesupport_fastrtps_c.h
[0.503s] -- Up-to-date: /home/amwhisper/ros/workspace/comm_ws/install/interface/lib/libinterface__rosidl_typesupport_fastrtps_c.so
[0.503s] -- Up-to-date: /home/amwhisper/ros/workspace/comm_ws/install/interface/include/interface/interface
[0.503s] -- Up-to-date: /home/amwhisper/ros/workspace/comm_ws/install/interface/include/interface/interface/msg
[0.503s] -- Up-to-date: /home/amwhisper/ros/workspace/comm_ws/install/interface/include/interface/interface/msg/rosidl_typesupport_introspection_c__visibility_control.h
[0.503s] -- Up-to-date: /home/amwhisper/ros/workspace/comm_ws/install/interface/include/interface/interface/msg/detail
[0.503s] -- Up-to-date: /home/amwhisper/ros/workspace/comm_ws/install/interface/include/interface/interface/msg/detail/autoaim_data__rosidl_typesupport_introspection_c.h
[0.503s] -- Up-to-date: /home/amwhisper/ros/workspace/comm_ws/install/interface/include/interface/interface/msg/detail/autoaim_data__type_support.c
[0.503s] -- Up-to-date: /home/amwhisper/ros/workspace/comm_ws/install/interface/lib/libinterface__rosidl_typesupport_introspection_c.so
[0.503s] -- Up-to-date: /home/amwhisper/ros/workspace/comm_ws/install/interface/lib/libinterface__rosidl_typesupport_c.so
[0.504s] -- Up-to-date: /home/amwhisper/ros/workspace/comm_ws/install/interface/include/interface/interface
[0.504s] -- Up-to-date: /home/amwhisper/ros/workspace/comm_ws/install/interface/include/interface/interface/msg
[0.504s] -- Up-to-date: /home/amwhisper/ros/workspace/comm_ws/install/interface/include/interface/interface/msg/autoaim_data.hpp
[0.504s] -- Up-to-date: /home/amwhisper/ros/workspace/comm_ws/install/interface/include/interface/interface/msg/detail
[0.504s] -- Up-to-date: /home/amwhisper/ros/workspace/comm_ws/install/interface/include/interface/interface/msg/detail/autoaim_data__builder.hpp
[0.504s] -- Up-to-date: /home/amwhisper/ros/workspace/comm_ws/install/interface/include/interface/interface/msg/detail/autoaim_data__traits.hpp
[0.504s] -- Up-to-date: /home/amwhisper/ros/workspace/comm_ws/install/interface/include/interface/interface/msg/detail/autoaim_data__struct.hpp
[0.505s] -- Up-to-date: /home/amwhisper/ros/workspace/comm_ws/install/interface/include/interface/interface
[0.505s] -- Up-to-date: /home/amwhisper/ros/workspace/comm_ws/install/interface/include/interface/interface/msg
[0.505s] -- Up-to-date: /home/amwhisper/ros/workspace/comm_ws/install/interface/include/interface/interface/msg/rosidl_typesupport_fastrtps_cpp__visibility_control.h
[0.505s] -- Up-to-date: /home/amwhisper/ros/workspace/comm_ws/install/interface/include/interface/interface/msg/detail
[0.505s] -- Up-to-date: /home/amwhisper/ros/workspace/comm_ws/install/interface/include/interface/interface/msg/detail/autoaim_data__rosidl_typesupport_fastrtps_cpp.hpp
[0.505s] -- Up-to-date: /home/amwhisper/ros/workspace/comm_ws/install/interface/include/interface/interface/msg/detail/dds_fastrtps
[0.505s] -- Up-to-date: /home/amwhisper/ros/workspace/comm_ws/install/interface/lib/libinterface__rosidl_typesupport_fastrtps_cpp.so
[0.505s] -- Up-to-date: /home/amwhisper/ros/workspace/comm_ws/install/interface/include/interface/interface
[0.505s] -- Up-to-date: /home/amwhisper/ros/workspace/comm_ws/install/interface/include/interface/interface/msg
[0.506s] -- Up-to-date: /home/amwhisper/ros/workspace/comm_ws/install/interface/include/interface/interface/msg/detail
[0.506s] -- Up-to-date: /home/amwhisper/ros/workspace/comm_ws/install/interface/include/interface/interface/msg/detail/autoaim_data__type_support.cpp
[0.506s] -- Up-to-date: /home/amwhisper/ros/workspace/comm_ws/install/interface/include/interface/interface/msg/detail/autoaim_data__rosidl_typesupport_introspection_cpp.hpp
[0.506s] -- Up-to-date: /home/amwhisper/ros/workspace/comm_ws/install/interface/lib/libinterface__rosidl_typesupport_introspection_cpp.so
[0.506s] -- Up-to-date: /home/amwhisper/ros/workspace/comm_ws/install/interface/lib/libinterface__rosidl_typesupport_cpp.so
[0.506s] -- Up-to-date: /home/amwhisper/ros/workspace/comm_ws/install/interface/share/interface/environment/pythonpath.sh
[0.506s] -- Up-to-date: /home/amwhisper/ros/workspace/comm_ws/install/interface/share/interface/environment/pythonpath.dsv
[0.506s] -- Up-to-date: /home/amwhisper/ros/workspace/comm_ws/install/interface/local/lib/python3.10/dist-packages/interface-0.0.0-py3.10.egg-info
[0.506s] -- Installing: /home/amwhisper/ros/workspace/comm_ws/install/interface/local/lib/python3.10/dist-packages/interface-0.0.0-py3.10.egg-info/top_level.txt
[0.506s] -- Installing: /home/amwhisper/ros/workspace/comm_ws/install/interface/local/lib/python3.10/dist-packages/interface-0.0.0-py3.10.egg-info/SOURCES.txt
[0.506s] -- Installing: /home/amwhisper/ros/workspace/comm_ws/install/interface/local/lib/python3.10/dist-packages/interface-0.0.0-py3.10.egg-info/PKG-INFO
[0.506s] -- Installing: /home/amwhisper/ros/workspace/comm_ws/install/interface/local/lib/python3.10/dist-packages/interface-0.0.0-py3.10.egg-info/dependency_links.txt
[0.508s] -- Up-to-date: /home/amwhisper/ros/workspace/comm_ws/install/interface/local/lib/python3.10/dist-packages/interface
[0.508s] -- Up-to-date: /home/amwhisper/ros/workspace/comm_ws/install/interface/local/lib/python3.10/dist-packages/interface/interface_s__rosidl_typesupport_c.cpython-310-x86_64-linux-gnu.so
[0.509s] -- Up-to-date: /home/amwhisper/ros/workspace/comm_ws/install/interface/local/lib/python3.10/dist-packages/interface/msg
[0.509s] -- Up-to-date: /home/amwhisper/ros/workspace/comm_ws/install/interface/local/lib/python3.10/dist-packages/interface/msg/_autoaim_data_s.c
[0.509s] -- Up-to-date: /home/amwhisper/ros/workspace/comm_ws/install/interface/local/lib/python3.10/dist-packages/interface/msg/__init__.py
[0.509s] -- Up-to-date: /home/amwhisper/ros/workspace/comm_ws/install/interface/local/lib/python3.10/dist-packages/interface/msg/_autoaim_data.py
[0.509s] -- Up-to-date: /home/amwhisper/ros/workspace/comm_ws/install/interface/local/lib/python3.10/dist-packages/interface/_interface_s.ep.rosidl_typesupport_fastrtps_c.c
[0.509s] -- Up-to-date: /home/amwhisper/ros/workspace/comm_ws/install/interface/local/lib/python3.10/dist-packages/interface/__init__.py
[0.509s] -- Up-to-date: /home/amwhisper/ros/workspace/comm_ws/install/interface/local/lib/python3.10/dist-packages/interface/interface_s__rosidl_typesupport_fastrtps_c.cpython-310-x86_64-linux-gnu.so
[0.509s] -- Up-to-date: /home/amwhisper/ros/workspace/comm_ws/install/interface/local/lib/python3.10/dist-packages/interface/_interface_s.ep.rosidl_typesupport_c.c
[0.509s] -- Up-to-date: /home/amwhisper/ros/workspace/comm_ws/install/interface/local/lib/python3.10/dist-packages/interface/interface_s__rosidl_typesupport_introspection_c.cpython-310-x86_64-linux-gnu.so
[0.509s] -- Up-to-date: /home/amwhisper/ros/workspace/comm_ws/install/interface/local/lib/python3.10/dist-packages/interface/_interface_s.ep.rosidl_typesupport_introspection_c.c
[0.509s] -- Up-to-date: /home/amwhisper/ros/workspace/comm_ws/install/interface/local/lib/python3.10/dist-packages/interface/libinterface__rosidl_generator_py.so
[0.536s] Listing '/home/amwhisper/ros/workspace/comm_ws/install/interface/local/lib/python3.10/dist-packages/interface'...
[0.536s] Listing '/home/amwhisper/ros/workspace/comm_ws/install/interface/local/lib/python3.10/dist-packages/interface/msg'...
[0.538s] -- Up-to-date: /home/amwhisper/ros/workspace/comm_ws/install/interface/local/lib/python3.10/dist-packages/interface/interface_s__rosidl_typesupport_fastrtps_c.cpython-310-x86_64-linux-gnu.so
[0.539s] -- Up-to-date: /home/amwhisper/ros/workspace/comm_ws/install/interface/local/lib/python3.10/dist-packages/interface/interface_s__rosidl_typesupport_introspection_c.cpython-310-x86_64-linux-gnu.so
[0.539s] -- Up-to-date: /home/amwhisper/ros/workspace/comm_ws/install/interface/local/lib/python3.10/dist-packages/interface/interface_s__rosidl_typesupport_c.cpython-310-x86_64-linux-gnu.so
[0.539s] -- Up-to-date: /home/amwhisper/ros/workspace/comm_ws/install/interface/lib/libinterface__rosidl_generator_py.so
[0.541s] -- Up-to-date: /home/amwhisper/ros/workspace/comm_ws/install/interface/share/interface/msg/AutoaimData.idl
[0.541s] -- Up-to-date: /home/amwhisper/ros/workspace/comm_ws/install/interface/share/interface/msg/AutoaimData.msg
[0.541s] -- Up-to-date: /home/amwhisper/ros/workspace/comm_ws/install/interface/share/ament_index/resource_index/package_run_dependencies/interface
[0.541s] -- Up-to-date: /home/amwhisper/ros/workspace/comm_ws/install/interface/share/ament_index/resource_index/parent_prefix_path/interface
[0.541s] -- Up-to-date: /home/amwhisper/ros/workspace/comm_ws/install/interface/share/interface/environment/ament_prefix_path.sh
[0.541s] -- Up-to-date: /home/amwhisper/ros/workspace/comm_ws/install/interface/share/interface/environment/ament_prefix_path.dsv
[0.541s] -- Up-to-date: /home/amwhisper/ros/workspace/comm_ws/install/interface/share/interface/environment/path.sh
[0.542s] -- Up-to-date: /home/amwhisper/ros/workspace/comm_ws/install/interface/share/interface/environment/path.dsv
[0.542s] -- Up-to-date: /home/amwhisper/ros/workspace/comm_ws/install/interface/share/interface/local_setup.bash
[0.542s] -- Up-to-date: /home/amwhisper/ros/workspace/comm_ws/install/interface/share/interface/local_setup.sh
[0.542s] -- Up-to-date: /home/amwhisper/ros/workspace/comm_ws/install/interface/share/interface/local_setup.zsh
[0.542s] -- Up-to-date: /home/amwhisper/ros/workspace/comm_ws/install/interface/share/interface/local_setup.dsv
[0.542s] -- Installing: /home/amwhisper/ros/workspace/comm_ws/install/interface/share/interface/package.dsv
[0.542s] -- Up-to-date: /home/amwhisper/ros/workspace/comm_ws/install/interface/share/ament_index/resource_index/packages/interface
[0.542s] -- Up-to-date: /home/amwhisper/ros/workspace/comm_ws/install/interface/share/interface/cmake/export_interface__rosidl_generator_cExport.cmake
[0.542s] -- Up-to-date: /home/amwhisper/ros/workspace/comm_ws/install/interface/share/interface/cmake/export_interface__rosidl_generator_cExport-noconfig.cmake
[0.542s] -- Up-to-date: /home/amwhisper/ros/workspace/comm_ws/install/interface/share/interface/cmake/export_interface__rosidl_typesupport_fastrtps_cExport.cmake
[0.542s] -- Up-to-date: /home/amwhisper/ros/workspace/comm_ws/install/interface/share/interface/cmake/export_interface__rosidl_typesupport_fastrtps_cExport-noconfig.cmake
[0.542s] -- Up-to-date: /home/amwhisper/ros/workspace/comm_ws/install/interface/share/interface/cmake/interface__rosidl_typesupport_introspection_cExport.cmake
[0.542s] -- Up-to-date: /home/amwhisper/ros/workspace/comm_ws/install/interface/share/interface/cmake/interface__rosidl_typesupport_introspection_cExport-noconfig.cmake
[0.542s] -- Up-to-date: /home/amwhisper/ros/workspace/comm_ws/install/interface/share/interface/cmake/interface__rosidl_typesupport_cExport.cmake
[0.542s] -- Up-to-date: /home/amwhisper/ros/workspace/comm_ws/install/interface/share/interface/cmake/interface__rosidl_typesupport_cExport-noconfig.cmake
[0.542s] -- Up-to-date: /home/amwhisper/ros/workspace/comm_ws/install/interface/share/interface/cmake/export_interface__rosidl_generator_cppExport.cmake
[0.542s] -- Up-to-date: /home/amwhisper/ros/workspace/comm_ws/install/interface/share/interface/cmake/export_interface__rosidl_typesupport_fastrtps_cppExport.cmake
[0.543s] -- Up-to-date: /home/amwhisper/ros/workspace/comm_ws/install/interface/share/interface/cmake/export_interface__rosidl_typesupport_fastrtps_cppExport-noconfig.cmake
[0.543s] -- Up-to-date: /home/amwhisper/ros/workspace/comm_ws/install/interface/share/interface/cmake/interface__rosidl_typesupport_introspection_cppExport.cmake
[0.543s] -- Up-to-date: /home/amwhisper/ros/workspace/comm_ws/install/interface/share/interface/cmake/interface__rosidl_typesupport_introspection_cppExport-noconfig.cmake
[0.543s] -- Up-to-date: /home/amwhisper/ros/workspace/comm_ws/install/interface/share/interface/cmake/interface__rosidl_typesupport_cppExport.cmake
[0.543s] -- Up-to-date: /home/amwhisper/ros/workspace/comm_ws/install/interface/share/interface/cmake/interface__rosidl_typesupport_cppExport-noconfig.cmake
[0.543s] -- Up-to-date: /home/amwhisper/ros/workspace/comm_ws/install/interface/share/interface/cmake/export_interface__rosidl_generator_pyExport.cmake
[0.543s] -- Up-to-date: /home/amwhisper/ros/workspace/comm_ws/install/interface/share/interface/cmake/export_interface__rosidl_generator_pyExport-noconfig.cmake
[0.543s] -- Up-to-date: /home/amwhisper/ros/workspace/comm_ws/install/interface/share/interface/cmake/rosidl_cmake-extras.cmake
[0.543s] -- Up-to-date: /home/amwhisper/ros/workspace/comm_ws/install/interface/share/interface/cmake/ament_cmake_export_dependencies-extras.cmake
[0.543s] -- Up-to-date: /home/amwhisper/ros/workspace/comm_ws/install/interface/share/interface/cmake/ament_cmake_export_include_directories-extras.cmake
[0.543s] -- Up-to-date: /home/amwhisper/ros/workspace/comm_ws/install/interface/share/interface/cmake/ament_cmake_export_libraries-extras.cmake
[0.543s] -- Up-to-date: /home/amwhisper/ros/workspace/comm_ws/install/interface/share/interface/cmake/ament_cmake_export_targets-extras.cmake
[0.543s] -- Up-to-date: /home/amwhisper/ros/workspace/comm_ws/install/interface/share/interface/cmake/rosidl_cmake_export_typesupport_targets-extras.cmake
[0.543s] -- Up-to-date: /home/amwhisper/ros/workspace/comm_ws/install/interface/share/interface/cmake/rosidl_cmake_export_typesupport_libraries-extras.cmake
[0.543s] -- Up-to-date: /home/amwhisper/ros/workspace/comm_ws/install/interface/share/interface/cmake/interfaceConfig.cmake
[0.543s] -- Up-to-date: /home/amwhisper/ros/workspace/comm_ws/install/interface/share/interface/cmake/interfaceConfig-version.cmake
[0.543s] -- Up-to-date: /home/amwhisper/ros/workspace/comm_ws/install/interface/share/interface/package.xml
[0.546s] Invoked command in '/home/amwhisper/ros/workspace/comm_ws/build/interface' returned '0': CMAKE_PREFIX_PATH=${CMAKE_PREFIX_PATH}:/home/amwhisper/ros/workspace/comm_ws/install/test_data:/home/amwhisper/ros/workspace/comm_ws/install/comm_node:/opt/ros/humble /usr/bin/cmake --install /home/amwhisper/ros/workspace/comm_ws/build/interface
