[0.080s] DEBUG:colcon:Command line arguments: ['/usr/bin/colcon', 'build']
[0.081s] DEBUG:colcon:Parsed command line arguments: Namespace(log_base=None, log_level=None, verb_name='build', build_base='build', install_base='install', merge_install=False, symlink_install=False, test_result_base=None, continue_on_error=False, executor='parallel', parallel_workers=6, event_handlers=None, ignore_user_meta=False, metas=['./colcon.meta'], base_paths=['.'], packages_ignore=None, packages_ignore_regex=None, paths=None, packages_up_to=None, packages_up_to_regex=None, packages_above=None, packages_above_and_dependencies=None, packages_above_depth=None, packages_select_by_dep=None, packages_skip_by_dep=None, packages_skip_up_to=None, packages_select_build_failed=False, packages_skip_build_finished=False, packages_select_test_failures=False, packages_skip_test_passed=False, packages_select=None, packages_skip=None, packages_select_regex=None, packages_skip_regex=None, packages_start=None, packages_end=None, allow_overriding=[], cmake_args=None, cmake_target=None, cmake_target_skip_unavailable=False, cmake_clean_cache=False, cmake_clean_first=False, cmake_force_configure=False, ament_cmake_args=None, catkin_cmake_args=None, catkin_skip_building_tests=False, verb_parser=<colcon_defaults.argument_parser.defaults.DefaultArgumentsDecorator object at 0x77f598544190>, verb_extension=<colcon_core.verb.build.BuildVerb object at 0x77f5986b5990>, main=<bound method BuildVerb.main of <colcon_core.verb.build.BuildVerb object at 0x77f5986b5990>>)
[0.200s] Level 1:colcon.colcon_core.package_discovery:discover_packages(colcon_meta) check parameters
[0.200s] Level 1:colcon.colcon_core.package_discovery:discover_packages(recursive) check parameters
[0.200s] Level 1:colcon.colcon_core.package_discovery:discover_packages(ignore) check parameters
[0.200s] Level 1:colcon.colcon_core.package_discovery:discover_packages(path) check parameters
[0.200s] Level 1:colcon.colcon_core.package_discovery:discover_packages(colcon_meta) discover
[0.200s] Level 1:colcon.colcon_core.package_discovery:discover_packages(recursive) discover
[0.200s] INFO:colcon.colcon_core.package_discovery:Crawling recursively for packages in '/home/amwhisper/ros/workspace/comm_ws'
[0.200s] Level 1:colcon.colcon_core.package_identification:_identify(.) by extensions ['ignore', 'ignore_ament_install']
[0.201s] Level 1:colcon.colcon_core.package_identification:_identify(.) by extension 'ignore'
[0.201s] Level 1:colcon.colcon_core.package_identification:_identify(.) by extension 'ignore_ament_install'
[0.201s] Level 1:colcon.colcon_core.package_identification:_identify(.) by extensions ['colcon_pkg']
[0.201s] Level 1:colcon.colcon_core.package_identification:_identify(.) by extension 'colcon_pkg'
[0.201s] Level 1:colcon.colcon_core.package_identification:_identify(.) by extensions ['colcon_meta']
[0.201s] Level 1:colcon.colcon_core.package_identification:_identify(.) by extension 'colcon_meta'
[0.201s] Level 1:colcon.colcon_core.package_identification:_identify(.) by extensions ['ros']
[0.201s] Level 1:colcon.colcon_core.package_identification:_identify(.) by extension 'ros'
[0.210s] Level 1:colcon.colcon_core.package_identification:_identify(.) by extensions ['cmake', 'python']
[0.210s] Level 1:colcon.colcon_core.package_identification:_identify(.) by extension 'cmake'
[0.210s] Level 1:colcon.colcon_core.package_identification:_identify(.) by extension 'python'
[0.210s] Level 1:colcon.colcon_core.package_identification:_identify(.) by extensions ['python_setup_py']
[0.210s] Level 1:colcon.colcon_core.package_identification:_identify(.) by extension 'python_setup_py'
[0.210s] Level 1:colcon.colcon_core.package_identification:_identify(build) by extensions ['ignore', 'ignore_ament_install']
[0.211s] Level 1:colcon.colcon_core.package_identification:_identify(build) by extension 'ignore'
[0.211s] Level 1:colcon.colcon_core.package_identification:_identify(build) ignored
[0.211s] Level 1:colcon.colcon_core.package_identification:_identify(install) by extensions ['ignore', 'ignore_ament_install']
[0.211s] Level 1:colcon.colcon_core.package_identification:_identify(install) by extension 'ignore'
[0.211s] Level 1:colcon.colcon_core.package_identification:_identify(install) ignored
[0.211s] Level 1:colcon.colcon_core.package_identification:_identify(log) by extensions ['ignore', 'ignore_ament_install']
[0.211s] Level 1:colcon.colcon_core.package_identification:_identify(log) by extension 'ignore'
[0.211s] Level 1:colcon.colcon_core.package_identification:_identify(log) ignored
[0.211s] Level 1:colcon.colcon_core.package_identification:_identify(src) by extensions ['ignore', 'ignore_ament_install']
[0.211s] Level 1:colcon.colcon_core.package_identification:_identify(src) by extension 'ignore'
[0.211s] Level 1:colcon.colcon_core.package_identification:_identify(src) by extension 'ignore_ament_install'
[0.211s] Level 1:colcon.colcon_core.package_identification:_identify(src) by extensions ['colcon_pkg']
[0.211s] Level 1:colcon.colcon_core.package_identification:_identify(src) by extension 'colcon_pkg'
[0.211s] Level 1:colcon.colcon_core.package_identification:_identify(src) by extensions ['colcon_meta']
[0.211s] Level 1:colcon.colcon_core.package_identification:_identify(src) by extension 'colcon_meta'
[0.211s] Level 1:colcon.colcon_core.package_identification:_identify(src) by extensions ['ros']
[0.211s] Level 1:colcon.colcon_core.package_identification:_identify(src) by extension 'ros'
[0.211s] Level 1:colcon.colcon_core.package_identification:_identify(src) by extensions ['cmake', 'python']
[0.211s] Level 1:colcon.colcon_core.package_identification:_identify(src) by extension 'cmake'
[0.211s] Level 1:colcon.colcon_core.package_identification:_identify(src) by extension 'python'
[0.211s] Level 1:colcon.colcon_core.package_identification:_identify(src) by extensions ['python_setup_py']
[0.212s] Level 1:colcon.colcon_core.package_identification:_identify(src) by extension 'python_setup_py'
[0.212s] Level 1:colcon.colcon_core.package_identification:_identify(src/comm_node) by extensions ['ignore', 'ignore_ament_install']
[0.212s] Level 1:colcon.colcon_core.package_identification:_identify(src/comm_node) by extension 'ignore'
[0.212s] Level 1:colcon.colcon_core.package_identification:_identify(src/comm_node) by extension 'ignore_ament_install'
[0.212s] Level 1:colcon.colcon_core.package_identification:_identify(src/comm_node) by extensions ['colcon_pkg']
[0.212s] Level 1:colcon.colcon_core.package_identification:_identify(src/comm_node) by extension 'colcon_pkg'
[0.212s] Level 1:colcon.colcon_core.package_identification:_identify(src/comm_node) by extensions ['colcon_meta']
[0.212s] Level 1:colcon.colcon_core.package_identification:_identify(src/comm_node) by extension 'colcon_meta'
[0.212s] Level 1:colcon.colcon_core.package_identification:_identify(src/comm_node) by extensions ['ros']
[0.212s] Level 1:colcon.colcon_core.package_identification:_identify(src/comm_node) by extension 'ros'
[0.214s] DEBUG:colcon.colcon_core.package_identification:Package 'src/comm_node' with type 'ros.ament_python' and name 'comm_node'
[0.214s] Level 1:colcon.colcon_core.package_identification:_identify(src/interface) by extensions ['ignore', 'ignore_ament_install']
[0.214s] Level 1:colcon.colcon_core.package_identification:_identify(src/interface) by extension 'ignore'
[0.214s] Level 1:colcon.colcon_core.package_identification:_identify(src/interface) by extension 'ignore_ament_install'
[0.214s] Level 1:colcon.colcon_core.package_identification:_identify(src/interface) by extensions ['colcon_pkg']
[0.214s] Level 1:colcon.colcon_core.package_identification:_identify(src/interface) by extension 'colcon_pkg'
[0.214s] Level 1:colcon.colcon_core.package_identification:_identify(src/interface) by extensions ['colcon_meta']
[0.214s] Level 1:colcon.colcon_core.package_identification:_identify(src/interface) by extension 'colcon_meta'
[0.214s] Level 1:colcon.colcon_core.package_identification:_identify(src/interface) by extensions ['ros']
[0.214s] Level 1:colcon.colcon_core.package_identification:_identify(src/interface) by extension 'ros'
[0.215s] DEBUG:colcon.colcon_core.package_identification:Package 'src/interface' with type 'ros.ament_cmake' and name 'interface'
[0.215s] Level 1:colcon.colcon_core.package_identification:_identify(src/test_data) by extensions ['ignore', 'ignore_ament_install']
[0.215s] Level 1:colcon.colcon_core.package_identification:_identify(src/test_data) by extension 'ignore'
[0.215s] Level 1:colcon.colcon_core.package_identification:_identify(src/test_data) by extension 'ignore_ament_install'
[0.215s] Level 1:colcon.colcon_core.package_identification:_identify(src/test_data) by extensions ['colcon_pkg']
[0.215s] Level 1:colcon.colcon_core.package_identification:_identify(src/test_data) by extension 'colcon_pkg'
[0.215s] Level 1:colcon.colcon_core.package_identification:_identify(src/test_data) by extensions ['colcon_meta']
[0.215s] Level 1:colcon.colcon_core.package_identification:_identify(src/test_data) by extension 'colcon_meta'
[0.215s] Level 1:colcon.colcon_core.package_identification:_identify(src/test_data) by extensions ['ros']
[0.215s] Level 1:colcon.colcon_core.package_identification:_identify(src/test_data) by extension 'ros'
[0.216s] DEBUG:colcon.colcon_core.package_identification:Package 'src/test_data' with type 'ros.ament_python' and name 'test_data'
[0.216s] Level 1:colcon.colcon_core.package_discovery:discover_packages(recursive) using defaults
[0.216s] Level 1:colcon.colcon_core.package_discovery:discover_packages(ignore) discover
[0.216s] Level 1:colcon.colcon_core.package_discovery:discover_packages(ignore) using defaults
[0.216s] Level 1:colcon.colcon_core.package_discovery:discover_packages(path) discover
[0.216s] Level 1:colcon.colcon_core.package_discovery:discover_packages(path) using defaults
[0.232s] Level 1:colcon.colcon_core.package_discovery:discover_packages(prefix_path) check parameters
[0.232s] Level 1:colcon.colcon_core.package_discovery:discover_packages(prefix_path) discover
[0.233s] DEBUG:colcon.colcon_installed_package_information.package_discovery:Found 3 installed packages in /home/amwhisper/ros/workspace/comm_ws/install
[0.234s] DEBUG:colcon.colcon_installed_package_information.package_discovery:Found 270 installed packages in /opt/ros/humble
[0.235s] Level 1:colcon.colcon_core.package_discovery:discover_packages(prefix_path) using defaults
[0.270s] Level 5:colcon.colcon_core.verb:set package 'interface' build argument 'cmake_args' from command line to 'None'
[0.270s] Level 5:colcon.colcon_core.verb:set package 'interface' build argument 'cmake_target' from command line to 'None'
[0.270s] Level 5:colcon.colcon_core.verb:set package 'interface' build argument 'cmake_target_skip_unavailable' from command line to 'False'
[0.270s] Level 5:colcon.colcon_core.verb:set package 'interface' build argument 'cmake_clean_cache' from command line to 'False'
[0.270s] Level 5:colcon.colcon_core.verb:set package 'interface' build argument 'cmake_clean_first' from command line to 'False'
[0.270s] Level 5:colcon.colcon_core.verb:set package 'interface' build argument 'cmake_force_configure' from command line to 'False'
[0.270s] Level 5:colcon.colcon_core.verb:set package 'interface' build argument 'ament_cmake_args' from command line to 'None'
[0.270s] Level 5:colcon.colcon_core.verb:set package 'interface' build argument 'catkin_cmake_args' from command line to 'None'
[0.270s] Level 5:colcon.colcon_core.verb:set package 'interface' build argument 'catkin_skip_building_tests' from command line to 'False'
[0.270s] DEBUG:colcon.colcon_core.verb:Building package 'interface' with the following arguments: {'ament_cmake_args': None, 'build_base': '/home/amwhisper/ros/workspace/comm_ws/build/interface', 'catkin_cmake_args': None, 'catkin_skip_building_tests': False, 'cmake_args': None, 'cmake_clean_cache': False, 'cmake_clean_first': False, 'cmake_force_configure': False, 'cmake_target': None, 'cmake_target_skip_unavailable': False, 'install_base': '/home/amwhisper/ros/workspace/comm_ws/install/interface', 'merge_install': False, 'path': '/home/amwhisper/ros/workspace/comm_ws/src/interface', 'symlink_install': False, 'test_result_base': None}
[0.270s] Level 5:colcon.colcon_core.verb:set package 'comm_node' build argument 'cmake_args' from command line to 'None'
[0.271s] Level 5:colcon.colcon_core.verb:set package 'comm_node' build argument 'cmake_target' from command line to 'None'
[0.271s] Level 5:colcon.colcon_core.verb:set package 'comm_node' build argument 'cmake_target_skip_unavailable' from command line to 'False'
[0.271s] Level 5:colcon.colcon_core.verb:set package 'comm_node' build argument 'cmake_clean_cache' from command line to 'False'
[0.271s] Level 5:colcon.colcon_core.verb:set package 'comm_node' build argument 'cmake_clean_first' from command line to 'False'
[0.271s] Level 5:colcon.colcon_core.verb:set package 'comm_node' build argument 'cmake_force_configure' from command line to 'False'
[0.271s] Level 5:colcon.colcon_core.verb:set package 'comm_node' build argument 'ament_cmake_args' from command line to 'None'
[0.271s] Level 5:colcon.colcon_core.verb:set package 'comm_node' build argument 'catkin_cmake_args' from command line to 'None'
[0.271s] Level 5:colcon.colcon_core.verb:set package 'comm_node' build argument 'catkin_skip_building_tests' from command line to 'False'
[0.271s] DEBUG:colcon.colcon_core.verb:Building package 'comm_node' with the following arguments: {'ament_cmake_args': None, 'build_base': '/home/amwhisper/ros/workspace/comm_ws/build/comm_node', 'catkin_cmake_args': None, 'catkin_skip_building_tests': False, 'cmake_args': None, 'cmake_clean_cache': False, 'cmake_clean_first': False, 'cmake_force_configure': False, 'cmake_target': None, 'cmake_target_skip_unavailable': False, 'install_base': '/home/amwhisper/ros/workspace/comm_ws/install/comm_node', 'merge_install': False, 'path': '/home/amwhisper/ros/workspace/comm_ws/src/comm_node', 'symlink_install': False, 'test_result_base': None}
[0.271s] Level 5:colcon.colcon_core.verb:set package 'test_data' build argument 'cmake_args' from command line to 'None'
[0.271s] Level 5:colcon.colcon_core.verb:set package 'test_data' build argument 'cmake_target' from command line to 'None'
[0.271s] Level 5:colcon.colcon_core.verb:set package 'test_data' build argument 'cmake_target_skip_unavailable' from command line to 'False'
[0.271s] Level 5:colcon.colcon_core.verb:set package 'test_data' build argument 'cmake_clean_cache' from command line to 'False'
[0.271s] Level 5:colcon.colcon_core.verb:set package 'test_data' build argument 'cmake_clean_first' from command line to 'False'
[0.271s] Level 5:colcon.colcon_core.verb:set package 'test_data' build argument 'cmake_force_configure' from command line to 'False'
[0.271s] Level 5:colcon.colcon_core.verb:set package 'test_data' build argument 'ament_cmake_args' from command line to 'None'
[0.271s] Level 5:colcon.colcon_core.verb:set package 'test_data' build argument 'catkin_cmake_args' from command line to 'None'
[0.271s] Level 5:colcon.colcon_core.verb:set package 'test_data' build argument 'catkin_skip_building_tests' from command line to 'False'
[0.271s] DEBUG:colcon.colcon_core.verb:Building package 'test_data' with the following arguments: {'ament_cmake_args': None, 'build_base': '/home/amwhisper/ros/workspace/comm_ws/build/test_data', 'catkin_cmake_args': None, 'catkin_skip_building_tests': False, 'cmake_args': None, 'cmake_clean_cache': False, 'cmake_clean_first': False, 'cmake_force_configure': False, 'cmake_target': None, 'cmake_target_skip_unavailable': False, 'install_base': '/home/amwhisper/ros/workspace/comm_ws/install/test_data', 'merge_install': False, 'path': '/home/amwhisper/ros/workspace/comm_ws/src/test_data', 'symlink_install': False, 'test_result_base': None}
[0.271s] INFO:colcon.colcon_core.executor:Executing jobs using 'parallel' executor
[0.272s] DEBUG:colcon.colcon_parallel_executor.executor.parallel:run_until_complete
[0.272s] INFO:colcon.colcon_ros.task.ament_cmake.build:Building ROS package in '/home/amwhisper/ros/workspace/comm_ws/src/interface' with build type 'ament_cmake'
[0.272s] INFO:colcon.colcon_cmake.task.cmake.build:Building CMake package in '/home/amwhisper/ros/workspace/comm_ws/src/interface'
[0.274s] INFO:colcon.colcon_core.plugin_system:Skipping extension 'colcon_core.shell.bat': Not used on non-Windows systems
[0.275s] INFO:colcon.colcon_core.shell:Skip shell extension 'powershell' for command environment: Not usable outside of PowerShell
[0.275s] DEBUG:colcon.colcon_core.shell:Skip shell extension 'dsv' for command environment
[0.304s] DEBUG:colcon.colcon_core.event_handler.log_command:Invoking command in '/home/amwhisper/ros/workspace/comm_ws/build/interface': CMAKE_PREFIX_PATH=${CMAKE_PREFIX_PATH}:/home/amwhisper/ros/workspace/comm_ws/install/test_data:/home/amwhisper/ros/workspace/comm_ws/install/comm_node:/opt/ros/humble /usr/bin/cmake --build /home/amwhisper/ros/workspace/comm_ws/build/interface -- -j6 -l6
[0.612s] DEBUG:colcon.colcon_core.event_handler.log_command:Invoked command in '/home/amwhisper/ros/workspace/comm_ws/build/interface' returned '0': CMAKE_PREFIX_PATH=${CMAKE_PREFIX_PATH}:/home/amwhisper/ros/workspace/comm_ws/install/test_data:/home/amwhisper/ros/workspace/comm_ws/install/comm_node:/opt/ros/humble /usr/bin/cmake --build /home/amwhisper/ros/workspace/comm_ws/build/interface -- -j6 -l6
[0.737s] DEBUG:colcon.colcon_core.event_handler.log_command:Invoking command in '/home/amwhisper/ros/workspace/comm_ws/build/interface': CMAKE_PREFIX_PATH=${CMAKE_PREFIX_PATH}:/home/amwhisper/ros/workspace/comm_ws/install/test_data:/home/amwhisper/ros/workspace/comm_ws/install/comm_node:/opt/ros/humble /usr/bin/cmake --install /home/amwhisper/ros/workspace/comm_ws/build/interface
[0.789s] Level 1:colcon.colcon_core.environment:create_environment_scripts_only(interface)
[0.790s] DEBUG:colcon.colcon_core.event_handler.log_command:Invoked command in '/home/amwhisper/ros/workspace/comm_ws/build/interface' returned '0': CMAKE_PREFIX_PATH=${CMAKE_PREFIX_PATH}:/home/amwhisper/ros/workspace/comm_ws/install/test_data:/home/amwhisper/ros/workspace/comm_ws/install/comm_node:/opt/ros/humble /usr/bin/cmake --install /home/amwhisper/ros/workspace/comm_ws/build/interface
[0.792s] Level 1:colcon.colcon_core.environment:checking '/home/amwhisper/ros/workspace/comm_ws/install/interface' for CMake module files
[0.793s] Level 1:colcon.colcon_core.environment:checking '/home/amwhisper/ros/workspace/comm_ws/install/interface' for CMake config files
[0.793s] Level 1:colcon.colcon_core.shell:create_environment_hook('interface', 'cmake_prefix_path')
[0.793s] INFO:colcon.colcon_core.shell:Creating environment hook '/home/amwhisper/ros/workspace/comm_ws/install/interface/share/interface/hook/cmake_prefix_path.ps1'
[0.794s] INFO:colcon.colcon_core.shell:Creating environment descriptor '/home/amwhisper/ros/workspace/comm_ws/install/interface/share/interface/hook/cmake_prefix_path.dsv'
[0.795s] INFO:colcon.colcon_core.shell:Creating environment hook '/home/amwhisper/ros/workspace/comm_ws/install/interface/share/interface/hook/cmake_prefix_path.sh'
[0.796s] Level 1:colcon.colcon_core.environment:checking '/home/amwhisper/ros/workspace/comm_ws/install/interface/lib'
[0.796s] Level 1:colcon.colcon_core.shell:create_environment_hook('interface', 'ld_library_path_lib')
[0.797s] INFO:colcon.colcon_core.shell:Creating environment hook '/home/amwhisper/ros/workspace/comm_ws/install/interface/share/interface/hook/ld_library_path_lib.ps1'
[0.797s] INFO:colcon.colcon_core.shell:Creating environment descriptor '/home/amwhisper/ros/workspace/comm_ws/install/interface/share/interface/hook/ld_library_path_lib.dsv'
[0.798s] INFO:colcon.colcon_core.shell:Creating environment hook '/home/amwhisper/ros/workspace/comm_ws/install/interface/share/interface/hook/ld_library_path_lib.sh'
[0.798s] Level 1:colcon.colcon_core.environment:checking '/home/amwhisper/ros/workspace/comm_ws/install/interface/bin'
[0.798s] Level 1:colcon.colcon_core.environment:checking '/home/amwhisper/ros/workspace/comm_ws/install/interface/lib/pkgconfig/interface.pc'
[0.799s] Level 1:colcon.colcon_core.environment:checking '/home/amwhisper/ros/workspace/comm_ws/install/interface/lib/python3.10/site-packages'
[0.799s] Level 1:colcon.colcon_core.environment:checking '/home/amwhisper/ros/workspace/comm_ws/install/interface/bin'
[0.799s] INFO:colcon.colcon_core.shell:Creating package script '/home/amwhisper/ros/workspace/comm_ws/install/interface/share/interface/package.ps1'
[0.800s] INFO:colcon.colcon_core.shell:Creating package descriptor '/home/amwhisper/ros/workspace/comm_ws/install/interface/share/interface/package.dsv'
[0.801s] INFO:colcon.colcon_core.shell:Creating package script '/home/amwhisper/ros/workspace/comm_ws/install/interface/share/interface/package.sh'
[0.802s] INFO:colcon.colcon_core.shell:Creating package script '/home/amwhisper/ros/workspace/comm_ws/install/interface/share/interface/package.bash'
[0.802s] INFO:colcon.colcon_core.shell:Creating package script '/home/amwhisper/ros/workspace/comm_ws/install/interface/share/interface/package.zsh'
[0.803s] Level 1:colcon.colcon_core.environment:create_file_with_runtime_dependencies(/home/amwhisper/ros/workspace/comm_ws/install/interface/share/colcon-core/packages/interface)
[0.913s] Level 1:colcon.colcon_core.environment:create_environment_scripts_only(interface)
[0.913s] Level 1:colcon.colcon_core.environment:checking '/home/amwhisper/ros/workspace/comm_ws/install/interface' for CMake module files
[0.914s] Level 1:colcon.colcon_core.environment:checking '/home/amwhisper/ros/workspace/comm_ws/install/interface' for CMake config files
[0.914s] Level 1:colcon.colcon_core.shell:create_environment_hook('interface', 'cmake_prefix_path')
[0.914s] INFO:colcon.colcon_core.shell:Creating environment hook '/home/amwhisper/ros/workspace/comm_ws/install/interface/share/interface/hook/cmake_prefix_path.ps1'
[0.915s] INFO:colcon.colcon_core.shell:Creating environment descriptor '/home/amwhisper/ros/workspace/comm_ws/install/interface/share/interface/hook/cmake_prefix_path.dsv'
[0.916s] INFO:colcon.colcon_core.shell:Creating environment hook '/home/amwhisper/ros/workspace/comm_ws/install/interface/share/interface/hook/cmake_prefix_path.sh'
[0.916s] Level 1:colcon.colcon_core.environment:checking '/home/amwhisper/ros/workspace/comm_ws/install/interface/lib'
[0.916s] Level 1:colcon.colcon_core.shell:create_environment_hook('interface', 'ld_library_path_lib')
[0.917s] INFO:colcon.colcon_core.shell:Creating environment hook '/home/amwhisper/ros/workspace/comm_ws/install/interface/share/interface/hook/ld_library_path_lib.ps1'
[0.917s] INFO:colcon.colcon_core.shell:Creating environment descriptor '/home/amwhisper/ros/workspace/comm_ws/install/interface/share/interface/hook/ld_library_path_lib.dsv'
[0.917s] INFO:colcon.colcon_core.shell:Creating environment hook '/home/amwhisper/ros/workspace/comm_ws/install/interface/share/interface/hook/ld_library_path_lib.sh'
[0.918s] Level 1:colcon.colcon_core.environment:checking '/home/amwhisper/ros/workspace/comm_ws/install/interface/bin'
[0.918s] Level 1:colcon.colcon_core.environment:checking '/home/amwhisper/ros/workspace/comm_ws/install/interface/lib/pkgconfig/interface.pc'
[0.918s] Level 1:colcon.colcon_core.environment:checking '/home/amwhisper/ros/workspace/comm_ws/install/interface/lib/python3.10/site-packages'
[0.919s] Level 1:colcon.colcon_core.environment:checking '/home/amwhisper/ros/workspace/comm_ws/install/interface/bin'
[0.919s] INFO:colcon.colcon_core.shell:Creating package script '/home/amwhisper/ros/workspace/comm_ws/install/interface/share/interface/package.ps1'
[0.919s] INFO:colcon.colcon_core.shell:Creating package descriptor '/home/amwhisper/ros/workspace/comm_ws/install/interface/share/interface/package.dsv'
[0.920s] INFO:colcon.colcon_core.shell:Creating package script '/home/amwhisper/ros/workspace/comm_ws/install/interface/share/interface/package.sh'
[0.921s] INFO:colcon.colcon_core.shell:Creating package script '/home/amwhisper/ros/workspace/comm_ws/install/interface/share/interface/package.bash'
[0.921s] INFO:colcon.colcon_core.shell:Creating package script '/home/amwhisper/ros/workspace/comm_ws/install/interface/share/interface/package.zsh'
[0.921s] Level 1:colcon.colcon_core.environment:create_file_with_runtime_dependencies(/home/amwhisper/ros/workspace/comm_ws/install/interface/share/colcon-core/packages/interface)
[0.922s] INFO:colcon.colcon_ros.task.ament_python.build:Building ROS package in '/home/amwhisper/ros/workspace/comm_ws/src/comm_node' with build type 'ament_python'
[0.922s] Level 1:colcon.colcon_core.shell:create_environment_hook('comm_node', 'ament_prefix_path')
[0.922s] INFO:colcon.colcon_core.shell:Creating environment hook '/home/amwhisper/ros/workspace/comm_ws/install/comm_node/share/comm_node/hook/ament_prefix_path.ps1'
[0.923s] INFO:colcon.colcon_core.shell:Creating environment descriptor '/home/amwhisper/ros/workspace/comm_ws/install/comm_node/share/comm_node/hook/ament_prefix_path.dsv'
[0.923s] INFO:colcon.colcon_core.shell:Creating environment hook '/home/amwhisper/ros/workspace/comm_ws/install/comm_node/share/comm_node/hook/ament_prefix_path.sh'
[0.924s] INFO:colcon.colcon_core.shell:Skip shell extension 'powershell' for command environment: Not usable outside of PowerShell
[0.924s] DEBUG:colcon.colcon_core.shell:Skip shell extension 'dsv' for command environment
[0.927s] INFO:colcon.colcon_ros.task.ament_python.build:Building ROS package in '/home/amwhisper/ros/workspace/comm_ws/src/test_data' with build type 'ament_python'
[0.927s] Level 1:colcon.colcon_core.shell:create_environment_hook('test_data', 'ament_prefix_path')
[0.927s] INFO:colcon.colcon_core.shell:Creating environment hook '/home/amwhisper/ros/workspace/comm_ws/install/test_data/share/test_data/hook/ament_prefix_path.ps1'
[0.929s] INFO:colcon.colcon_core.shell:Creating environment descriptor '/home/amwhisper/ros/workspace/comm_ws/install/test_data/share/test_data/hook/ament_prefix_path.dsv'
[0.929s] INFO:colcon.colcon_core.shell:Creating environment hook '/home/amwhisper/ros/workspace/comm_ws/install/test_data/share/test_data/hook/ament_prefix_path.sh'
[0.930s] INFO:colcon.colcon_core.shell:Skip shell extension 'powershell' for command environment: Not usable outside of PowerShell
[0.930s] DEBUG:colcon.colcon_core.shell:Skip shell extension 'dsv' for command environment
[1.143s] INFO:colcon.colcon_core.task.python.build:Building Python package in '/home/amwhisper/ros/workspace/comm_ws/src/comm_node'
[1.143s] INFO:colcon.colcon_core.shell:Skip shell extension 'powershell' for command environment: Not usable outside of PowerShell
[1.143s] DEBUG:colcon.colcon_core.shell:Skip shell extension 'dsv' for command environment
[1.348s] INFO:colcon.colcon_core.task.python.build:Building Python package in '/home/amwhisper/ros/workspace/comm_ws/src/test_data'
[1.349s] INFO:colcon.colcon_core.shell:Skip shell extension 'powershell' for command environment: Not usable outside of PowerShell
[1.349s] DEBUG:colcon.colcon_core.shell:Skip shell extension 'dsv' for command environment
[1.613s] DEBUG:colcon.colcon_core.event_handler.log_command:Invoking command in '/home/amwhisper/ros/workspace/comm_ws/src/comm_node': PYTHONPATH=/home/amwhisper/ros/workspace/comm_ws/build/comm_node/prefix_override:/usr/lib/python3/dist-packages/colcon_core/task/python/colcon_distutils_commands:/home/amwhisper/ros/workspace/comm_ws/install/comm_node/lib/python3.10/site-packages:${PYTHONPATH} /usr/bin/python3 -W ignore:setup.py install is deprecated setup.py egg_info --egg-base ../../build/comm_node build --build-base /home/amwhisper/ros/workspace/comm_ws/build/comm_node/build install --record /home/amwhisper/ros/workspace/comm_ws/build/comm_node/install.log --single-version-externally-managed install_data
[1.622s] DEBUG:colcon.colcon_core.event_handler.log_command:Invoking command in '/home/amwhisper/ros/workspace/comm_ws/src/test_data': PYTHONPATH=/home/amwhisper/ros/workspace/comm_ws/build/test_data/prefix_override:/usr/lib/python3/dist-packages/colcon_core/task/python/colcon_distutils_commands:/home/amwhisper/ros/workspace/comm_ws/install/test_data/lib/python3.10/site-packages:${PYTHONPATH} /usr/bin/python3 -W ignore:setup.py install is deprecated setup.py egg_info --egg-base ../../build/test_data build --build-base /home/amwhisper/ros/workspace/comm_ws/build/test_data/build install --record /home/amwhisper/ros/workspace/comm_ws/build/test_data/install.log --single-version-externally-managed install_data
[1.845s] Level 1:colcon.colcon_core.environment:checking '/home/amwhisper/ros/workspace/comm_ws/install/comm_node' for CMake module files
[1.846s] DEBUG:colcon.colcon_core.event_handler.log_command:Invoked command in '/home/amwhisper/ros/workspace/comm_ws/src/comm_node' returned '0': PYTHONPATH=/home/amwhisper/ros/workspace/comm_ws/build/comm_node/prefix_override:/usr/lib/python3/dist-packages/colcon_core/task/python/colcon_distutils_commands:/home/amwhisper/ros/workspace/comm_ws/install/comm_node/lib/python3.10/site-packages:${PYTHONPATH} /usr/bin/python3 -W ignore:setup.py install is deprecated setup.py egg_info --egg-base ../../build/comm_node build --build-base /home/amwhisper/ros/workspace/comm_ws/build/comm_node/build install --record /home/amwhisper/ros/workspace/comm_ws/build/comm_node/install.log --single-version-externally-managed install_data
[1.846s] Level 1:colcon.colcon_core.environment:checking '/home/amwhisper/ros/workspace/comm_ws/install/comm_node' for CMake config files
[1.847s] Level 1:colcon.colcon_core.environment:checking '/home/amwhisper/ros/workspace/comm_ws/install/comm_node/lib'
[1.847s] Level 1:colcon.colcon_core.environment:checking '/home/amwhisper/ros/workspace/comm_ws/install/comm_node/bin'
[1.847s] Level 1:colcon.colcon_core.environment:checking '/home/amwhisper/ros/workspace/comm_ws/install/comm_node/lib/pkgconfig/comm_node.pc'
[1.847s] Level 1:colcon.colcon_core.environment:checking '/home/amwhisper/ros/workspace/comm_ws/install/comm_node/lib/python3.10/site-packages'
[1.847s] Level 1:colcon.colcon_core.shell:create_environment_hook('comm_node', 'pythonpath')
[1.848s] INFO:colcon.colcon_core.shell:Creating environment hook '/home/amwhisper/ros/workspace/comm_ws/install/comm_node/share/comm_node/hook/pythonpath.ps1'
[1.848s] INFO:colcon.colcon_core.shell:Creating environment descriptor '/home/amwhisper/ros/workspace/comm_ws/install/comm_node/share/comm_node/hook/pythonpath.dsv'
[1.849s] INFO:colcon.colcon_core.shell:Creating environment hook '/home/amwhisper/ros/workspace/comm_ws/install/comm_node/share/comm_node/hook/pythonpath.sh'
[1.850s] Level 1:colcon.colcon_core.environment:checking '/home/amwhisper/ros/workspace/comm_ws/install/comm_node/bin'
[1.850s] Level 1:colcon.colcon_core.environment:create_environment_scripts_only(comm_node)
[1.850s] INFO:colcon.colcon_core.shell:Creating package script '/home/amwhisper/ros/workspace/comm_ws/install/comm_node/share/comm_node/package.ps1'
[1.851s] INFO:colcon.colcon_core.shell:Creating package descriptor '/home/amwhisper/ros/workspace/comm_ws/install/comm_node/share/comm_node/package.dsv'
[1.852s] INFO:colcon.colcon_core.shell:Creating package script '/home/amwhisper/ros/workspace/comm_ws/install/comm_node/share/comm_node/package.sh'
[1.852s] INFO:colcon.colcon_core.shell:Creating package script '/home/amwhisper/ros/workspace/comm_ws/install/comm_node/share/comm_node/package.bash'
[1.853s] INFO:colcon.colcon_core.shell:Creating package script '/home/amwhisper/ros/workspace/comm_ws/install/comm_node/share/comm_node/package.zsh'
[1.853s] Level 1:colcon.colcon_core.environment:create_file_with_runtime_dependencies(/home/amwhisper/ros/workspace/comm_ws/install/comm_node/share/colcon-core/packages/comm_node)
[1.855s] Level 1:colcon.colcon_core.environment:checking '/home/amwhisper/ros/workspace/comm_ws/install/test_data' for CMake module files
[1.856s] Level 1:colcon.colcon_core.environment:checking '/home/amwhisper/ros/workspace/comm_ws/install/test_data' for CMake config files
[1.857s] DEBUG:colcon.colcon_core.event_handler.log_command:Invoked command in '/home/amwhisper/ros/workspace/comm_ws/src/test_data' returned '0': PYTHONPATH=/home/amwhisper/ros/workspace/comm_ws/build/test_data/prefix_override:/usr/lib/python3/dist-packages/colcon_core/task/python/colcon_distutils_commands:/home/amwhisper/ros/workspace/comm_ws/install/test_data/lib/python3.10/site-packages:${PYTHONPATH} /usr/bin/python3 -W ignore:setup.py install is deprecated setup.py egg_info --egg-base ../../build/test_data build --build-base /home/amwhisper/ros/workspace/comm_ws/build/test_data/build install --record /home/amwhisper/ros/workspace/comm_ws/build/test_data/install.log --single-version-externally-managed install_data
[1.857s] Level 1:colcon.colcon_core.environment:checking '/home/amwhisper/ros/workspace/comm_ws/install/test_data/lib'
[1.857s] Level 1:colcon.colcon_core.environment:checking '/home/amwhisper/ros/workspace/comm_ws/install/test_data/bin'
[1.857s] Level 1:colcon.colcon_core.environment:checking '/home/amwhisper/ros/workspace/comm_ws/install/test_data/lib/pkgconfig/test_data.pc'
[1.857s] Level 1:colcon.colcon_core.environment:checking '/home/amwhisper/ros/workspace/comm_ws/install/test_data/lib/python3.10/site-packages'
[1.857s] Level 1:colcon.colcon_core.shell:create_environment_hook('test_data', 'pythonpath')
[1.858s] INFO:colcon.colcon_core.shell:Creating environment hook '/home/amwhisper/ros/workspace/comm_ws/install/test_data/share/test_data/hook/pythonpath.ps1'
[1.858s] INFO:colcon.colcon_core.shell:Creating environment descriptor '/home/amwhisper/ros/workspace/comm_ws/install/test_data/share/test_data/hook/pythonpath.dsv'
[1.859s] INFO:colcon.colcon_core.shell:Creating environment hook '/home/amwhisper/ros/workspace/comm_ws/install/test_data/share/test_data/hook/pythonpath.sh'
[1.859s] Level 1:colcon.colcon_core.environment:checking '/home/amwhisper/ros/workspace/comm_ws/install/test_data/bin'
[1.859s] Level 1:colcon.colcon_core.environment:create_environment_scripts_only(test_data)
[1.860s] INFO:colcon.colcon_core.shell:Creating package script '/home/amwhisper/ros/workspace/comm_ws/install/test_data/share/test_data/package.ps1'
[1.860s] INFO:colcon.colcon_core.shell:Creating package descriptor '/home/amwhisper/ros/workspace/comm_ws/install/test_data/share/test_data/package.dsv'
[1.861s] INFO:colcon.colcon_core.shell:Creating package script '/home/amwhisper/ros/workspace/comm_ws/install/test_data/share/test_data/package.sh'
[1.861s] INFO:colcon.colcon_core.shell:Creating package script '/home/amwhisper/ros/workspace/comm_ws/install/test_data/share/test_data/package.bash'
[1.862s] INFO:colcon.colcon_core.shell:Creating package script '/home/amwhisper/ros/workspace/comm_ws/install/test_data/share/test_data/package.zsh'
[1.862s] Level 1:colcon.colcon_core.environment:create_file_with_runtime_dependencies(/home/amwhisper/ros/workspace/comm_ws/install/test_data/share/colcon-core/packages/test_data)
[1.863s] DEBUG:colcon.colcon_parallel_executor.executor.parallel:closing loop
[1.863s] DEBUG:colcon.colcon_parallel_executor.executor.parallel:loop closed
[1.863s] DEBUG:colcon.colcon_parallel_executor.executor.parallel:run_until_complete finished with '0'
[1.863s] DEBUG:colcon.colcon_core.event_reactor:joining thread
[1.869s] INFO:colcon.colcon_core.plugin_system:Skipping extension 'colcon_notification.desktop_notification.terminal_notifier': Not used on non-Darwin systems
[1.870s] INFO:colcon.colcon_core.plugin_system:Skipping extension 'colcon_notification.desktop_notification.win32': Not used on non-Windows systems
[1.870s] INFO:colcon.colcon_notification.desktop_notification:Sending desktop notification using 'notify2'
[1.885s] DEBUG:colcon.colcon_core.event_reactor:joined thread
[1.885s] INFO:colcon.colcon_core.shell:Creating prefix script '/home/amwhisper/ros/workspace/comm_ws/install/local_setup.ps1'
[1.886s] INFO:colcon.colcon_core.shell:Creating prefix util module '/home/amwhisper/ros/workspace/comm_ws/install/_local_setup_util_ps1.py'
[1.887s] INFO:colcon.colcon_core.shell:Creating prefix chain script '/home/amwhisper/ros/workspace/comm_ws/install/setup.ps1'
[1.889s] INFO:colcon.colcon_core.shell:Creating prefix script '/home/amwhisper/ros/workspace/comm_ws/install/local_setup.sh'
[1.890s] INFO:colcon.colcon_core.shell:Creating prefix util module '/home/amwhisper/ros/workspace/comm_ws/install/_local_setup_util_sh.py'
[1.891s] INFO:colcon.colcon_core.shell:Creating prefix chain script '/home/amwhisper/ros/workspace/comm_ws/install/setup.sh'
[1.893s] INFO:colcon.colcon_core.shell:Creating prefix script '/home/amwhisper/ros/workspace/comm_ws/install/local_setup.bash'
[1.893s] INFO:colcon.colcon_core.shell:Creating prefix chain script '/home/amwhisper/ros/workspace/comm_ws/install/setup.bash'
[1.895s] INFO:colcon.colcon_core.shell:Creating prefix script '/home/amwhisper/ros/workspace/comm_ws/install/local_setup.zsh'
[1.895s] INFO:colcon.colcon_core.shell:Creating prefix chain script '/home/amwhisper/ros/workspace/comm_ws/install/setup.zsh'
