[3.685s] Invoking command in '/home/jetson/Algorithms/comm_node/src/comm_node': CMAKE_PREFIX_PATH=/home/jetson/Algorithms/comm_node/install/interface:/home/jetson/yahboomcar_ws/devel:/home/jetson/software/library_ws/devel LD_LIBRARY_PATH=/home/jetson/Algorithms/comm_node/install/interface/lib:/opt/ros/foxy/opt/yaml_cpp_vendor/lib:/opt/ros/foxy/opt/rviz_ogre_vendor/lib:/opt/ros/foxy/lib/aarch64-linux-gnu:/opt/ros/foxy/lib:/home/jetson/yahboomcar_ws/devel/lib:/home/jetson/software/library_ws/devel/lib:/usr/local/cuda-11.4/lib64 PYTHONPATH=/home/jetson/Algorithms/comm_node/build/comm_node/prefix_override:/usr/lib/python3/dist-packages/colcon_core/task/python/colcon_distutils_commands:/home/jetson/Algorithms/comm_node/install/comm_node/lib/python3.8/site-packages:/home/jetson/Algorithms/comm_node/install/interface/lib/python3.8/site-packages:${PYTHONPATH} /usr/bin/python3 -W ignore:setup.py install is deprecated -W ignore:easy_install command is deprecated setup.py egg_info --egg-base ../../build/comm_node build --build-base /home/jetson/Algorithms/comm_node/build/comm_node/build install --record /home/jetson/Algorithms/comm_node/build/comm_node/install.log --single-version-externally-managed install_data
[4.711s] running egg_info
[4.712s] creating ../../build/comm_node/comm_node.egg-info
[4.758s] writing ../../build/comm_node/comm_node.egg-info/PKG-INFO
[4.759s] writing dependency_links to ../../build/comm_node/comm_node.egg-info/dependency_links.txt
[4.759s] writing entry points to ../../build/comm_node/comm_node.egg-info/entry_points.txt
[4.759s] writing requirements to ../../build/comm_node/comm_node.egg-info/requires.txt
[4.760s] writing top-level names to ../../build/comm_node/comm_node.egg-info/top_level.txt
[4.761s] writing manifest file '../../build/comm_node/comm_node.egg-info/SOURCES.txt'
[4.881s] reading manifest file '../../build/comm_node/comm_node.egg-info/SOURCES.txt'
[4.883s] writing manifest file '../../build/comm_node/comm_node.egg-info/SOURCES.txt'
[4.883s] running build
[4.884s] running build_py
[4.884s] creating /home/jetson/Algorithms/comm_node/build/comm_node/build
[4.884s] creating /home/jetson/Algorithms/comm_node/build/comm_node/build/lib
[4.885s] creating /home/jetson/Algorithms/comm_node/build/comm_node/build/lib/comm_node
[4.886s] copying comm_node/pack.py -> /home/jetson/Algorithms/comm_node/build/comm_node/build/lib/comm_node
[4.886s] copying comm_node/__init__.py -> /home/jetson/Algorithms/comm_node/build/comm_node/build/lib/comm_node
[4.887s] copying comm_node/comm_node.py -> /home/jetson/Algorithms/comm_node/build/comm_node/build/lib/comm_node
[4.888s] running install
[4.914s] running install_lib
[4.959s] creating /home/jetson/Algorithms/comm_node/install/comm_node/lib/python3.8/site-packages/comm_node
[4.959s] copying /home/jetson/Algorithms/comm_node/build/comm_node/build/lib/comm_node/pack.py -> /home/jetson/Algorithms/comm_node/install/comm_node/lib/python3.8/site-packages/comm_node
[4.959s] copying /home/jetson/Algorithms/comm_node/build/comm_node/build/lib/comm_node/__init__.py -> /home/jetson/Algorithms/comm_node/install/comm_node/lib/python3.8/site-packages/comm_node
[4.959s] copying /home/jetson/Algorithms/comm_node/build/comm_node/build/lib/comm_node/comm_node.py -> /home/jetson/Algorithms/comm_node/install/comm_node/lib/python3.8/site-packages/comm_node
[4.961s] byte-compiling /home/jetson/Algorithms/comm_node/install/comm_node/lib/python3.8/site-packages/comm_node/pack.py to pack.cpython-38.pyc
[4.964s] byte-compiling /home/jetson/Algorithms/comm_node/install/comm_node/lib/python3.8/site-packages/comm_node/__init__.py to __init__.cpython-38.pyc
[4.964s] byte-compiling /home/jetson/Algorithms/comm_node/install/comm_node/lib/python3.8/site-packages/comm_node/comm_node.py to comm_node.cpython-38.pyc
[4.966s] running install_data
[4.967s] creating /home/jetson/Algorithms/comm_node/install/comm_node/share/ament_index
[4.967s] creating /home/jetson/Algorithms/comm_node/install/comm_node/share/ament_index/resource_index
[4.967s] creating /home/jetson/Algorithms/comm_node/install/comm_node/share/ament_index/resource_index/packages
[4.967s] copying resource/comm_node -> /home/jetson/Algorithms/comm_node/install/comm_node/share/ament_index/resource_index/packages
[4.967s] copying package.xml -> /home/jetson/Algorithms/comm_node/install/comm_node/share/comm_node
[4.968s] creating /home/jetson/Algorithms/comm_node/install/comm_node/share/comm_node/msg
[4.968s] running install_egg_info
[5.012s] Copying ../../build/comm_node/comm_node.egg-info to /home/jetson/Algorithms/comm_node/install/comm_node/lib/python3.8/site-packages/comm_node-0.0.0-py3.8.egg-info
[5.015s] running install_scripts
[5.183s] Installing comm_node script to /home/jetson/Algorithms/comm_node/install/comm_node/lib/comm_node
[5.188s] writing list of installed files to '/home/jetson/Algorithms/comm_node/build/comm_node/install.log'
[5.355s] Invoked command in '/home/jetson/Algorithms/comm_node/src/comm_node' returned '0': CMAKE_PREFIX_PATH=/home/jetson/Algorithms/comm_node/install/interface:/home/jetson/yahboomcar_ws/devel:/home/jetson/software/library_ws/devel LD_LIBRARY_PATH=/home/jetson/Algorithms/comm_node/install/interface/lib:/opt/ros/foxy/opt/yaml_cpp_vendor/lib:/opt/ros/foxy/opt/rviz_ogre_vendor/lib:/opt/ros/foxy/lib/aarch64-linux-gnu:/opt/ros/foxy/lib:/home/jetson/yahboomcar_ws/devel/lib:/home/jetson/software/library_ws/devel/lib:/usr/local/cuda-11.4/lib64 PYTHONPATH=/home/jetson/Algorithms/comm_node/build/comm_node/prefix_override:/usr/lib/python3/dist-packages/colcon_core/task/python/colcon_distutils_commands:/home/jetson/Algorithms/comm_node/install/comm_node/lib/python3.8/site-packages:/home/jetson/Algorithms/comm_node/install/interface/lib/python3.8/site-packages:${PYTHONPATH} /usr/bin/python3 -W ignore:setup.py install is deprecated -W ignore:easy_install command is deprecated setup.py egg_info --egg-base ../../build/comm_node build --build-base /home/jetson/Algorithms/comm_node/build/comm_node/build install --record /home/jetson/Algorithms/comm_node/build/comm_node/install.log --single-version-externally-managed install_data
