[0.086s] DEBUG:colcon:Command line arguments: ['/usr/bin/colcon', 'build', '--packages-select', 'test_data']
[0.086s] DEBUG:colcon:Parsed command line arguments: Namespace(log_base=None, log_level=None, verb_name='build', build_base='build', install_base='install', merge_install=False, symlink_install=False, test_result_base=None, continue_on_error=False, executor='parallel', parallel_workers=6, event_handlers=None, ignore_user_meta=False, metas=['./colcon.meta'], base_paths=['.'], packages_ignore=None, packages_ignore_regex=None, paths=None, packages_up_to=None, packages_up_to_regex=None, packages_above=None, packages_above_and_dependencies=None, packages_above_depth=None, packages_select_by_dep=None, packages_skip_by_dep=None, packages_skip_up_to=None, packages_select_build_failed=False, packages_skip_build_finished=False, packages_select_test_failures=False, packages_skip_test_passed=False, packages_select=['test_data'], packages_skip=None, packages_select_regex=None, packages_skip_regex=None, packages_start=None, packages_end=None, allow_overriding=[], cmake_args=None, cmake_target=None, cmake_target_skip_unavailable=False, cmake_clean_cache=False, cmake_clean_first=False, cmake_force_configure=False, ament_cmake_args=None, catkin_cmake_args=None, catkin_skip_building_tests=False, verb_parser=<colcon_defaults.argument_parser.defaults.DefaultArgumentsDecorator object at 0x7f7663d4cdf0>, verb_extension=<colcon_core.verb.build.BuildVerb object at 0x7f7663ebe560>, main=<bound method BuildVerb.main of <colcon_core.verb.build.BuildVerb object at 0x7f7663ebe560>>)
[0.200s] Level 1:colcon.colcon_core.package_discovery:discover_packages(colcon_meta) check parameters
[0.200s] Level 1:colcon.colcon_core.package_discovery:discover_packages(recursive) check parameters
[0.200s] Level 1:colcon.colcon_core.package_discovery:discover_packages(ignore) check parameters
[0.200s] Level 1:colcon.colcon_core.package_discovery:discover_packages(path) check parameters
[0.200s] Level 1:colcon.colcon_core.package_discovery:discover_packages(colcon_meta) discover
[0.200s] Level 1:colcon.colcon_core.package_discovery:discover_packages(recursive) discover
[0.200s] INFO:colcon.colcon_core.package_discovery:Crawling recursively for packages in '/home/amwhisper/ros/workspace/comm_ws'
[0.200s] Level 1:colcon.colcon_core.package_identification:_identify(.) by extensions ['ignore', 'ignore_ament_install']
[0.200s] Level 1:colcon.colcon_core.package_identification:_identify(.) by extension 'ignore'
[0.200s] Level 1:colcon.colcon_core.package_identification:_identify(.) by extension 'ignore_ament_install'
[0.200s] Level 1:colcon.colcon_core.package_identification:_identify(.) by extensions ['colcon_pkg']
[0.200s] Level 1:colcon.colcon_core.package_identification:_identify(.) by extension 'colcon_pkg'
[0.200s] Level 1:colcon.colcon_core.package_identification:_identify(.) by extensions ['colcon_meta']
[0.200s] Level 1:colcon.colcon_core.package_identification:_identify(.) by extension 'colcon_meta'
[0.200s] Level 1:colcon.colcon_core.package_identification:_identify(.) by extensions ['ros']
[0.200s] Level 1:colcon.colcon_core.package_identification:_identify(.) by extension 'ros'
[0.210s] Level 1:colcon.colcon_core.package_identification:_identify(.) by extensions ['cmake', 'python']
[0.210s] Level 1:colcon.colcon_core.package_identification:_identify(.) by extension 'cmake'
[0.210s] Level 1:colcon.colcon_core.package_identification:_identify(.) by extension 'python'
[0.210s] Level 1:colcon.colcon_core.package_identification:_identify(.) by extensions ['python_setup_py']
[0.210s] Level 1:colcon.colcon_core.package_identification:_identify(.) by extension 'python_setup_py'
[0.210s] Level 1:colcon.colcon_core.package_identification:_identify(build) by extensions ['ignore', 'ignore_ament_install']
[0.210s] Level 1:colcon.colcon_core.package_identification:_identify(build) by extension 'ignore'
[0.210s] Level 1:colcon.colcon_core.package_identification:_identify(build) ignored
[0.210s] Level 1:colcon.colcon_core.package_identification:_identify(install) by extensions ['ignore', 'ignore_ament_install']
[0.210s] Level 1:colcon.colcon_core.package_identification:_identify(install) by extension 'ignore'
[0.210s] Level 1:colcon.colcon_core.package_identification:_identify(install) ignored
[0.210s] Level 1:colcon.colcon_core.package_identification:_identify(log) by extensions ['ignore', 'ignore_ament_install']
[0.210s] Level 1:colcon.colcon_core.package_identification:_identify(log) by extension 'ignore'
[0.210s] Level 1:colcon.colcon_core.package_identification:_identify(log) ignored
[0.211s] Level 1:colcon.colcon_core.package_identification:_identify(src) by extensions ['ignore', 'ignore_ament_install']
[0.211s] Level 1:colcon.colcon_core.package_identification:_identify(src) by extension 'ignore'
[0.211s] Level 1:colcon.colcon_core.package_identification:_identify(src) by extension 'ignore_ament_install'
[0.211s] Level 1:colcon.colcon_core.package_identification:_identify(src) by extensions ['colcon_pkg']
[0.211s] Level 1:colcon.colcon_core.package_identification:_identify(src) by extension 'colcon_pkg'
[0.211s] Level 1:colcon.colcon_core.package_identification:_identify(src) by extensions ['colcon_meta']
[0.211s] Level 1:colcon.colcon_core.package_identification:_identify(src) by extension 'colcon_meta'
[0.211s] Level 1:colcon.colcon_core.package_identification:_identify(src) by extensions ['ros']
[0.211s] Level 1:colcon.colcon_core.package_identification:_identify(src) by extension 'ros'
[0.211s] Level 1:colcon.colcon_core.package_identification:_identify(src) by extensions ['cmake', 'python']
[0.211s] Level 1:colcon.colcon_core.package_identification:_identify(src) by extension 'cmake'
[0.211s] Level 1:colcon.colcon_core.package_identification:_identify(src) by extension 'python'
[0.211s] Level 1:colcon.colcon_core.package_identification:_identify(src) by extensions ['python_setup_py']
[0.211s] Level 1:colcon.colcon_core.package_identification:_identify(src) by extension 'python_setup_py'
[0.211s] Level 1:colcon.colcon_core.package_identification:_identify(src/comm_node) by extensions ['ignore', 'ignore_ament_install']
[0.211s] Level 1:colcon.colcon_core.package_identification:_identify(src/comm_node) by extension 'ignore'
[0.211s] Level 1:colcon.colcon_core.package_identification:_identify(src/comm_node) by extension 'ignore_ament_install'
[0.211s] Level 1:colcon.colcon_core.package_identification:_identify(src/comm_node) by extensions ['colcon_pkg']
[0.211s] Level 1:colcon.colcon_core.package_identification:_identify(src/comm_node) by extension 'colcon_pkg'
[0.211s] Level 1:colcon.colcon_core.package_identification:_identify(src/comm_node) by extensions ['colcon_meta']
[0.211s] Level 1:colcon.colcon_core.package_identification:_identify(src/comm_node) by extension 'colcon_meta'
[0.211s] Level 1:colcon.colcon_core.package_identification:_identify(src/comm_node) by extensions ['ros']
[0.211s] Level 1:colcon.colcon_core.package_identification:_identify(src/comm_node) by extension 'ros'
[0.213s] DEBUG:colcon.colcon_core.package_identification:Package 'src/comm_node' with type 'ros.ament_python' and name 'comm_node'
[0.213s] Level 1:colcon.colcon_core.package_identification:_identify(src/interface) by extensions ['ignore', 'ignore_ament_install']
[0.214s] Level 1:colcon.colcon_core.package_identification:_identify(src/interface) by extension 'ignore'
[0.214s] Level 1:colcon.colcon_core.package_identification:_identify(src/interface) by extension 'ignore_ament_install'
[0.214s] Level 1:colcon.colcon_core.package_identification:_identify(src/interface) by extensions ['colcon_pkg']
[0.214s] Level 1:colcon.colcon_core.package_identification:_identify(src/interface) by extension 'colcon_pkg'
[0.214s] Level 1:colcon.colcon_core.package_identification:_identify(src/interface) by extensions ['colcon_meta']
[0.214s] Level 1:colcon.colcon_core.package_identification:_identify(src/interface) by extension 'colcon_meta'
[0.214s] Level 1:colcon.colcon_core.package_identification:_identify(src/interface) by extensions ['ros']
[0.214s] Level 1:colcon.colcon_core.package_identification:_identify(src/interface) by extension 'ros'
[0.214s] DEBUG:colcon.colcon_core.package_identification:Package 'src/interface' with type 'ros.ament_cmake' and name 'interface'
[0.214s] Level 1:colcon.colcon_core.package_identification:_identify(src/test_data) by extensions ['ignore', 'ignore_ament_install']
[0.215s] Level 1:colcon.colcon_core.package_identification:_identify(src/test_data) by extension 'ignore'
[0.215s] Level 1:colcon.colcon_core.package_identification:_identify(src/test_data) by extension 'ignore_ament_install'
[0.215s] Level 1:colcon.colcon_core.package_identification:_identify(src/test_data) by extensions ['colcon_pkg']
[0.215s] Level 1:colcon.colcon_core.package_identification:_identify(src/test_data) by extension 'colcon_pkg'
[0.215s] Level 1:colcon.colcon_core.package_identification:_identify(src/test_data) by extensions ['colcon_meta']
[0.215s] Level 1:colcon.colcon_core.package_identification:_identify(src/test_data) by extension 'colcon_meta'
[0.215s] Level 1:colcon.colcon_core.package_identification:_identify(src/test_data) by extensions ['ros']
[0.215s] Level 1:colcon.colcon_core.package_identification:_identify(src/test_data) by extension 'ros'
[0.215s] DEBUG:colcon.colcon_core.package_identification:Package 'src/test_data' with type 'ros.ament_python' and name 'test_data'
[0.215s] Level 1:colcon.colcon_core.package_discovery:discover_packages(recursive) using defaults
[0.215s] Level 1:colcon.colcon_core.package_discovery:discover_packages(ignore) discover
[0.215s] Level 1:colcon.colcon_core.package_discovery:discover_packages(ignore) using defaults
[0.215s] Level 1:colcon.colcon_core.package_discovery:discover_packages(path) discover
[0.215s] Level 1:colcon.colcon_core.package_discovery:discover_packages(path) using defaults
[0.231s] INFO:colcon.colcon_core.package_selection:Skipping not selected package 'interface' in 'src/interface'
[0.231s] INFO:colcon.colcon_core.package_selection:Skipping not selected package 'comm_node' in 'src/comm_node'
[0.231s] Level 1:colcon.colcon_core.package_discovery:discover_packages(prefix_path) check parameters
[0.231s] Level 1:colcon.colcon_core.package_discovery:discover_packages(prefix_path) discover
[0.232s] WARNING:colcon.colcon_ros.prefix_path.ament:The path '/home/amwhisper/ros/workspace/comm_ws/install/test_data' in the environment variable AMENT_PREFIX_PATH doesn't exist
[0.233s] DEBUG:colcon.colcon_installed_package_information.package_discovery:Found 2 installed packages in /home/amwhisper/ros/workspace/comm_ws/install
[0.234s] DEBUG:colcon.colcon_installed_package_information.package_discovery:Found 270 installed packages in /opt/ros/humble
[0.235s] Level 1:colcon.colcon_core.package_discovery:discover_packages(prefix_path) using defaults
[0.273s] Level 5:colcon.colcon_core.verb:set package 'test_data' build argument 'cmake_args' from command line to 'None'
[0.273s] Level 5:colcon.colcon_core.verb:set package 'test_data' build argument 'cmake_target' from command line to 'None'
[0.273s] Level 5:colcon.colcon_core.verb:set package 'test_data' build argument 'cmake_target_skip_unavailable' from command line to 'False'
[0.273s] Level 5:colcon.colcon_core.verb:set package 'test_data' build argument 'cmake_clean_cache' from command line to 'False'
[0.273s] Level 5:colcon.colcon_core.verb:set package 'test_data' build argument 'cmake_clean_first' from command line to 'False'
[0.273s] Level 5:colcon.colcon_core.verb:set package 'test_data' build argument 'cmake_force_configure' from command line to 'False'
[0.273s] Level 5:colcon.colcon_core.verb:set package 'test_data' build argument 'ament_cmake_args' from command line to 'None'
[0.273s] Level 5:colcon.colcon_core.verb:set package 'test_data' build argument 'catkin_cmake_args' from command line to 'None'
[0.273s] Level 5:colcon.colcon_core.verb:set package 'test_data' build argument 'catkin_skip_building_tests' from command line to 'False'
[0.274s] DEBUG:colcon.colcon_core.verb:Building package 'test_data' with the following arguments: {'ament_cmake_args': None, 'build_base': '/home/amwhisper/ros/workspace/comm_ws/build/test_data', 'catkin_cmake_args': None, 'catkin_skip_building_tests': False, 'cmake_args': None, 'cmake_clean_cache': False, 'cmake_clean_first': False, 'cmake_force_configure': False, 'cmake_target': None, 'cmake_target_skip_unavailable': False, 'install_base': '/home/amwhisper/ros/workspace/comm_ws/install/test_data', 'merge_install': False, 'path': '/home/amwhisper/ros/workspace/comm_ws/src/test_data', 'symlink_install': False, 'test_result_base': None}
[0.274s] INFO:colcon.colcon_core.executor:Executing jobs using 'parallel' executor
[0.275s] DEBUG:colcon.colcon_parallel_executor.executor.parallel:run_until_complete
[0.276s] INFO:colcon.colcon_ros.task.ament_python.build:Building ROS package in '/home/amwhisper/ros/workspace/comm_ws/src/test_data' with build type 'ament_python'
[0.276s] Level 1:colcon.colcon_core.shell:create_environment_hook('test_data', 'ament_prefix_path')
[0.279s] INFO:colcon.colcon_core.plugin_system:Skipping extension 'colcon_core.shell.bat': Not used on non-Windows systems
[0.279s] INFO:colcon.colcon_core.shell:Creating environment hook '/home/amwhisper/ros/workspace/comm_ws/install/test_data/share/test_data/hook/ament_prefix_path.ps1'
[0.280s] INFO:colcon.colcon_core.shell:Creating environment descriptor '/home/amwhisper/ros/workspace/comm_ws/install/test_data/share/test_data/hook/ament_prefix_path.dsv'
[0.280s] INFO:colcon.colcon_core.shell:Creating environment hook '/home/amwhisper/ros/workspace/comm_ws/install/test_data/share/test_data/hook/ament_prefix_path.sh'
[0.281s] INFO:colcon.colcon_core.shell:Skip shell extension 'powershell' for command environment: Not usable outside of PowerShell
[0.281s] DEBUG:colcon.colcon_core.shell:Skip shell extension 'dsv' for command environment
[0.484s] INFO:colcon.colcon_core.task.python.build:Building Python package in '/home/amwhisper/ros/workspace/comm_ws/src/test_data'
[0.485s] INFO:colcon.colcon_core.shell:Skip shell extension 'powershell' for command environment: Not usable outside of PowerShell
[0.485s] DEBUG:colcon.colcon_core.shell:Skip shell extension 'dsv' for command environment
[0.751s] DEBUG:colcon.colcon_core.event_handler.log_command:Invoking command in '/home/amwhisper/ros/workspace/comm_ws/src/test_data': CMAKE_PREFIX_PATH=/home/amwhisper/ros/workspace/comm_ws/install/interface LD_LIBRARY_PATH=/home/amwhisper/ros/workspace/comm_ws/install/interface/lib:${LD_LIBRARY_PATH} PYTHONPATH=/home/amwhisper/ros/workspace/comm_ws/build/test_data/prefix_override:/usr/lib/python3/dist-packages/colcon_core/task/python/colcon_distutils_commands:/home/amwhisper/ros/workspace/comm_ws/install/test_data/lib/python3.10/site-packages:/home/amwhisper/ros/workspace/comm_ws/install/interface/local/lib/python3.10/dist-packages:${PYTHONPATH} /usr/bin/python3 -W ignore:setup.py install is deprecated setup.py egg_info --egg-base ../../build/test_data build --build-base /home/amwhisper/ros/workspace/comm_ws/build/test_data/build install --record /home/amwhisper/ros/workspace/comm_ws/build/test_data/install.log --single-version-externally-managed install_data
[0.985s] DEBUG:colcon.colcon_core.event_handler.log_command:Invoked command in '/home/amwhisper/ros/workspace/comm_ws/src/test_data' returned '0': CMAKE_PREFIX_PATH=/home/amwhisper/ros/workspace/comm_ws/install/interface LD_LIBRARY_PATH=/home/amwhisper/ros/workspace/comm_ws/install/interface/lib:${LD_LIBRARY_PATH} PYTHONPATH=/home/amwhisper/ros/workspace/comm_ws/build/test_data/prefix_override:/usr/lib/python3/dist-packages/colcon_core/task/python/colcon_distutils_commands:/home/amwhisper/ros/workspace/comm_ws/install/test_data/lib/python3.10/site-packages:/home/amwhisper/ros/workspace/comm_ws/install/interface/local/lib/python3.10/dist-packages:${PYTHONPATH} /usr/bin/python3 -W ignore:setup.py install is deprecated setup.py egg_info --egg-base ../../build/test_data build --build-base /home/amwhisper/ros/workspace/comm_ws/build/test_data/build install --record /home/amwhisper/ros/workspace/comm_ws/build/test_data/install.log --single-version-externally-managed install_data
[0.987s] Level 1:colcon.colcon_core.environment:checking '/home/amwhisper/ros/workspace/comm_ws/install/test_data' for CMake module files
[0.988s] Level 1:colcon.colcon_core.environment:checking '/home/amwhisper/ros/workspace/comm_ws/install/test_data' for CMake config files
[0.988s] Level 1:colcon.colcon_core.environment:checking '/home/amwhisper/ros/workspace/comm_ws/install/test_data/lib'
[0.988s] Level 1:colcon.colcon_core.environment:checking '/home/amwhisper/ros/workspace/comm_ws/install/test_data/bin'
[0.989s] Level 1:colcon.colcon_core.environment:checking '/home/amwhisper/ros/workspace/comm_ws/install/test_data/lib/pkgconfig/test_data.pc'
[0.989s] Level 1:colcon.colcon_core.environment:checking '/home/amwhisper/ros/workspace/comm_ws/install/test_data/lib/python3.10/site-packages'
[0.989s] Level 1:colcon.colcon_core.shell:create_environment_hook('test_data', 'pythonpath')
[0.989s] INFO:colcon.colcon_core.shell:Creating environment hook '/home/amwhisper/ros/workspace/comm_ws/install/test_data/share/test_data/hook/pythonpath.ps1'
[0.990s] INFO:colcon.colcon_core.shell:Creating environment descriptor '/home/amwhisper/ros/workspace/comm_ws/install/test_data/share/test_data/hook/pythonpath.dsv'
[0.990s] INFO:colcon.colcon_core.shell:Creating environment hook '/home/amwhisper/ros/workspace/comm_ws/install/test_data/share/test_data/hook/pythonpath.sh'
[0.991s] Level 1:colcon.colcon_core.environment:checking '/home/amwhisper/ros/workspace/comm_ws/install/test_data/bin'
[0.991s] Level 1:colcon.colcon_core.environment:create_environment_scripts_only(test_data)
[0.991s] INFO:colcon.colcon_core.shell:Creating package script '/home/amwhisper/ros/workspace/comm_ws/install/test_data/share/test_data/package.ps1'
[0.991s] INFO:colcon.colcon_core.shell:Creating package descriptor '/home/amwhisper/ros/workspace/comm_ws/install/test_data/share/test_data/package.dsv'
[0.992s] INFO:colcon.colcon_core.shell:Creating package script '/home/amwhisper/ros/workspace/comm_ws/install/test_data/share/test_data/package.sh'
[0.993s] INFO:colcon.colcon_core.shell:Creating package script '/home/amwhisper/ros/workspace/comm_ws/install/test_data/share/test_data/package.bash'
[0.993s] INFO:colcon.colcon_core.shell:Creating package script '/home/amwhisper/ros/workspace/comm_ws/install/test_data/share/test_data/package.zsh'
[0.994s] Level 1:colcon.colcon_core.environment:create_file_with_runtime_dependencies(/home/amwhisper/ros/workspace/comm_ws/install/test_data/share/colcon-core/packages/test_data)
[0.994s] DEBUG:colcon.colcon_parallel_executor.executor.parallel:closing loop
[0.995s] DEBUG:colcon.colcon_parallel_executor.executor.parallel:loop closed
[0.995s] DEBUG:colcon.colcon_parallel_executor.executor.parallel:run_until_complete finished with '0'
[0.995s] DEBUG:colcon.colcon_core.event_reactor:joining thread
[1.000s] INFO:colcon.colcon_core.plugin_system:Skipping extension 'colcon_notification.desktop_notification.terminal_notifier': Not used on non-Darwin systems
[1.000s] INFO:colcon.colcon_core.plugin_system:Skipping extension 'colcon_notification.desktop_notification.win32': Not used on non-Windows systems
[1.000s] INFO:colcon.colcon_notification.desktop_notification:Sending desktop notification using 'notify2'
[1.011s] DEBUG:colcon.colcon_core.event_reactor:joined thread
[1.011s] INFO:colcon.colcon_core.shell:Creating prefix script '/home/amwhisper/ros/workspace/comm_ws/install/local_setup.ps1'
[1.012s] INFO:colcon.colcon_core.shell:Creating prefix util module '/home/amwhisper/ros/workspace/comm_ws/install/_local_setup_util_ps1.py'
[1.014s] INFO:colcon.colcon_core.shell:Creating prefix chain script '/home/amwhisper/ros/workspace/comm_ws/install/setup.ps1'
[1.015s] INFO:colcon.colcon_core.shell:Creating prefix script '/home/amwhisper/ros/workspace/comm_ws/install/local_setup.sh'
[1.016s] INFO:colcon.colcon_core.shell:Creating prefix util module '/home/amwhisper/ros/workspace/comm_ws/install/_local_setup_util_sh.py'
[1.017s] INFO:colcon.colcon_core.shell:Creating prefix chain script '/home/amwhisper/ros/workspace/comm_ws/install/setup.sh'
[1.019s] INFO:colcon.colcon_core.shell:Creating prefix script '/home/amwhisper/ros/workspace/comm_ws/install/local_setup.bash'
[1.019s] INFO:colcon.colcon_core.shell:Creating prefix chain script '/home/amwhisper/ros/workspace/comm_ws/install/setup.bash'
[1.020s] INFO:colcon.colcon_core.shell:Creating prefix script '/home/amwhisper/ros/workspace/comm_ws/install/local_setup.zsh'
[1.021s] INFO:colcon.colcon_core.shell:Creating prefix chain script '/home/amwhisper/ros/workspace/comm_ws/install/setup.zsh'
