[0.609s] DEBUG:colcon:Command line arguments: ['/usr/bin/colcon', 'build']
[0.610s] DEBUG:colcon:Parsed command line arguments: Namespace(allow_overriding=[], ament_cmake_args=None, base_paths=['.'], build_base='build', catkin_cmake_args=None, catkin_skip_building_tests=False, cmake_args=None, cmake_clean_cache=False, cmake_clean_first=False, cmake_force_configure=False, cmake_target=None, cmake_target_skip_unavailable=False, continue_on_error=False, event_handlers=None, executor='parallel', ignore_user_meta=False, install_base='install', log_base=None, log_level=None, main=<bound method BuildVerb.main of <colcon_core.verb.build.BuildVerb object at 0xffffae73b9d0>>, merge_install=False, metas=['./colcon.meta'], packages_above=None, packages_above_and_dependencies=None, packages_above_depth=None, packages_end=None, packages_ignore=None, packages_ignore_regex=None, packages_select=None, packages_select_build_failed=False, packages_select_by_dep=None, packages_select_regex=None, packages_select_test_failures=False, packages_skip=None, packages_skip_build_finished=False, packages_skip_by_dep=None, packages_skip_regex=None, packages_skip_test_passed=False, packages_skip_up_to=None, packages_start=None, packages_up_to=None, packages_up_to_regex=None, parallel_workers=6, paths=None, symlink_install=False, test_result_base=None, verb_extension=<colcon_core.verb.build.BuildVerb object at 0xffffae73b9d0>, verb_name='build', verb_parser=<colcon_defaults.argument_parser.defaults.DefaultArgumentsDecorator object at 0xffffae73bf40>)
[1.291s] Level 1:colcon.colcon_core.package_discovery:discover_packages(colcon_meta) check parameters
[1.292s] Level 1:colcon.colcon_core.package_discovery:discover_packages(recursive) check parameters
[1.292s] Level 1:colcon.colcon_core.package_discovery:discover_packages(ignore) check parameters
[1.292s] Level 1:colcon.colcon_core.package_discovery:discover_packages(path) check parameters
[1.292s] Level 1:colcon.colcon_core.package_discovery:discover_packages(colcon_meta) discover
[1.292s] Level 1:colcon.colcon_core.package_discovery:discover_packages(recursive) discover
[1.293s] INFO:colcon.colcon_core.package_discovery:Crawling recursively for packages in '/home/jetson/Algorithms/comm_node'
[1.293s] Level 1:colcon.colcon_core.package_identification:_identify(.) by extensions ['ignore', 'ignore_ament_install']
[1.293s] Level 1:colcon.colcon_core.package_identification:_identify(.) by extension 'ignore'
[1.293s] Level 1:colcon.colcon_core.package_identification:_identify(.) by extension 'ignore_ament_install'
[1.294s] Level 1:colcon.colcon_core.package_identification:_identify(.) by extensions ['colcon_pkg']
[1.294s] Level 1:colcon.colcon_core.package_identification:_identify(.) by extension 'colcon_pkg'
[1.294s] Level 1:colcon.colcon_core.package_identification:_identify(.) by extensions ['colcon_meta']
[1.295s] Level 1:colcon.colcon_core.package_identification:_identify(.) by extension 'colcon_meta'
[1.295s] Level 1:colcon.colcon_core.package_identification:_identify(.) by extensions ['ros']
[1.295s] Level 1:colcon.colcon_core.package_identification:_identify(.) by extension 'ros'
[1.326s] Level 1:colcon.colcon_core.package_identification:_identify(.) by extensions ['cmake', 'python']
[1.327s] Level 1:colcon.colcon_core.package_identification:_identify(.) by extension 'cmake'
[1.327s] Level 1:colcon.colcon_core.package_identification:_identify(.) by extension 'python'
[1.327s] Level 1:colcon.colcon_core.package_identification:_identify(.) by extensions ['python_setup_py']
[1.327s] Level 1:colcon.colcon_core.package_identification:_identify(.) by extension 'python_setup_py'
[1.327s] Level 1:colcon.colcon_core.package_identification:_identify(build) by extensions ['ignore', 'ignore_ament_install']
[1.328s] Level 1:colcon.colcon_core.package_identification:_identify(build) by extension 'ignore'
[1.328s] Level 1:colcon.colcon_core.package_identification:_identify(build) ignored
[1.328s] Level 1:colcon.colcon_core.package_identification:_identify(install) by extensions ['ignore', 'ignore_ament_install']
[1.328s] Level 1:colcon.colcon_core.package_identification:_identify(install) by extension 'ignore'
[1.329s] Level 1:colcon.colcon_core.package_identification:_identify(install) ignored
[1.329s] Level 1:colcon.colcon_core.package_identification:_identify(log) by extensions ['ignore', 'ignore_ament_install']
[1.329s] Level 1:colcon.colcon_core.package_identification:_identify(log) by extension 'ignore'
[1.329s] Level 1:colcon.colcon_core.package_identification:_identify(log) ignored
[1.330s] Level 1:colcon.colcon_core.package_identification:_identify(src) by extensions ['ignore', 'ignore_ament_install']
[1.330s] Level 1:colcon.colcon_core.package_identification:_identify(src) by extension 'ignore'
[1.330s] Level 1:colcon.colcon_core.package_identification:_identify(src) by extension 'ignore_ament_install'
[1.330s] Level 1:colcon.colcon_core.package_identification:_identify(src) by extensions ['colcon_pkg']
[1.330s] Level 1:colcon.colcon_core.package_identification:_identify(src) by extension 'colcon_pkg'
[1.330s] Level 1:colcon.colcon_core.package_identification:_identify(src) by extensions ['colcon_meta']
[1.330s] Level 1:colcon.colcon_core.package_identification:_identify(src) by extension 'colcon_meta'
[1.330s] Level 1:colcon.colcon_core.package_identification:_identify(src) by extensions ['ros']
[1.330s] Level 1:colcon.colcon_core.package_identification:_identify(src) by extension 'ros'
[1.331s] Level 1:colcon.colcon_core.package_identification:_identify(src) by extensions ['cmake', 'python']
[1.331s] Level 1:colcon.colcon_core.package_identification:_identify(src) by extension 'cmake'
[1.331s] Level 1:colcon.colcon_core.package_identification:_identify(src) by extension 'python'
[1.331s] Level 1:colcon.colcon_core.package_identification:_identify(src) by extensions ['python_setup_py']
[1.331s] Level 1:colcon.colcon_core.package_identification:_identify(src) by extension 'python_setup_py'
[1.331s] Level 1:colcon.colcon_core.package_identification:_identify(src/comm_node) by extensions ['ignore', 'ignore_ament_install']
[1.331s] Level 1:colcon.colcon_core.package_identification:_identify(src/comm_node) by extension 'ignore'
[1.332s] Level 1:colcon.colcon_core.package_identification:_identify(src/comm_node) by extension 'ignore_ament_install'
[1.332s] Level 1:colcon.colcon_core.package_identification:_identify(src/comm_node) by extensions ['colcon_pkg']
[1.332s] Level 1:colcon.colcon_core.package_identification:_identify(src/comm_node) by extension 'colcon_pkg'
[1.332s] Level 1:colcon.colcon_core.package_identification:_identify(src/comm_node) by extensions ['colcon_meta']
[1.332s] Level 1:colcon.colcon_core.package_identification:_identify(src/comm_node) by extension 'colcon_meta'
[1.332s] Level 1:colcon.colcon_core.package_identification:_identify(src/comm_node) by extensions ['ros']
[1.332s] Level 1:colcon.colcon_core.package_identification:_identify(src/comm_node) by extension 'ros'
[1.339s] DEBUG:colcon.colcon_core.package_identification:Package 'src/comm_node' with type 'ros.ament_python' and name 'comm_node'
[1.340s] Level 1:colcon.colcon_core.package_identification:_identify(src/interface) by extensions ['ignore', 'ignore_ament_install']
[1.340s] Level 1:colcon.colcon_core.package_identification:_identify(src/interface) by extension 'ignore'
[1.340s] Level 1:colcon.colcon_core.package_identification:_identify(src/interface) by extension 'ignore_ament_install'
[1.340s] Level 1:colcon.colcon_core.package_identification:_identify(src/interface) by extensions ['colcon_pkg']
[1.340s] Level 1:colcon.colcon_core.package_identification:_identify(src/interface) by extension 'colcon_pkg'
[1.340s] Level 1:colcon.colcon_core.package_identification:_identify(src/interface) by extensions ['colcon_meta']
[1.340s] Level 1:colcon.colcon_core.package_identification:_identify(src/interface) by extension 'colcon_meta'
[1.341s] Level 1:colcon.colcon_core.package_identification:_identify(src/interface) by extensions ['ros']
[1.341s] Level 1:colcon.colcon_core.package_identification:_identify(src/interface) by extension 'ros'
[1.343s] DEBUG:colcon.colcon_core.package_identification:Package 'src/interface' with type 'ros.ament_cmake' and name 'interface'
[1.343s] Level 1:colcon.colcon_core.package_discovery:discover_packages(recursive) using defaults
[1.343s] Level 1:colcon.colcon_core.package_discovery:discover_packages(ignore) discover
[1.343s] Level 1:colcon.colcon_core.package_discovery:discover_packages(ignore) using defaults
[1.343s] Level 1:colcon.colcon_core.package_discovery:discover_packages(path) discover
[1.343s] Level 1:colcon.colcon_core.package_discovery:discover_packages(path) using defaults
[1.391s] Level 1:colcon.colcon_core.package_discovery:discover_packages(prefix_path) check parameters
[1.392s] Level 1:colcon.colcon_core.package_discovery:discover_packages(prefix_path) discover
[1.396s] DEBUG:colcon.colcon_installed_package_information.package_discovery:Found 2 installed packages in /home/jetson/Algorithms/comm_node/install
[1.399s] DEBUG:colcon.colcon_installed_package_information.package_discovery:Found 256 installed packages in /opt/ros/foxy
[1.403s] Level 1:colcon.colcon_core.package_discovery:discover_packages(prefix_path) using defaults
[1.517s] Level 5:colcon.colcon_core.verb:set package 'interface' build argument 'cmake_args' from command line to 'None'
[1.518s] Level 5:colcon.colcon_core.verb:set package 'interface' build argument 'cmake_target' from command line to 'None'
[1.518s] Level 5:colcon.colcon_core.verb:set package 'interface' build argument 'cmake_target_skip_unavailable' from command line to 'False'
[1.518s] Level 5:colcon.colcon_core.verb:set package 'interface' build argument 'cmake_clean_cache' from command line to 'False'
[1.518s] Level 5:colcon.colcon_core.verb:set package 'interface' build argument 'cmake_clean_first' from command line to 'False'
[1.518s] Level 5:colcon.colcon_core.verb:set package 'interface' build argument 'cmake_force_configure' from command line to 'False'
[1.518s] Level 5:colcon.colcon_core.verb:set package 'interface' build argument 'ament_cmake_args' from command line to 'None'
[1.518s] Level 5:colcon.colcon_core.verb:set package 'interface' build argument 'catkin_cmake_args' from command line to 'None'
[1.518s] Level 5:colcon.colcon_core.verb:set package 'interface' build argument 'catkin_skip_building_tests' from command line to 'False'
[1.518s] DEBUG:colcon.colcon_core.verb:Building package 'interface' with the following arguments: {'ament_cmake_args': None, 'build_base': '/home/jetson/Algorithms/comm_node/build/interface', 'catkin_cmake_args': None, 'catkin_skip_building_tests': False, 'cmake_args': None, 'cmake_clean_cache': False, 'cmake_clean_first': False, 'cmake_force_configure': False, 'cmake_target': None, 'cmake_target_skip_unavailable': False, 'install_base': '/home/jetson/Algorithms/comm_node/install/interface', 'merge_install': False, 'path': '/home/jetson/Algorithms/comm_node/src/interface', 'symlink_install': False, 'test_result_base': None}
[1.519s] Level 5:colcon.colcon_core.verb:set package 'comm_node' build argument 'cmake_args' from command line to 'None'
[1.520s] Level 5:colcon.colcon_core.verb:set package 'comm_node' build argument 'cmake_target' from command line to 'None'
[1.520s] Level 5:colcon.colcon_core.verb:set package 'comm_node' build argument 'cmake_target_skip_unavailable' from command line to 'False'
[1.520s] Level 5:colcon.colcon_core.verb:set package 'comm_node' build argument 'cmake_clean_cache' from command line to 'False'
[1.520s] Level 5:colcon.colcon_core.verb:set package 'comm_node' build argument 'cmake_clean_first' from command line to 'False'
[1.520s] Level 5:colcon.colcon_core.verb:set package 'comm_node' build argument 'cmake_force_configure' from command line to 'False'
[1.520s] Level 5:colcon.colcon_core.verb:set package 'comm_node' build argument 'ament_cmake_args' from command line to 'None'
[1.520s] Level 5:colcon.colcon_core.verb:set package 'comm_node' build argument 'catkin_cmake_args' from command line to 'None'
[1.520s] Level 5:colcon.colcon_core.verb:set package 'comm_node' build argument 'catkin_skip_building_tests' from command line to 'False'
[1.520s] DEBUG:colcon.colcon_core.verb:Building package 'comm_node' with the following arguments: {'ament_cmake_args': None, 'build_base': '/home/jetson/Algorithms/comm_node/build/comm_node', 'catkin_cmake_args': None, 'catkin_skip_building_tests': False, 'cmake_args': None, 'cmake_clean_cache': False, 'cmake_clean_first': False, 'cmake_force_configure': False, 'cmake_target': None, 'cmake_target_skip_unavailable': False, 'install_base': '/home/jetson/Algorithms/comm_node/install/comm_node', 'merge_install': False, 'path': '/home/jetson/Algorithms/comm_node/src/comm_node', 'symlink_install': False, 'test_result_base': None}
[1.520s] INFO:colcon.colcon_core.executor:Executing jobs using 'parallel' executor
[1.529s] DEBUG:colcon.colcon_parallel_executor.executor.parallel:run_until_complete
[1.530s] INFO:colcon.colcon_ros.task.ament_cmake.build:Building ROS package in '/home/jetson/Algorithms/comm_node/src/interface' with build type 'ament_cmake'
[1.531s] INFO:colcon.colcon_cmake.task.cmake.build:Building CMake package in '/home/jetson/Algorithms/comm_node/src/interface'
[1.536s] INFO:colcon.colcon_core.plugin_system:Skipping extension 'colcon_core.shell.bat': Not used on non-Windows systems
[1.537s] INFO:colcon.colcon_core.shell:Skip shell extension 'powershell' for command environment: Not usable outside of PowerShell
[1.538s] DEBUG:colcon.colcon_core.shell:Skip shell extension 'dsv' for command environment
[1.543s] DEBUG:colcon.colcon_core.shell:Ignoring prefix path '/home/jetson/yahboomcar_ws/devel'
[1.544s] DEBUG:colcon.colcon_core.shell:Ignoring prefix path '/home/jetson/software/library_ws/devel'
[1.565s] DEBUG:colcon.colcon_core.event_handler.log_command:Invoking command in '/home/jetson/Algorithms/comm_node/build/interface': CMAKE_PREFIX_PATH=/home/jetson/Algorithms/comm_node/install/comm_node:/opt/ros/foxy:${CMAKE_PREFIX_PATH} /usr/bin/cmake --build /home/jetson/Algorithms/comm_node/build/interface -- -j6 -l6
[2.246s] DEBUG:colcon.colcon_core.event_handler.log_command:Invoked command in '/home/jetson/Algorithms/comm_node/build/interface' returned '0': CMAKE_PREFIX_PATH=/home/jetson/Algorithms/comm_node/install/comm_node:/opt/ros/foxy:${CMAKE_PREFIX_PATH} /usr/bin/cmake --build /home/jetson/Algorithms/comm_node/build/interface -- -j6 -l6
[2.273s] DEBUG:colcon.colcon_core.event_handler.log_command:Invoking command in '/home/jetson/Algorithms/comm_node/build/interface': CMAKE_PREFIX_PATH=/home/jetson/Algorithms/comm_node/install/comm_node:/opt/ros/foxy:${CMAKE_PREFIX_PATH} /usr/bin/cmake --install /home/jetson/Algorithms/comm_node/build/interface
[2.460s] Level 1:colcon.colcon_core.environment:create_environment_scripts_only(interface)
[2.467s] Level 1:colcon.colcon_core.environment:checking '/home/jetson/Algorithms/comm_node/install/interface' for CMake module files
[2.468s] Level 1:colcon.colcon_core.environment:checking '/home/jetson/Algorithms/comm_node/install/interface' for CMake config files
[2.469s] DEBUG:colcon.colcon_core.event_handler.log_command:Invoked command in '/home/jetson/Algorithms/comm_node/build/interface' returned '0': CMAKE_PREFIX_PATH=/home/jetson/Algorithms/comm_node/install/comm_node:/opt/ros/foxy:${CMAKE_PREFIX_PATH} /usr/bin/cmake --install /home/jetson/Algorithms/comm_node/build/interface
[2.470s] Level 1:colcon.colcon_core.shell:create_environment_hook('interface', 'cmake_prefix_path')
[2.470s] INFO:colcon.colcon_core.shell:Creating environment hook '/home/jetson/Algorithms/comm_node/install/interface/share/interface/hook/cmake_prefix_path.ps1'
[2.480s] INFO:colcon.colcon_core.shell:Creating environment descriptor '/home/jetson/Algorithms/comm_node/install/interface/share/interface/hook/cmake_prefix_path.dsv'
[2.482s] INFO:colcon.colcon_core.shell:Creating environment hook '/home/jetson/Algorithms/comm_node/install/interface/share/interface/hook/cmake_prefix_path.sh'
[2.484s] Level 1:colcon.colcon_core.environment:checking '/home/jetson/Algorithms/comm_node/install/interface/lib'
[2.485s] Level 1:colcon.colcon_core.shell:create_environment_hook('interface', 'ld_library_path_lib')
[2.485s] INFO:colcon.colcon_core.shell:Creating environment hook '/home/jetson/Algorithms/comm_node/install/interface/share/interface/hook/ld_library_path_lib.ps1'
[2.486s] INFO:colcon.colcon_core.shell:Creating environment descriptor '/home/jetson/Algorithms/comm_node/install/interface/share/interface/hook/ld_library_path_lib.dsv'
[2.487s] INFO:colcon.colcon_core.shell:Creating environment hook '/home/jetson/Algorithms/comm_node/install/interface/share/interface/hook/ld_library_path_lib.sh'
[2.489s] Level 1:colcon.colcon_core.environment:checking '/home/jetson/Algorithms/comm_node/install/interface/bin'
[2.490s] Level 1:colcon.colcon_core.environment:checking '/home/jetson/Algorithms/comm_node/install/interface/lib/pkgconfig/interface.pc'
[2.490s] Level 1:colcon.colcon_core.environment:checking '/home/jetson/Algorithms/comm_node/install/interface/lib/python3.8/site-packages'
[2.490s] Level 1:colcon.colcon_core.shell:create_environment_hook('interface', 'pythonpath')
[2.491s] INFO:colcon.colcon_core.shell:Creating environment hook '/home/jetson/Algorithms/comm_node/install/interface/share/interface/hook/pythonpath.ps1'
[2.492s] INFO:colcon.colcon_core.shell:Creating environment descriptor '/home/jetson/Algorithms/comm_node/install/interface/share/interface/hook/pythonpath.dsv'
[2.493s] INFO:colcon.colcon_core.shell:Creating environment hook '/home/jetson/Algorithms/comm_node/install/interface/share/interface/hook/pythonpath.sh'
[2.494s] Level 1:colcon.colcon_core.environment:checking '/home/jetson/Algorithms/comm_node/install/interface/bin'
[2.495s] INFO:colcon.colcon_core.shell:Creating package script '/home/jetson/Algorithms/comm_node/install/interface/share/interface/package.ps1'
[2.497s] INFO:colcon.colcon_core.shell:Creating package descriptor '/home/jetson/Algorithms/comm_node/install/interface/share/interface/package.dsv'
[2.498s] INFO:colcon.colcon_core.shell:Creating package script '/home/jetson/Algorithms/comm_node/install/interface/share/interface/package.sh'
[2.500s] INFO:colcon.colcon_core.shell:Creating package script '/home/jetson/Algorithms/comm_node/install/interface/share/interface/package.bash'
[2.501s] INFO:colcon.colcon_core.shell:Creating package script '/home/jetson/Algorithms/comm_node/install/interface/share/interface/package.zsh'
[2.503s] Level 1:colcon.colcon_core.environment:create_file_with_runtime_dependencies(/home/jetson/Algorithms/comm_node/install/interface/share/colcon-core/packages/interface)
[2.505s] Level 1:colcon.colcon_core.environment:create_environment_scripts_only(interface)
[2.505s] Level 1:colcon.colcon_core.environment:checking '/home/jetson/Algorithms/comm_node/install/interface' for CMake module files
[2.506s] Level 1:colcon.colcon_core.environment:checking '/home/jetson/Algorithms/comm_node/install/interface' for CMake config files
[2.507s] Level 1:colcon.colcon_core.shell:create_environment_hook('interface', 'cmake_prefix_path')
[2.507s] INFO:colcon.colcon_core.shell:Creating environment hook '/home/jetson/Algorithms/comm_node/install/interface/share/interface/hook/cmake_prefix_path.ps1'
[2.508s] INFO:colcon.colcon_core.shell:Creating environment descriptor '/home/jetson/Algorithms/comm_node/install/interface/share/interface/hook/cmake_prefix_path.dsv'
[2.509s] INFO:colcon.colcon_core.shell:Creating environment hook '/home/jetson/Algorithms/comm_node/install/interface/share/interface/hook/cmake_prefix_path.sh'
[2.511s] Level 1:colcon.colcon_core.environment:checking '/home/jetson/Algorithms/comm_node/install/interface/lib'
[2.511s] Level 1:colcon.colcon_core.shell:create_environment_hook('interface', 'ld_library_path_lib')
[2.511s] INFO:colcon.colcon_core.shell:Creating environment hook '/home/jetson/Algorithms/comm_node/install/interface/share/interface/hook/ld_library_path_lib.ps1'
[2.513s] INFO:colcon.colcon_core.shell:Creating environment descriptor '/home/jetson/Algorithms/comm_node/install/interface/share/interface/hook/ld_library_path_lib.dsv'
[2.513s] INFO:colcon.colcon_core.shell:Creating environment hook '/home/jetson/Algorithms/comm_node/install/interface/share/interface/hook/ld_library_path_lib.sh'
[2.514s] Level 1:colcon.colcon_core.environment:checking '/home/jetson/Algorithms/comm_node/install/interface/bin'
[2.514s] Level 1:colcon.colcon_core.environment:checking '/home/jetson/Algorithms/comm_node/install/interface/lib/pkgconfig/interface.pc'
[2.515s] Level 1:colcon.colcon_core.environment:checking '/home/jetson/Algorithms/comm_node/install/interface/lib/python3.8/site-packages'
[2.515s] Level 1:colcon.colcon_core.shell:create_environment_hook('interface', 'pythonpath')
[2.515s] INFO:colcon.colcon_core.shell:Creating environment hook '/home/jetson/Algorithms/comm_node/install/interface/share/interface/hook/pythonpath.ps1'
[2.516s] INFO:colcon.colcon_core.shell:Creating environment descriptor '/home/jetson/Algorithms/comm_node/install/interface/share/interface/hook/pythonpath.dsv'
[2.517s] INFO:colcon.colcon_core.shell:Creating environment hook '/home/jetson/Algorithms/comm_node/install/interface/share/interface/hook/pythonpath.sh'
[2.518s] Level 1:colcon.colcon_core.environment:checking '/home/jetson/Algorithms/comm_node/install/interface/bin'
[2.519s] INFO:colcon.colcon_core.shell:Creating package script '/home/jetson/Algorithms/comm_node/install/interface/share/interface/package.ps1'
[2.520s] INFO:colcon.colcon_core.shell:Creating package descriptor '/home/jetson/Algorithms/comm_node/install/interface/share/interface/package.dsv'
[2.522s] INFO:colcon.colcon_core.shell:Creating package script '/home/jetson/Algorithms/comm_node/install/interface/share/interface/package.sh'
[2.523s] INFO:colcon.colcon_core.shell:Creating package script '/home/jetson/Algorithms/comm_node/install/interface/share/interface/package.bash'
[2.524s] INFO:colcon.colcon_core.shell:Creating package script '/home/jetson/Algorithms/comm_node/install/interface/share/interface/package.zsh'
[2.525s] Level 1:colcon.colcon_core.environment:create_file_with_runtime_dependencies(/home/jetson/Algorithms/comm_node/install/interface/share/colcon-core/packages/interface)
[2.526s] INFO:colcon.colcon_ros.task.ament_python.build:Building ROS package in '/home/jetson/Algorithms/comm_node/src/comm_node' with build type 'ament_python'
[2.526s] Level 1:colcon.colcon_core.shell:create_environment_hook('comm_node', 'ament_prefix_path')
[2.528s] INFO:colcon.colcon_core.shell:Creating environment hook '/home/jetson/Algorithms/comm_node/install/comm_node/share/comm_node/hook/ament_prefix_path.ps1'
[2.529s] INFO:colcon.colcon_core.shell:Creating environment descriptor '/home/jetson/Algorithms/comm_node/install/comm_node/share/comm_node/hook/ament_prefix_path.dsv'
[2.530s] INFO:colcon.colcon_core.shell:Creating environment hook '/home/jetson/Algorithms/comm_node/install/comm_node/share/comm_node/hook/ament_prefix_path.sh'
[2.531s] INFO:colcon.colcon_core.shell:Skip shell extension 'powershell' for command environment: Not usable outside of PowerShell
[2.531s] DEBUG:colcon.colcon_core.shell:Skip shell extension 'dsv' for command environment
[2.536s] DEBUG:colcon.colcon_core.shell:Ignoring prefix path '/home/jetson/yahboomcar_ws/devel'
[2.537s] DEBUG:colcon.colcon_core.shell:Ignoring prefix path '/home/jetson/software/library_ws/devel'
[3.541s] INFO:colcon.colcon_core.task.python.build:Building Python package in '/home/jetson/Algorithms/comm_node/src/comm_node'
[3.543s] INFO:colcon.colcon_core.shell:Skip shell extension 'powershell' for command environment: Not usable outside of PowerShell
[3.543s] DEBUG:colcon.colcon_core.shell:Skip shell extension 'dsv' for command environment
[3.548s] DEBUG:colcon.colcon_core.shell:Ignoring prefix path '/home/jetson/yahboomcar_ws/devel'
[3.548s] DEBUG:colcon.colcon_core.shell:Ignoring prefix path '/home/jetson/software/library_ws/devel'
[5.567s] DEBUG:colcon.colcon_core.event_handler.log_command:Invoking command in '/home/jetson/Algorithms/comm_node/src/comm_node': CMAKE_PREFIX_PATH=/home/jetson/Algorithms/comm_node/install/interface:/home/jetson/yahboomcar_ws/devel:/home/jetson/software/library_ws/devel LD_LIBRARY_PATH=/home/jetson/Algorithms/comm_node/install/interface/lib:/opt/ros/foxy/opt/yaml_cpp_vendor/lib:/opt/ros/foxy/opt/rviz_ogre_vendor/lib:/opt/ros/foxy/lib/aarch64-linux-gnu:/opt/ros/foxy/lib:/home/jetson/yahboomcar_ws/devel/lib:/home/jetson/software/library_ws/devel/lib:/usr/local/cuda-11.4/lib64 PYTHONPATH=/home/jetson/Algorithms/comm_node/build/comm_node/prefix_override:/usr/lib/python3/dist-packages/colcon_core/task/python/colcon_distutils_commands:/home/jetson/Algorithms/comm_node/install/comm_node/lib/python3.8/site-packages:/home/jetson/Algorithms/comm_node/install/interface/lib/python3.8/site-packages:/home/jetson/Algorithms/comm_node/install/comm_node/lib/python3.8/site-packages:/home/jetson/yahboomcar_ws/devel/lib/python3/dist-packages:/home/jetson/software/library_ws/devel/lib/python3/dist-packages:/opt/ros/foxy/lib/python3.8/site-packages /usr/bin/python3 -W ignore:setup.py install is deprecated -W ignore:easy_install command is deprecated setup.py egg_info --egg-base ../../build/comm_node build --build-base /home/jetson/Algorithms/comm_node/build/comm_node/build install --record /home/jetson/Algorithms/comm_node/build/comm_node/install.log --single-version-externally-managed install_data
[7.345s] Level 1:colcon.colcon_core.environment:checking '/home/jetson/Algorithms/comm_node/install/comm_node' for CMake module files
[7.346s] DEBUG:colcon.colcon_core.event_handler.log_command:Invoked command in '/home/jetson/Algorithms/comm_node/src/comm_node' returned '0': CMAKE_PREFIX_PATH=/home/jetson/Algorithms/comm_node/install/interface:/home/jetson/yahboomcar_ws/devel:/home/jetson/software/library_ws/devel LD_LIBRARY_PATH=/home/jetson/Algorithms/comm_node/install/interface/lib:/opt/ros/foxy/opt/yaml_cpp_vendor/lib:/opt/ros/foxy/opt/rviz_ogre_vendor/lib:/opt/ros/foxy/lib/aarch64-linux-gnu:/opt/ros/foxy/lib:/home/jetson/yahboomcar_ws/devel/lib:/home/jetson/software/library_ws/devel/lib:/usr/local/cuda-11.4/lib64 PYTHONPATH=/home/jetson/Algorithms/comm_node/build/comm_node/prefix_override:/usr/lib/python3/dist-packages/colcon_core/task/python/colcon_distutils_commands:/home/jetson/Algorithms/comm_node/install/comm_node/lib/python3.8/site-packages:/home/jetson/Algorithms/comm_node/install/interface/lib/python3.8/site-packages:/home/jetson/Algorithms/comm_node/install/comm_node/lib/python3.8/site-packages:/home/jetson/yahboomcar_ws/devel/lib/python3/dist-packages:/home/jetson/software/library_ws/devel/lib/python3/dist-packages:/opt/ros/foxy/lib/python3.8/site-packages /usr/bin/python3 -W ignore:setup.py install is deprecated -W ignore:easy_install command is deprecated setup.py egg_info --egg-base ../../build/comm_node build --build-base /home/jetson/Algorithms/comm_node/build/comm_node/build install --record /home/jetson/Algorithms/comm_node/build/comm_node/install.log --single-version-externally-managed install_data
[7.348s] Level 1:colcon.colcon_core.environment:checking '/home/jetson/Algorithms/comm_node/install/comm_node' for CMake config files
[7.354s] Level 1:colcon.colcon_core.environment:checking '/home/jetson/Algorithms/comm_node/install/comm_node/lib'
[7.355s] Level 1:colcon.colcon_core.environment:checking '/home/jetson/Algorithms/comm_node/install/comm_node/bin'
[7.355s] Level 1:colcon.colcon_core.environment:checking '/home/jetson/Algorithms/comm_node/install/comm_node/lib/pkgconfig/comm_node.pc'
[7.356s] Level 1:colcon.colcon_core.environment:checking '/home/jetson/Algorithms/comm_node/install/comm_node/lib/python3.8/site-packages'
[7.356s] Level 1:colcon.colcon_core.shell:create_environment_hook('comm_node', 'pythonpath')
[7.357s] INFO:colcon.colcon_core.shell:Creating environment hook '/home/jetson/Algorithms/comm_node/install/comm_node/share/comm_node/hook/pythonpath.ps1'
[7.363s] INFO:colcon.colcon_core.shell:Creating environment descriptor '/home/jetson/Algorithms/comm_node/install/comm_node/share/comm_node/hook/pythonpath.dsv'
[7.366s] INFO:colcon.colcon_core.shell:Creating environment hook '/home/jetson/Algorithms/comm_node/install/comm_node/share/comm_node/hook/pythonpath.sh'
[7.371s] Level 1:colcon.colcon_core.environment:checking '/home/jetson/Algorithms/comm_node/install/comm_node/bin'
[7.372s] Level 1:colcon.colcon_core.environment:create_environment_scripts_only(comm_node)
[7.373s] INFO:colcon.colcon_core.shell:Creating package script '/home/jetson/Algorithms/comm_node/install/comm_node/share/comm_node/package.ps1'
[7.376s] INFO:colcon.colcon_core.shell:Creating package descriptor '/home/jetson/Algorithms/comm_node/install/comm_node/share/comm_node/package.dsv'
[7.380s] INFO:colcon.colcon_core.shell:Creating package script '/home/jetson/Algorithms/comm_node/install/comm_node/share/comm_node/package.sh'
[7.382s] INFO:colcon.colcon_core.shell:Creating package script '/home/jetson/Algorithms/comm_node/install/comm_node/share/comm_node/package.bash'
[7.383s] INFO:colcon.colcon_core.shell:Creating package script '/home/jetson/Algorithms/comm_node/install/comm_node/share/comm_node/package.zsh'
[7.385s] Level 1:colcon.colcon_core.environment:create_file_with_runtime_dependencies(/home/jetson/Algorithms/comm_node/install/comm_node/share/colcon-core/packages/comm_node)
[7.391s] DEBUG:colcon.colcon_parallel_executor.executor.parallel:closing loop
[7.392s] DEBUG:colcon.colcon_parallel_executor.executor.parallel:loop closed
[7.392s] DEBUG:colcon.colcon_parallel_executor.executor.parallel:run_until_complete finished with '0'
[7.393s] DEBUG:colcon.colcon_core.event_reactor:joining thread
[7.409s] INFO:colcon.colcon_core.plugin_system:Skipping extension 'colcon_notification.desktop_notification.terminal_notifier': Not used on non-Darwin systems
[7.410s] INFO:colcon.colcon_core.plugin_system:Skipping extension 'colcon_notification.desktop_notification.win32': Not used on non-Windows systems
[7.410s] INFO:colcon.colcon_notification.desktop_notification:Sending desktop notification using 'notify2'
[7.451s] DEBUG:colcon.colcon_core.event_reactor:joined thread
[7.453s] INFO:colcon.colcon_core.shell:Creating prefix script '/home/jetson/Algorithms/comm_node/install/local_setup.ps1'
[7.459s] INFO:colcon.colcon_core.shell:Creating prefix util module '/home/jetson/Algorithms/comm_node/install/_local_setup_util_ps1.py'
[7.466s] INFO:colcon.colcon_core.shell:Creating prefix chain script '/home/jetson/Algorithms/comm_node/install/setup.ps1'
[7.472s] INFO:colcon.colcon_core.shell:Creating prefix script '/home/jetson/Algorithms/comm_node/install/local_setup.sh'
[7.476s] INFO:colcon.colcon_core.shell:Creating prefix util module '/home/jetson/Algorithms/comm_node/install/_local_setup_util_sh.py'
[7.479s] INFO:colcon.colcon_core.shell:Creating prefix chain script '/home/jetson/Algorithms/comm_node/install/setup.sh'
[7.485s] INFO:colcon.colcon_core.shell:Creating prefix script '/home/jetson/Algorithms/comm_node/install/local_setup.bash'
[7.486s] INFO:colcon.colcon_core.shell:Creating prefix chain script '/home/jetson/Algorithms/comm_node/install/setup.bash'
[7.493s] INFO:colcon.colcon_core.shell:Creating prefix script '/home/jetson/Algorithms/comm_node/install/local_setup.zsh'
[7.496s] INFO:colcon.colcon_core.shell:Creating prefix chain script '/home/jetson/Algorithms/comm_node/install/setup.zsh'
