running egg_info
writing ../../build/comm_node/comm_node.egg-info/PKG-INFO
writing dependency_links to ../../build/comm_node/comm_node.egg-info/dependency_links.txt
writing entry points to ../../build/comm_node/comm_node.egg-info/entry_points.txt
writing requirements to ../../build/comm_node/comm_node.egg-info/requires.txt
writing top-level names to ../../build/comm_node/comm_node.egg-info/top_level.txt
reading manifest file '../../build/comm_node/comm_node.egg-info/SOURCES.txt'
writing manifest file '../../build/comm_node/comm_node.egg-info/SOURCES.txt'
running build
running build_py
copying comm_node/comm_node.py -> /home/amwhisper/ros/workspace/comm_ws/build/comm_node/build/lib/comm_node
running install
running install_lib
copying /home/amwhisper/ros/workspace/comm_ws/build/comm_node/build/lib/comm_node/comm_node.py -> /home/amwhisper/ros/workspace/comm_ws/install/comm_node/lib/python3.10/site-packages/comm_node
byte-compiling /home/amwhisper/ros/workspace/comm_ws/install/comm_node/lib/python3.10/site-packages/comm_node/comm_node.py to comm_node.cpython-310.pyc
running install_data
running install_egg_info
removing '/home/amwhisper/ros/workspace/comm_ws/install/comm_node/lib/python3.10/site-packages/comm_node-0.0.0-py3.10.egg-info' (and everything under it)
Copying ../../build/comm_node/comm_node.egg-info to /home/amwhisper/ros/workspace/comm_ws/install/comm_node/lib/python3.10/site-packages/comm_node-0.0.0-py3.10.egg-info
running install_scripts
Installing comm_node script to /home/amwhisper/ros/workspace/comm_ws/install/comm_node/lib/comm_node
writing list of installed files to '/home/amwhisper/ros/workspace/comm_ws/build/comm_node/install.log'
