[0.035s] Invoking command in '/home/jetson/Algorithms/comm_node/build/interface': CMAKE_PREFIX_PATH=/home/jetson/Algorithms/comm_node/install/comm_node:/opt/ros/foxy:${CMAKE_PREFIX_PATH} /usr/bin/cmake --build /home/jetson/Algorithms/comm_node/build/interface -- -j6 -l6
[0.205s] [  9%] Built target interface__rosidl_generator_c
[0.206s] [ 12%] Built target interface__cpp
[0.295s] [ 22%] Built target interface__rosidl_typesupport_introspection_c
[0.309s] [ 32%] Built target interface__rosidl_typesupport_c
[0.314s] [ 41%] Built target interface__rosidl_typesupport_cpp
[0.318s] [ 51%] Built target interface__rosidl_typesupport_introspection_cpp
[0.318s] [ 61%] Built target interface__rosidl_typesupport_fastrtps_cpp
[0.387s] [ 70%] Built target interface__rosidl_typesupport_fastrtps_c
[0.441s] [ 70%] Built target interface
[0.512s] [ 74%] Built target interface__py
[0.579s] [ 80%] Built target interface__python
[0.647s] [ 87%] Built target interface__rosidl_typesupport_fastrtps_c__pyext
[0.664s] [ 93%] Built target interface__rosidl_typesupport_introspection_c__pyext
[0.671s] [100%] Built target interface__rosidl_typesupport_c__pyext
[0.715s] Invoked command in '/home/jetson/Algorithms/comm_node/build/interface' returned '0': CMAKE_PREFIX_PATH=/home/jetson/Algorithms/comm_node/install/comm_node:/opt/ros/foxy:${CMAKE_PREFIX_PATH} /usr/bin/cmake --build /home/jetson/Algorithms/comm_node/build/interface -- -j6 -l6
[0.742s] Invoking command in '/home/jetson/Algorithms/comm_node/build/interface': CMAKE_PREFIX_PATH=/home/jetson/Algorithms/comm_node/install/comm_node:/opt/ros/foxy:${CMAKE_PREFIX_PATH} /usr/bin/cmake --install /home/jetson/Algorithms/comm_node/build/interface
[0.774s] -- Install configuration: ""
[0.774s] -- Up-to-date: /home/jetson/Algorithms/comm_node/install/interface/share/ament_index/resource_index/rosidl_interfaces/interface
[0.774s] -- Up-to-date: /home/jetson/Algorithms/comm_node/install/interface/include/interface
[0.775s] -- Up-to-date: /home/jetson/Algorithms/comm_node/install/interface/include/interface/msg
[0.776s] -- Up-to-date: /home/jetson/Algorithms/comm_node/install/interface/include/interface/msg/rosidl_generator_c__visibility_control.h
[0.776s] -- Up-to-date: /home/jetson/Algorithms/comm_node/install/interface/include/interface/msg/detail
[0.778s] -- Up-to-date: /home/jetson/Algorithms/comm_node/install/interface/include/interface/msg/detail/autoaim_data__functions.h
[0.778s] -- Up-to-date: /home/jetson/Algorithms/comm_node/install/interface/include/interface/msg/detail/autoaim_data__struct.h
[0.778s] -- Up-to-date: /home/jetson/Algorithms/comm_node/install/interface/include/interface/msg/detail/autoaim_data__functions.c
[0.778s] -- Up-to-date: /home/jetson/Algorithms/comm_node/install/interface/include/interface/msg/detail/autoaim_data__type_support.h
[0.779s] -- Up-to-date: /home/jetson/Algorithms/comm_node/install/interface/include/interface/msg/autoaim_data.h
[0.779s] -- Up-to-date: /home/jetson/Algorithms/comm_node/install/interface/share/interface/environment/library_path.sh
[0.779s] -- Up-to-date: /home/jetson/Algorithms/comm_node/install/interface/share/interface/environment/library_path.dsv
[0.779s] -- Up-to-date: /home/jetson/Algorithms/comm_node/install/interface/lib/libinterface__rosidl_generator_c.so
[0.780s] -- Up-to-date: /home/jetson/Algorithms/comm_node/install/interface/include/interface
[0.780s] -- Up-to-date: /home/jetson/Algorithms/comm_node/install/interface/include/interface/msg
[0.780s] -- Up-to-date: /home/jetson/Algorithms/comm_node/install/interface/include/interface/msg/rosidl_typesupport_fastrtps_c__visibility_control.h
[0.781s] -- Up-to-date: /home/jetson/Algorithms/comm_node/install/interface/include/interface/msg/detail
[0.781s] -- Up-to-date: /home/jetson/Algorithms/comm_node/install/interface/include/interface/msg/detail/autoaim_data__rosidl_typesupport_fastrtps_c.h
[0.781s] -- Up-to-date: /home/jetson/Algorithms/comm_node/install/interface/lib/libinterface__rosidl_typesupport_fastrtps_c.so
[0.781s] -- Up-to-date: /home/jetson/Algorithms/comm_node/install/interface/include/interface
[0.781s] -- Up-to-date: /home/jetson/Algorithms/comm_node/install/interface/include/interface/msg
[0.781s] -- Up-to-date: /home/jetson/Algorithms/comm_node/install/interface/include/interface/msg/rosidl_typesupport_fastrtps_cpp__visibility_control.h
[0.782s] -- Up-to-date: /home/jetson/Algorithms/comm_node/install/interface/include/interface/msg/detail
[0.782s] -- Up-to-date: /home/jetson/Algorithms/comm_node/install/interface/include/interface/msg/detail/dds_fastrtps
[0.782s] -- Up-to-date: /home/jetson/Algorithms/comm_node/install/interface/include/interface/msg/detail/autoaim_data__rosidl_typesupport_fastrtps_cpp.hpp
[0.782s] -- Up-to-date: /home/jetson/Algorithms/comm_node/install/interface/lib/libinterface__rosidl_typesupport_fastrtps_cpp.so
[0.783s] -- Up-to-date: /home/jetson/Algorithms/comm_node/install/interface/include/interface
[0.783s] -- Up-to-date: /home/jetson/Algorithms/comm_node/install/interface/include/interface/msg
[0.783s] -- Up-to-date: /home/jetson/Algorithms/comm_node/install/interface/include/interface/msg/detail
[0.784s] -- Up-to-date: /home/jetson/Algorithms/comm_node/install/interface/include/interface/msg/detail/autoaim_data__rosidl_typesupport_introspection_c.h
[0.785s] -- Up-to-date: /home/jetson/Algorithms/comm_node/install/interface/include/interface/msg/detail/autoaim_data__type_support.c
[0.786s] -- Up-to-date: /home/jetson/Algorithms/comm_node/install/interface/include/interface/msg/rosidl_typesupport_introspection_c__visibility_control.h
[0.786s] -- Up-to-date: /home/jetson/Algorithms/comm_node/install/interface/lib/libinterface__rosidl_typesupport_introspection_c.so
[0.786s] -- Up-to-date: /home/jetson/Algorithms/comm_node/install/interface/lib/libinterface__rosidl_typesupport_c.so
[0.786s] -- Up-to-date: /home/jetson/Algorithms/comm_node/install/interface/include/interface
[0.786s] -- Up-to-date: /home/jetson/Algorithms/comm_node/install/interface/include/interface/msg
[0.786s] -- Up-to-date: /home/jetson/Algorithms/comm_node/install/interface/include/interface/msg/detail
[0.787s] -- Up-to-date: /home/jetson/Algorithms/comm_node/install/interface/include/interface/msg/detail/autoaim_data__builder.hpp
[0.787s] -- Up-to-date: /home/jetson/Algorithms/comm_node/install/interface/include/interface/msg/detail/autoaim_data__struct.hpp
[0.787s] -- Up-to-date: /home/jetson/Algorithms/comm_node/install/interface/include/interface/msg/detail/autoaim_data__traits.hpp
[0.787s] -- Up-to-date: /home/jetson/Algorithms/comm_node/install/interface/include/interface/msg/detail/autoaim_data__type_support.hpp
[0.787s] -- Up-to-date: /home/jetson/Algorithms/comm_node/install/interface/include/interface/msg/autoaim_data.hpp
[0.787s] -- Up-to-date: /home/jetson/Algorithms/comm_node/install/interface/include/interface/msg/rosidl_generator_cpp__visibility_control.hpp
[0.787s] -- Up-to-date: /home/jetson/Algorithms/comm_node/install/interface/include/interface
[0.788s] -- Up-to-date: /home/jetson/Algorithms/comm_node/install/interface/include/interface/msg
[0.788s] -- Up-to-date: /home/jetson/Algorithms/comm_node/install/interface/include/interface/msg/detail
[0.788s] -- Up-to-date: /home/jetson/Algorithms/comm_node/install/interface/include/interface/msg/detail/autoaim_data__rosidl_typesupport_introspection_cpp.hpp
[0.788s] -- Up-to-date: /home/jetson/Algorithms/comm_node/install/interface/include/interface/msg/detail/autoaim_data__type_support.cpp
[0.788s] -- Up-to-date: /home/jetson/Algorithms/comm_node/install/interface/lib/libinterface__rosidl_typesupport_introspection_cpp.so
[0.788s] -- Up-to-date: /home/jetson/Algorithms/comm_node/install/interface/lib/libinterface__rosidl_typesupport_cpp.so
[0.788s] -- Up-to-date: /home/jetson/Algorithms/comm_node/install/interface/share/interface/environment/pythonpath.sh
[0.789s] -- Up-to-date: /home/jetson/Algorithms/comm_node/install/interface/share/interface/environment/pythonpath.dsv
[0.789s] -- Up-to-date: /home/jetson/Algorithms/comm_node/install/interface/lib/python3.8/site-packages/interface/__init__.py
[0.904s] -- Up-to-date: /home/jetson/Algorithms/comm_node/install/interface/lib/python3.8/site-packages/interface/msg
[0.905s] -- Up-to-date: /home/jetson/Algorithms/comm_node/install/interface/lib/python3.8/site-packages/interface/msg/_autoaim_data_s.c
[0.905s] -- Up-to-date: /home/jetson/Algorithms/comm_node/install/interface/lib/python3.8/site-packages/interface/msg/_autoaim_data.py
[0.905s] -- Up-to-date: /home/jetson/Algorithms/comm_node/install/interface/lib/python3.8/site-packages/interface/msg/__init__.py
[0.905s] -- Up-to-date: /home/jetson/Algorithms/comm_node/install/interface/lib/python3.8/site-packages/interface/interface_s__rosidl_typesupport_fastrtps_c.cpython-38-aarch64-linux-gnu.so
[0.906s] -- Up-to-date: /home/jetson/Algorithms/comm_node/install/interface/lib/python3.8/site-packages/interface/interface_s__rosidl_typesupport_introspection_c.cpython-38-aarch64-linux-gnu.so
[0.907s] -- Up-to-date: /home/jetson/Algorithms/comm_node/install/interface/lib/python3.8/site-packages/interface/interface_s__rosidl_typesupport_c.cpython-38-aarch64-linux-gnu.so
[0.909s] -- Up-to-date: /home/jetson/Algorithms/comm_node/install/interface/lib/libinterface__python.so
[0.909s] -- Up-to-date: /home/jetson/Algorithms/comm_node/install/interface/share/interface/msg/AutoaimData.idl
[0.910s] -- Up-to-date: /home/jetson/Algorithms/comm_node/install/interface/share/interface/msg/AutoaimData.msg
[0.911s] -- Up-to-date: /home/jetson/Algorithms/comm_node/install/interface/share/ament_index/resource_index/package_run_dependencies/interface
[0.911s] -- Up-to-date: /home/jetson/Algorithms/comm_node/install/interface/share/ament_index/resource_index/parent_prefix_path/interface
[0.911s] -- Up-to-date: /home/jetson/Algorithms/comm_node/install/interface/share/interface/environment/ament_prefix_path.sh
[0.912s] -- Up-to-date: /home/jetson/Algorithms/comm_node/install/interface/share/interface/environment/ament_prefix_path.dsv
[0.912s] -- Up-to-date: /home/jetson/Algorithms/comm_node/install/interface/share/interface/environment/path.sh
[0.912s] -- Up-to-date: /home/jetson/Algorithms/comm_node/install/interface/share/interface/environment/path.dsv
[0.912s] -- Up-to-date: /home/jetson/Algorithms/comm_node/install/interface/share/interface/local_setup.bash
[0.913s] -- Up-to-date: /home/jetson/Algorithms/comm_node/install/interface/share/interface/local_setup.sh
[0.913s] -- Up-to-date: /home/jetson/Algorithms/comm_node/install/interface/share/interface/local_setup.zsh
[0.913s] -- Up-to-date: /home/jetson/Algorithms/comm_node/install/interface/share/interface/local_setup.dsv
[0.913s] -- Installing: /home/jetson/Algorithms/comm_node/install/interface/share/interface/package.dsv
[0.914s] -- Up-to-date: /home/jetson/Algorithms/comm_node/install/interface/share/ament_index/resource_index/packages/interface
[0.914s] -- Up-to-date: /home/jetson/Algorithms/comm_node/install/interface/share/interface/cmake/interface__rosidl_generator_cExport.cmake
[0.914s] -- Up-to-date: /home/jetson/Algorithms/comm_node/install/interface/share/interface/cmake/interface__rosidl_generator_cExport-noconfig.cmake
[0.915s] -- Up-to-date: /home/jetson/Algorithms/comm_node/install/interface/share/interface/cmake/interface__rosidl_typesupport_introspection_cExport.cmake
[0.916s] -- Up-to-date: /home/jetson/Algorithms/comm_node/install/interface/share/interface/cmake/interface__rosidl_typesupport_introspection_cExport-noconfig.cmake
[0.916s] -- Up-to-date: /home/jetson/Algorithms/comm_node/install/interface/share/interface/cmake/interface__rosidl_typesupport_cExport.cmake
[0.917s] -- Up-to-date: /home/jetson/Algorithms/comm_node/install/interface/share/interface/cmake/interface__rosidl_typesupport_cExport-noconfig.cmake
[0.917s] -- Up-to-date: /home/jetson/Algorithms/comm_node/install/interface/share/interface/cmake/interface__rosidl_generator_cppExport.cmake
[0.917s] -- Up-to-date: /home/jetson/Algorithms/comm_node/install/interface/share/interface/cmake/interface__rosidl_typesupport_introspection_cppExport.cmake
[0.918s] -- Up-to-date: /home/jetson/Algorithms/comm_node/install/interface/share/interface/cmake/interface__rosidl_typesupport_introspection_cppExport-noconfig.cmake
[0.918s] -- Up-to-date: /home/jetson/Algorithms/comm_node/install/interface/share/interface/cmake/interface__rosidl_typesupport_cppExport.cmake
[0.919s] -- Up-to-date: /home/jetson/Algorithms/comm_node/install/interface/share/interface/cmake/interface__rosidl_typesupport_cppExport-noconfig.cmake
[0.919s] -- Up-to-date: /home/jetson/Algorithms/comm_node/install/interface/share/interface/cmake/rosidl_cmake-extras.cmake
[0.921s] -- Up-to-date: /home/jetson/Algorithms/comm_node/install/interface/share/interface/cmake/ament_cmake_export_dependencies-extras.cmake
[0.921s] -- Up-to-date: /home/jetson/Algorithms/comm_node/install/interface/share/interface/cmake/ament_cmake_export_libraries-extras.cmake
[0.921s] -- Up-to-date: /home/jetson/Algorithms/comm_node/install/interface/share/interface/cmake/ament_cmake_export_targets-extras.cmake
[0.921s] -- Up-to-date: /home/jetson/Algorithms/comm_node/install/interface/share/interface/cmake/ament_cmake_export_include_directories-extras.cmake
[0.921s] -- Up-to-date: /home/jetson/Algorithms/comm_node/install/interface/share/interface/cmake/rosidl_cmake_export_typesupport_libraries-extras.cmake
[0.921s] -- Up-to-date: /home/jetson/Algorithms/comm_node/install/interface/share/interface/cmake/rosidl_cmake_export_typesupport_targets-extras.cmake
[0.921s] -- Up-to-date: /home/jetson/Algorithms/comm_node/install/interface/share/interface/cmake/interfaceConfig.cmake
[0.922s] -- Up-to-date: /home/jetson/Algorithms/comm_node/install/interface/share/interface/cmake/interfaceConfig-version.cmake
[0.922s] -- Up-to-date: /home/jetson/Algorithms/comm_node/install/interface/share/interface/package.xml
[0.939s] Invoked command in '/home/jetson/Algorithms/comm_node/build/interface' returned '0': CMAKE_PREFIX_PATH=/home/jetson/Algorithms/comm_node/install/comm_node:/opt/ros/foxy:${CMAKE_PREFIX_PATH} /usr/bin/cmake --install /home/jetson/Algorithms/comm_node/build/interface
