[3.039s] Invoking command in '/home/jetson/Algorithms/comm_node/src/comm_node': CMAKE_PREFIX_PATH=/home/jetson/Algorithms/comm_node/install/interface:/home/jetson/yahboomcar_ws/devel:/home/jetson/software/library_ws/devel LD_LIBRARY_PATH=/home/jetson/Algorithms/comm_node/install/interface/lib:/opt/ros/foxy/opt/yaml_cpp_vendor/lib:/opt/ros/foxy/opt/rviz_ogre_vendor/lib:/opt/ros/foxy/lib/aarch64-linux-gnu:/opt/ros/foxy/lib:/home/jetson/yahboomcar_ws/devel/lib:/home/jetson/software/library_ws/devel/lib:/usr/local/cuda-11.4/lib64 PYTHONPATH=/home/jetson/Algorithms/comm_node/build/comm_node/prefix_override:/usr/lib/python3/dist-packages/colcon_core/task/python/colcon_distutils_commands:/home/jetson/Algorithms/comm_node/install/comm_node/lib/python3.8/site-packages:/home/jetson/Algorithms/comm_node/install/interface/lib/python3.8/site-packages:/home/jetson/Algorithms/comm_node/install/comm_node/lib/python3.8/site-packages:/home/jetson/yahboomcar_ws/devel/lib/python3/dist-packages:/home/jetson/software/library_ws/devel/lib/python3/dist-packages:/opt/ros/foxy/lib/python3.8/site-packages /usr/bin/python3 -W ignore:setup.py install is deprecated -W ignore:easy_install command is deprecated setup.py egg_info --egg-base ../../build/comm_node build --build-base /home/jetson/Algorithms/comm_node/build/comm_node/build install --record /home/jetson/Algorithms/comm_node/build/comm_node/install.log --single-version-externally-managed install_data
[4.192s] running egg_info
[4.238s] writing ../../build/comm_node/comm_node.egg-info/PKG-INFO
[4.239s] writing dependency_links to ../../build/comm_node/comm_node.egg-info/dependency_links.txt
[4.240s] writing entry points to ../../build/comm_node/comm_node.egg-info/entry_points.txt
[4.240s] writing requirements to ../../build/comm_node/comm_node.egg-info/requires.txt
[4.240s] writing top-level names to ../../build/comm_node/comm_node.egg-info/top_level.txt
[4.363s] reading manifest file '../../build/comm_node/comm_node.egg-info/SOURCES.txt'
[4.366s] writing manifest file '../../build/comm_node/comm_node.egg-info/SOURCES.txt'
[4.366s] running build
[4.366s] running build_py
[4.367s] copying comm_node/comm_node.py -> /home/jetson/Algorithms/comm_node/build/comm_node/build/lib/comm_node
[4.368s] running install
[4.380s] running install_lib
[4.423s] copying /home/jetson/Algorithms/comm_node/build/comm_node/build/lib/comm_node/comm_node.py -> /home/jetson/Algorithms/comm_node/install/comm_node/lib/python3.8/site-packages/comm_node
[4.434s] byte-compiling /home/jetson/Algorithms/comm_node/install/comm_node/lib/python3.8/site-packages/comm_node/comm_node.py to comm_node.cpython-38.pyc
[4.434s] running install_data
[4.434s] running install_egg_info
[4.477s] removing '/home/jetson/Algorithms/comm_node/install/comm_node/lib/python3.8/site-packages/comm_node-0.0.0-py3.8.egg-info' (and everything under it)
[4.477s] Copying ../../build/comm_node/comm_node.egg-info to /home/jetson/Algorithms/comm_node/install/comm_node/lib/python3.8/site-packages/comm_node-0.0.0-py3.8.egg-info
[4.478s] running install_scripts
[4.640s] Installing comm_node script to /home/jetson/Algorithms/comm_node/install/comm_node/lib/comm_node
[4.642s] writing list of installed files to '/home/jetson/Algorithms/comm_node/build/comm_node/install.log'
[4.819s] Invoked command in '/home/jetson/Algorithms/comm_node/src/comm_node' returned '0': CMAKE_PREFIX_PATH=/home/jetson/Algorithms/comm_node/install/interface:/home/jetson/yahboomcar_ws/devel:/home/jetson/software/library_ws/devel LD_LIBRARY_PATH=/home/jetson/Algorithms/comm_node/install/interface/lib:/opt/ros/foxy/opt/yaml_cpp_vendor/lib:/opt/ros/foxy/opt/rviz_ogre_vendor/lib:/opt/ros/foxy/lib/aarch64-linux-gnu:/opt/ros/foxy/lib:/home/jetson/yahboomcar_ws/devel/lib:/home/jetson/software/library_ws/devel/lib:/usr/local/cuda-11.4/lib64 PYTHONPATH=/home/jetson/Algorithms/comm_node/build/comm_node/prefix_override:/usr/lib/python3/dist-packages/colcon_core/task/python/colcon_distutils_commands:/home/jetson/Algorithms/comm_node/install/comm_node/lib/python3.8/site-packages:/home/jetson/Algorithms/comm_node/install/interface/lib/python3.8/site-packages:/home/jetson/Algorithms/comm_node/install/comm_node/lib/python3.8/site-packages:/home/jetson/yahboomcar_ws/devel/lib/python3/dist-packages:/home/jetson/software/library_ws/devel/lib/python3/dist-packages:/opt/ros/foxy/lib/python3.8/site-packages /usr/bin/python3 -W ignore:setup.py install is deprecated -W ignore:easy_install command is deprecated setup.py egg_info --egg-base ../../build/comm_node build --build-base /home/jetson/Algorithms/comm_node/build/comm_node/build install --record /home/jetson/Algorithms/comm_node/build/comm_node/install.log --single-version-externally-managed install_data
