[0.665s] Invoking command in '/home/amwhisper/ros/workspace/comm_ws/src/comm_node': CMAKE_PREFIX_PATH=/home/amwhisper/ros/workspace/comm_ws/install/interface LD_LIBRARY_PATH=/home/amwhisper/ros/workspace/comm_ws/install/interface/lib:${LD_LIBRARY_PATH} PYTHONPATH=/home/amwhisper/ros/workspace/comm_ws/build/comm_node/prefix_override:/usr/lib/python3/dist-packages/colcon_core/task/python/colcon_distutils_commands:/home/amwhisper/ros/workspace/comm_ws/install/comm_node/lib/python3.10/site-packages:/home/amwhisper/ros/workspace/comm_ws/install/interface/local/lib/python3.10/dist-packages:${PYTHONPATH} /usr/bin/python3 -W ignore:setup.py install is deprecated setup.py egg_info --egg-base ../../build/comm_node build --build-base /home/amwhisper/ros/workspace/comm_ws/build/comm_node/build install --record /home/amwhisper/ros/workspace/comm_ws/build/comm_node/install.log --single-version-externally-managed install_data
[0.838s] running egg_info
[0.839s] writing ../../build/comm_node/comm_node.egg-info/PKG-INFO
[0.839s] writing dependency_links to ../../build/comm_node/comm_node.egg-info/dependency_links.txt
[0.839s] writing entry points to ../../build/comm_node/comm_node.egg-info/entry_points.txt
[0.840s] writing requirements to ../../build/comm_node/comm_node.egg-info/requires.txt
[0.840s] writing top-level names to ../../build/comm_node/comm_node.egg-info/top_level.txt
[0.840s] reading manifest file '../../build/comm_node/comm_node.egg-info/SOURCES.txt'
[0.841s] writing manifest file '../../build/comm_node/comm_node.egg-info/SOURCES.txt'
[0.841s] running build
[0.841s] running build_py
[0.842s] copying comm_node/comm_node.py -> /home/amwhisper/ros/workspace/comm_ws/build/comm_node/build/lib/comm_node
[0.842s] running install
[0.842s] running install_lib
[0.843s] copying /home/amwhisper/ros/workspace/comm_ws/build/comm_node/build/lib/comm_node/comm_node.py -> /home/amwhisper/ros/workspace/comm_ws/install/comm_node/lib/python3.10/site-packages/comm_node
[0.843s] byte-compiling /home/amwhisper/ros/workspace/comm_ws/install/comm_node/lib/python3.10/site-packages/comm_node/comm_node.py to comm_node.cpython-310.pyc
[0.844s] running install_data
[0.844s] copying package.xml -> /home/amwhisper/ros/workspace/comm_ws/install/comm_node/share/comm_node
[0.844s] running install_egg_info
[0.846s] removing '/home/amwhisper/ros/workspace/comm_ws/install/comm_node/lib/python3.10/site-packages/comm_node-0.0.0-py3.10.egg-info' (and everything under it)
[0.846s] Copying ../../build/comm_node/comm_node.egg-info to /home/amwhisper/ros/workspace/comm_ws/install/comm_node/lib/python3.10/site-packages/comm_node-0.0.0-py3.10.egg-info
[0.846s] running install_scripts
[0.864s] Installing comm_node script to /home/amwhisper/ros/workspace/comm_ws/install/comm_node/lib/comm_node
[0.864s] writing list of installed files to '/home/amwhisper/ros/workspace/comm_ws/build/comm_node/install.log'
[0.883s] Invoked command in '/home/amwhisper/ros/workspace/comm_ws/src/comm_node' returned '0': CMAKE_PREFIX_PATH=/home/amwhisper/ros/workspace/comm_ws/install/interface LD_LIBRARY_PATH=/home/amwhisper/ros/workspace/comm_ws/install/interface/lib:${LD_LIBRARY_PATH} PYTHONPATH=/home/amwhisper/ros/workspace/comm_ws/build/comm_node/prefix_override:/usr/lib/python3/dist-packages/colcon_core/task/python/colcon_distutils_commands:/home/amwhisper/ros/workspace/comm_ws/install/comm_node/lib/python3.10/site-packages:/home/amwhisper/ros/workspace/comm_ws/install/interface/local/lib/python3.10/dist-packages:${PYTHONPATH} /usr/bin/python3 -W ignore:setup.py install is deprecated setup.py egg_info --egg-base ../../build/comm_node build --build-base /home/amwhisper/ros/workspace/comm_ws/build/comm_node/build install --record /home/amwhisper/ros/workspace/comm_ws/build/comm_node/install.log --single-version-externally-managed install_data
