running egg_info
creating ../../build/comm_node/comm_node.egg-info
writing ../../build/comm_node/comm_node.egg-info/PKG-INFO
writing dependency_links to ../../build/comm_node/comm_node.egg-info/dependency_links.txt
writing entry points to ../../build/comm_node/comm_node.egg-info/entry_points.txt
writing requirements to ../../build/comm_node/comm_node.egg-info/requires.txt
writing top-level names to ../../build/comm_node/comm_node.egg-info/top_level.txt
writing manifest file '../../build/comm_node/comm_node.egg-info/SOURCES.txt'
reading manifest file '../../build/comm_node/comm_node.egg-info/SOURCES.txt'
writing manifest file '../../build/comm_node/comm_node.egg-info/SOURCES.txt'
running build
running build_py
creating /home/amwhisper/ros/workspace/comm_ws/build/comm_node/build
creating /home/amwhisper/ros/workspace/comm_ws/build/comm_node/build/lib
creating /home/amwhisper/ros/workspace/comm_ws/build/comm_node/build/lib/comm_node
copying comm_node/pack.py -> /home/amwhisper/ros/workspace/comm_ws/build/comm_node/build/lib/comm_node
copying comm_node/__init__.py -> /home/amwhisper/ros/workspace/comm_ws/build/comm_node/build/lib/comm_node
copying comm_node/comm_node.py -> /home/amwhisper/ros/workspace/comm_ws/build/comm_node/build/lib/comm_node
running install
running install_lib
creating /home/amwhisper/ros/workspace/comm_ws/install/comm_node/lib/python3.10/site-packages/comm_node
copying /home/amwhisper/ros/workspace/comm_ws/build/comm_node/build/lib/comm_node/pack.py -> /home/amwhisper/ros/workspace/comm_ws/install/comm_node/lib/python3.10/site-packages/comm_node
copying /home/amwhisper/ros/workspace/comm_ws/build/comm_node/build/lib/comm_node/__init__.py -> /home/amwhisper/ros/workspace/comm_ws/install/comm_node/lib/python3.10/site-packages/comm_node
copying /home/amwhisper/ros/workspace/comm_ws/build/comm_node/build/lib/comm_node/comm_node.py -> /home/amwhisper/ros/workspace/comm_ws/install/comm_node/lib/python3.10/site-packages/comm_node
byte-compiling /home/amwhisper/ros/workspace/comm_ws/install/comm_node/lib/python3.10/site-packages/comm_node/pack.py to pack.cpython-310.pyc
byte-compiling /home/amwhisper/ros/workspace/comm_ws/install/comm_node/lib/python3.10/site-packages/comm_node/__init__.py to __init__.cpython-310.pyc
byte-compiling /home/amwhisper/ros/workspace/comm_ws/install/comm_node/lib/python3.10/site-packages/comm_node/comm_node.py to comm_node.cpython-310.pyc
running install_data
creating /home/amwhisper/ros/workspace/comm_ws/install/comm_node/share/ament_index
creating /home/amwhisper/ros/workspace/comm_ws/install/comm_node/share/ament_index/resource_index
creating /home/amwhisper/ros/workspace/comm_ws/install/comm_node/share/ament_index/resource_index/packages
copying resource/comm_node -> /home/amwhisper/ros/workspace/comm_ws/install/comm_node/share/ament_index/resource_index/packages
copying package.xml -> /home/amwhisper/ros/workspace/comm_ws/install/comm_node/share/comm_node
creating /home/amwhisper/ros/workspace/comm_ws/install/comm_node/share/comm_node/msg
copying comm_node/msg/AutoaimData.msg -> /home/amwhisper/ros/workspace/comm_ws/install/comm_node/share/comm_node/msg
running install_egg_info
Copying ../../build/comm_node/comm_node.egg-info to /home/amwhisper/ros/workspace/comm_ws/install/comm_node/lib/python3.10/site-packages/comm_node-0.0.0-py3.10.egg-info
running install_scripts
Installing comm_node script to /home/amwhisper/ros/workspace/comm_ws/install/comm_node/lib/comm_node
writing list of installed files to '/home/amwhisper/ros/workspace/comm_ws/build/comm_node/install.log'
