[0.470s] Invoking command in '/home/amwhisper/ros/workspace/comm_ws/src/comm_node': PYTHONPATH=/home/amwhisper/ros/workspace/comm_ws/build/comm_node/prefix_override:/usr/lib/python3/dist-packages/colcon_core/task/python/colcon_distutils_commands:/home/amwhisper/ros/workspace/comm_ws/install/comm_node/lib/python3.10/site-packages:${PYTHONPATH} /usr/bin/python3 -W ignore:setup.py install is deprecated setup.py egg_info --egg-base ../../build/comm_node build --build-base /home/amwhisper/ros/workspace/comm_ws/build/comm_node/build install --record /home/amwhisper/ros/workspace/comm_ws/build/comm_node/install.log --single-version-externally-managed install_data
[0.643s] running egg_info
[0.644s] creating ../../build/comm_node/comm_node.egg-info
[0.644s] writing ../../build/comm_node/comm_node.egg-info/PKG-INFO
[0.644s] writing dependency_links to ../../build/comm_node/comm_node.egg-info/dependency_links.txt
[0.644s] writing entry points to ../../build/comm_node/comm_node.egg-info/entry_points.txt
[0.644s] writing requirements to ../../build/comm_node/comm_node.egg-info/requires.txt
[0.644s] writing top-level names to ../../build/comm_node/comm_node.egg-info/top_level.txt
[0.644s] writing manifest file '../../build/comm_node/comm_node.egg-info/SOURCES.txt'
[0.645s] reading manifest file '../../build/comm_node/comm_node.egg-info/SOURCES.txt'
[0.646s] writing manifest file '../../build/comm_node/comm_node.egg-info/SOURCES.txt'
[0.646s] running build
[0.646s] running build_py
[0.646s] creating /home/amwhisper/ros/workspace/comm_ws/build/comm_node/build
[0.646s] creating /home/amwhisper/ros/workspace/comm_ws/build/comm_node/build/lib
[0.646s] creating /home/amwhisper/ros/workspace/comm_ws/build/comm_node/build/lib/comm_node
[0.646s] copying comm_node/pack.py -> /home/amwhisper/ros/workspace/comm_ws/build/comm_node/build/lib/comm_node
[0.646s] copying comm_node/__init__.py -> /home/amwhisper/ros/workspace/comm_ws/build/comm_node/build/lib/comm_node
[0.646s] copying comm_node/comm_node.py -> /home/amwhisper/ros/workspace/comm_ws/build/comm_node/build/lib/comm_node
[0.647s] running install
[0.648s] running install_lib
[0.648s] creating /home/amwhisper/ros/workspace/comm_ws/install/comm_node/lib/python3.10/site-packages/comm_node
[0.648s] copying /home/amwhisper/ros/workspace/comm_ws/build/comm_node/build/lib/comm_node/pack.py -> /home/amwhisper/ros/workspace/comm_ws/install/comm_node/lib/python3.10/site-packages/comm_node
[0.648s] copying /home/amwhisper/ros/workspace/comm_ws/build/comm_node/build/lib/comm_node/__init__.py -> /home/amwhisper/ros/workspace/comm_ws/install/comm_node/lib/python3.10/site-packages/comm_node
[0.648s] copying /home/amwhisper/ros/workspace/comm_ws/build/comm_node/build/lib/comm_node/comm_node.py -> /home/amwhisper/ros/workspace/comm_ws/install/comm_node/lib/python3.10/site-packages/comm_node
[0.648s] byte-compiling /home/amwhisper/ros/workspace/comm_ws/install/comm_node/lib/python3.10/site-packages/comm_node/pack.py to pack.cpython-310.pyc
[0.649s] byte-compiling /home/amwhisper/ros/workspace/comm_ws/install/comm_node/lib/python3.10/site-packages/comm_node/__init__.py to __init__.cpython-310.pyc
[0.649s] byte-compiling /home/amwhisper/ros/workspace/comm_ws/install/comm_node/lib/python3.10/site-packages/comm_node/comm_node.py to comm_node.cpython-310.pyc
[0.649s] running install_data
[0.649s] creating /home/amwhisper/ros/workspace/comm_ws/install/comm_node/share/ament_index
[0.650s] creating /home/amwhisper/ros/workspace/comm_ws/install/comm_node/share/ament_index/resource_index
[0.650s] creating /home/amwhisper/ros/workspace/comm_ws/install/comm_node/share/ament_index/resource_index/packages
[0.650s] copying resource/comm_node -> /home/amwhisper/ros/workspace/comm_ws/install/comm_node/share/ament_index/resource_index/packages
[0.650s] copying package.xml -> /home/amwhisper/ros/workspace/comm_ws/install/comm_node/share/comm_node
[0.650s] creating /home/amwhisper/ros/workspace/comm_ws/install/comm_node/share/comm_node/msg
[0.650s] copying comm_node/msg/AutoaimData.msg -> /home/amwhisper/ros/workspace/comm_ws/install/comm_node/share/comm_node/msg
[0.650s] running install_egg_info
[0.651s] Copying ../../build/comm_node/comm_node.egg-info to /home/amwhisper/ros/workspace/comm_ws/install/comm_node/lib/python3.10/site-packages/comm_node-0.0.0-py3.10.egg-info
[0.652s] running install_scripts
[0.669s] Installing comm_node script to /home/amwhisper/ros/workspace/comm_ws/install/comm_node/lib/comm_node
[0.669s] writing list of installed files to '/home/amwhisper/ros/workspace/comm_ws/build/comm_node/install.log'
[0.686s] Invoked command in '/home/amwhisper/ros/workspace/comm_ws/src/comm_node' returned '0': PYTHONPATH=/home/amwhisper/ros/workspace/comm_ws/build/comm_node/prefix_override:/usr/lib/python3/dist-packages/colcon_core/task/python/colcon_distutils_commands:/home/amwhisper/ros/workspace/comm_ws/install/comm_node/lib/python3.10/site-packages:${PYTHONPATH} /usr/bin/python3 -W ignore:setup.py install is deprecated setup.py egg_info --egg-base ../../build/comm_node build --build-base /home/amwhisper/ros/workspace/comm_ws/build/comm_node/build install --record /home/amwhisper/ros/workspace/comm_ws/build/comm_node/install.log --single-version-externally-managed install_data
