[0.818s] Invoking command in '/home/amwhisper/ros/workspace/comm_ws/src/comm_node': AMENT_PREFIX_PATH=/home/amwhisper/ros/workspace/comm_ws/install/interface:${AMENT_PREFIX_PATH} CMAKE_PREFIX_PATH=/home/amwhisper/ros/workspace/comm_ws/install/interface LD_LIBRARY_PATH=/home/amwhisper/ros/workspace/comm_ws/install/interface/lib:${LD_LIBRARY_PATH} PYTHONPATH=/home/amwhisper/ros/workspace/comm_ws/build/comm_node/prefix_override:/usr/lib/python3/dist-packages/colcon_core/task/python/colcon_distutils_commands:/home/amwhisper/ros/workspace/comm_ws/install/comm_node/lib/python3.10/site-packages:/home/amwhisper/ros/workspace/comm_ws/install/interface/local/lib/python3.10/dist-packages:${PYTHONPATH} /usr/bin/python3 -W ignore:setup.py install is deprecated setup.py egg_info --egg-base ../../build/comm_node build --build-base /home/amwhisper/ros/workspace/comm_ws/build/comm_node/build install --record /home/amwhisper/ros/workspace/comm_ws/build/comm_node/install.log --single-version-externally-managed install_data
[1.048s] running egg_info
[1.048s] writing ../../build/comm_node/comm_node.egg-info/PKG-INFO
[1.048s] writing dependency_links to ../../build/comm_node/comm_node.egg-info/dependency_links.txt
[1.048s] writing entry points to ../../build/comm_node/comm_node.egg-info/entry_points.txt
[1.048s] writing requirements to ../../build/comm_node/comm_node.egg-info/requires.txt
[1.048s] writing top-level names to ../../build/comm_node/comm_node.egg-info/top_level.txt
[1.049s] reading manifest file '../../build/comm_node/comm_node.egg-info/SOURCES.txt'
[1.050s] writing manifest file '../../build/comm_node/comm_node.egg-info/SOURCES.txt'
[1.050s] running build
[1.050s] running build_py
[1.050s] copying comm_node/comm_node.py -> /home/amwhisper/ros/workspace/comm_ws/build/comm_node/build/lib/comm_node
[1.050s] running install
[1.051s] running install_lib
[1.052s] copying /home/amwhisper/ros/workspace/comm_ws/build/comm_node/build/lib/comm_node/comm_node.py -> /home/amwhisper/ros/workspace/comm_ws/install/comm_node/lib/python3.10/site-packages/comm_node
[1.052s] byte-compiling /home/amwhisper/ros/workspace/comm_ws/install/comm_node/lib/python3.10/site-packages/comm_node/comm_node.py to comm_node.cpython-310.pyc
[1.053s] running install_data
[1.053s] running install_egg_info
[1.055s] removing '/home/amwhisper/ros/workspace/comm_ws/install/comm_node/lib/python3.10/site-packages/comm_node-0.0.0-py3.10.egg-info' (and everything under it)
[1.058s] Copying ../../build/comm_node/comm_node.egg-info to /home/amwhisper/ros/workspace/comm_ws/install/comm_node/lib/python3.10/site-packages/comm_node-0.0.0-py3.10.egg-info
[1.060s] running install_scripts
[1.088s] Installing comm_node script to /home/amwhisper/ros/workspace/comm_ws/install/comm_node/lib/comm_node
[1.089s] writing list of installed files to '/home/amwhisper/ros/workspace/comm_ws/build/comm_node/install.log'
[1.108s] Invoked command in '/home/amwhisper/ros/workspace/comm_ws/src/comm_node' returned '0': AMENT_PREFIX_PATH=/home/amwhisper/ros/workspace/comm_ws/install/interface:${AMENT_PREFIX_PATH} CMAKE_PREFIX_PATH=/home/amwhisper/ros/workspace/comm_ws/install/interface LD_LIBRARY_PATH=/home/amwhisper/ros/workspace/comm_ws/install/interface/lib:${LD_LIBRARY_PATH} PYTHONPATH=/home/amwhisper/ros/workspace/comm_ws/build/comm_node/prefix_override:/usr/lib/python3/dist-packages/colcon_core/task/python/colcon_distutils_commands:/home/amwhisper/ros/workspace/comm_ws/install/comm_node/lib/python3.10/site-packages:/home/amwhisper/ros/workspace/comm_ws/install/interface/local/lib/python3.10/dist-packages:${PYTHONPATH} /usr/bin/python3 -W ignore:setup.py install is deprecated setup.py egg_info --egg-base ../../build/comm_node build --build-base /home/amwhisper/ros/workspace/comm_ws/build/comm_node/build install --record /home/amwhisper/ros/workspace/comm_ws/build/comm_node/install.log --single-version-externally-managed install_data
